#
# A fatal error has been detected by the Java Runtime Environment:
#
#  SIGSEGV (0xb) at pc=0x0000000000000000, pid=30736, tid=140541474535168
#
# JRE version: OpenJDK Runtime Environment (7.0_85-b01) (build 1.7.0_85-b01)
# Java VM: OpenJDK 64-Bit Server VM (24.85-b03 mixed mode linux-amd64 compressed oops)
# Derivative: IcedTea 2.6.1
# Distribution: Ubuntu 14.04 LTS, package 7u85-2.6.1-5ubuntu0.14.04.1
# Problematic frame:
# C  0x0000000000000000
#
# Failed to write core dump. Core dumps have been disabled. To enable core dumping, try "ulimit -c unlimited" before starting Java again
#
# If you would like to submit a bug report, please include
# instructions on how to reproduce the bug and visit:
#   http://icedtea.classpath.org/bugzilla
# The crash happened outside the Java Virtual Machine in native code.
# See problematic frame for where to report the bug.
#

---------------  T H R E A D  ---------------

Current thread (0x00007fd294440800):  JavaThread "AWT-EventQueue-0" [_thread_in_native, id=30778, stack(0x00007fd25c9a7000,0x00007fd25caa8000)]

siginfo:si_signo=SIGSEGV: si_errno=0, si_code=1 (SEGV_MAPERR), si_addr=0x0000000000000000

Registers:
RAX=0x00007fd25caa4260, RBX=0x0000000000000001, RCX=0x0000000000000000, RDX=0x0000000000000000
RSP=0x00007fd25caa4238, RBP=0x00007fd210184460, RSI=0x00007fd20e6574d0, RDI=0x00007fd21c5d0970
R8 =0x0000000000000000, R9 =0x0000000000000000, R10=0x0000000000000000, R11=0x0000000000000000
R12=0x0000000000000000, R13=0x0000000000000000, R14=0x0000000000000001, R15=0x00007fd25caa46c0
RIP=0x0000000000000000, EFLAGS=0x0000000000010206, CSGSFS=0x0000000000000033, ERR=0x0000000000000014
  TRAPNO=0x000000000000000e

Top of Stack: (sp=0x00007fd25caa4238)
0x00007fd25caa4238:   00007fd20de5abd6 00007fd25caa438c
0x00007fd25caa4248:   0e8942bb00000004 0000000000000001
0x00007fd25caa4258:   00007fd25c7a33d7 0000000000000000
0x00007fd25caa4268:   0000000000000000 0000000000000000
0x00007fd25caa4278:   0000000000000000 0000000000000000
0x00007fd25caa4288:   0000000000000000 0000000000000000
0x00007fd25caa4298:   0000000000000000 0000000000000000
0x00007fd25caa42a8:   0000000000000000 0000000000000000
0x00007fd25caa42b8:   0000000000000000 0000000000000000
0x00007fd25caa42c8:   0000000000000000 0000000000000000
0x00007fd25caa42d8:   0000000000000000 0000000000000000
0x00007fd25caa42e8:   0000000000000000 0000000000000000
0x00007fd25caa42f8:   0000000000000000 0000000000000000
0x00007fd25caa4308:   0000000000000000 0000000000000000
0x00007fd25caa4318:   0000000000000000 0000000000000000
0x00007fd25caa4328:   0000000000000000 0000000000000000
0x00007fd25caa4338:   0000000000000000 0000000000000000
0x00007fd25caa4348:   0000000000000000 0000000000000000
0x00007fd25caa4358:   0000000000000000 0000000000000000
0x00007fd25caa4368:   00007fd26d9db311 00007fd210184460
0x00007fd25caa4378:   00007fd210002e70 00007fd21c5d0970
0x00007fd25caa4388:   000000041c6cc8b0 00000000000084d5
0x00007fd25caa4398:   00007fd210001bb0 00007fd210002e70
0x00007fd25caa43a8:   00007fd25caa46c0 00007fd21c571740
0x00007fd25caa43b8:   00007fd21c006060 00007fd21c571740
0x00007fd25caa43c8:   00007fd20de53b06 0000000000000004
0x00007fd25caa43d8:   00007fd2103fb300 0000000000000000
0x00007fd25caa43e8:   00007fd2103fb318 0000000000000000
0x00007fd25caa43f8:   00007fd2103fb300 00007fd25caa4478
0x00007fd25caa4408:   00007fd26d9dc16c 00000000000084d5
0x00007fd25caa4418:   00007fd210184460 00007fd21c6cc310
0x00007fd25caa4428:   00007fd21c6cc310 00007fd21c6cc8b0 

Instructions: (pc=0x0000000000000000)
0xffffffffffffffe0:   

Register to memory mapping:

RAX=0x00007fd25caa4260 is pointing into the stack for thread: 0x00007fd294440800
RBX=0x0000000000000001 is an unknown value
RCX=0x0000000000000000 is an unknown value
