#
# A fatal error has been detected by the Java Runtime Environment:
#
#  SIGSEGV (0xb) at pc=0x00007ffa46dbeb31, pid=2437, tid=140713443915520
#
# JRE version: OpenJDK Runtime Environment (7.0_85-b01) (build 1.7.0_85-b01)
# Java VM: OpenJDK 64-Bit Server VM (24.85-b03 mixed mode linux-amd64 compressed oops)
# Derivative: IcedTea 2.6.1
# Distribution: Ubuntu 14.04 LTS, package 7u85-2.6.1-5ubuntu0.14.04.1
# Problematic frame:
# C  [fglrx_dri.so+0x161eb31]
#
# Failed to write core dump. Core dumps have been disabled. To enable core dumping, try "ulimit -c unlimited" before starting Java again
#
# If you would like to submit a bug report, please include
# instructions on how to reproduce the bug and visit:
#   http://icedtea.classpath.org/bugzilla
# The crash happened outside the Java Virtual Machine in native code.
# See problematic frame for where to report the bug.
#

---------------  T H R E A D  ---------------

Current thread (0x00007ffac03df000):  JavaThread "AWT-EventQueue-0" [_thread_in_native, id=2473, stack(0x00007ffa66c6f000,0x00007ffa66d70000)]

siginfo:si_signo=SIGSEGV: si_errno=0, si_code=1 (SEGV_MAPERR), si_addr=0x0000000000000000

Registers:
RAX=0x0000000000000001, RBX=0x00007ffa486b7680, RCX=0x0000000000000000, RDX=0x0000000000000000
RSP=0x00007ffa66d6bae0, RBP=0x0000000000000000, RSI=0x0000000000000000, RDI=0x0000000000000000
R8 =0x0000000000000000, R9 =0x00007ffa54626540, R10=0x0000000000000000, R11=0x0000000000000000
R12=0x0000000000000000, R13=0x0000000000000000, R14=0x00007ffa486abb60, R15=0x0000000000000000
RIP=0x00007ffa46dbeb31, EFLAGS=0x0000000000010202, CSGSFS=0x0000000000000033, ERR=0x0000000000000004
  TRAPNO=0x000000000000000e

Top of Stack: (sp=0x00007ffa66d6bae0)
0x00007ffa66d6bae0:   0000000100000000 00007ffa487a55a8
0x00007ffa66d6baf0:   00007ffa486b7680 0000000000000000
0x00007ffa66d6bb00:   0000000000000000 0000000000000000
0x00007ffa66d6bb10:   0000000000000000 00007ffa46dbebe7
0x00007ffa66d6bb20:   0000000000000000 00007ffa54572dd0
0x00007ffa66d6bb30:   00007ffa545708e0 0000000000000001
0x00007ffa66d6bb40:   0000000000000b24 0000000000000000
0x00007ffa66d6bb50:   00007ffa486b7680 00007ffa469a1037
0x00007ffa66d6bb60:   0000000100000000 00007ffa4875a140
0x00007ffa66d6bb70:   00007ffa486ad860 0000000000000000
0x00007ffa66d6bb80:   0000000000000000 0000000000000000
0x00007ffa66d6bb90:   00007ffa486ad860 00007ffa45b5b32b
0x00007ffa66d6bba0:   0000000000000000 00007ffa48783540
0x00007ffa66d6bbb0:   00007ffa47f7a308 00007ffa4875a140
0x00007ffa66d6bbc0:   00007ffa48783540 00007ffa47f7a308
0x00007ffa66d6bbd0:   00007ffa4875a140 00007ffa45cbffce
0x00007ffa66d6bbe0:   0000000000000000 00007ffa4875a140
0x00007ffa66d6bbf0:   00007ffa54003360 00007ffa486ad860
0x00007ffa66d6bc00:   00007ffa47f7a300 0000000000000000
0x00007ffa66d6bc10:   0000000000000000 00007ffa45ccb2b2
0x00007ffa66d6bc20:   0000000000000000 00007ffa545723d0
0x00007ffa66d6bc30:   00007ffa4802d850 0000000000000001
0x00007ffa66d6bc40:   0000000000000b24 00007ffa47f6ee88
0x00007ffa66d6bc50:   0000000000000000 0000000000000000
0x00007ffa66d6bc60:   0000000000000000 00007ffa47f7a308
0x00007ffa66d6bc70:   00007ffa54003360 0000000000000000
0x00007ffa66d6bc80:   00007ffa486ad860 0000000000000000
0x00007ffa66d6bc90:   0000000000000a92 00007ffa46998668
0x00007ffa66d6bca0:   0000000000000a92 00007ffa0000000a
0x00007ffa66d6bcb0:   00007ffac03df000 00007ffafd662700
0x00007ffa66d6bcc0:   00007ffa80001ef0 00007ffa80001f70
0x00007ffa66d6bcd0:   00007ffa800022d8 0000000000000000 

Instructions: (pc=0x00007ffa46dbeb31)
0x00007ffa46dbeb11:   24 18 4c 8b 64 24 20 4c 8b 6c 24 28 4c 8b 74 24
0x00007ffa46dbeb21:   30 48 83 c4 38 c3 48 8b 7b 10 44 89 ea 4c 89 e6
0x00007ffa46dbeb31:   48 8b 07 ff 50 60 84 c0 74 9c 49 39 ec 4c 89 a3
0x00007ffa46dbeb41:   f0 13 00 00 b8 01 00 00 00 74 bd 48 85 ed 74 66 

Register to memory mapping:

RAX=0x0000000000000001 is an unknown value
RBX=0x00007ffa486b7680 is an unknown value
RCX=0x0000000000000000 is an unknown value
RDX=0x0000000000000000 is an unknown value
RSP=0x00007ffa66d6bae0 is pointing into the stack for thread: 0x00007ffac03df000
RBP=0x0000000000000000 is an unknown value
RSI=0x0000000000000000 is an unknown value
RDI=0x0000000000000000 is an unknown value
R8 =0x0000000000000000 is an unknown value
R9 =0x00007ffa54626540 is an unknown value
R10=0x0000000000000000 is an unknown value
R11=0x0000000000000000 is an unknown value
R12=0x0000000000000000 is an unknown value
R13=0x0000000000000000 is an unknown value
R14=0x00007ffa486abb60 is an unknown value
R15=0x0000000000000000 is an unknown value


Stack: [0x00007ffa66c6f000,0x00007ffa66d70000],  sp=0x00007ffa66d6bae0,  free space=1010k
Native frames: (J=compiled Java code, j=interpreted, Vv=VM code, C=native code)
C  [fglrx_dri.so+0x161eb31]

[error occurred during error reporting (printing native stack), id 0xb]

Java frames: (J=compiled Java code, j=interpreted, Vv=VM code)
j  jogamp.opengl.x11.glx.GLX.dispatch_glXMakeContextCurrent0(JJJJJ)Z+0
j  jogamp.opengl.x11.glx.GLX.glXMakeContextCurrent(JJJJ)Z+45
j  jogamp.opengl.x11.glx.X11GLXContext.glXMakeContextCurrent(JJJJ)Z+16
j  jogamp.opengl.x11.glx.X11GLXContext.makeCurrentImpl()V+33
j  jogamp.opengl.GLContextImpl.makeCurrentWithinLock(I)I+790
j  jogamp.opengl.GLContextImpl.makeCurrent(Z)I+488
j  jogamp.opengl.GLContextImpl.makeCurrent()I+2
j  jogamp.opengl.GLDrawableHelper.invokeGLImpl(Lcom/jogamp/opengl/GLDrawable;Lcom/jogamp/opengl/GLContext;Ljava/lang/Runnable;Ljava/lang/Runnable;)V+118
j  jogamp.opengl.GLDrawableHelper.invokeGL(Lcom/jogamp/opengl/GLDrawable;Lcom/jogamp/opengl/GLContext;Ljava/lang/Runnable;Ljava/lang/Runnable;)V+72
j  com.jogamp.opengl.awt.GLJPanel$OffscreenBackend.doPaintComponent(Ljava/awt/Graphics;)V+29
j  com.jogamp.opengl.awt.GLJPanel.paintComponent(Ljava/awt/Graphics;)V+224
j  javax.swing.JComponent.paint(Ljava/awt/Graphics;)V+286
j  javax.swing.JComponent.paintToOffscreen(Ljava/awt/Graphics;IIIIII)V+41
j  javax.swing.BufferStrategyPaintManager.paint(Ljavax/swing/JComponent;Ljavax/swing/JComponent;Ljava/awt/Graphics;IIII)Z+157
j  javax.swing.RepaintManager.paint(Ljavax/swing/JComponent;Ljavax/swing/JComponent;Ljava/awt/Graphics;IIII)V+52
j  javax.swing.JComponent._paintImmediately(IIII)V+683
j  javax.swing.JComponent.paintImmediately(IIII)V+138
j  javax.swing.RepaintManager$3.run()Ljava/lang/Void;+75
j  javax.swing.RepaintManager$3.run()Ljava/lang/Object;+1
v  ~StubRoutines::call_stub
j  java.security.AccessController.doPrivileged(Ljava/security/PrivilegedAction;Ljava/security/AccessControlContext;)Ljava/lang/Object;+0
j  java.security.ProtectionDomain$1.doIntersectionPrivilege(Ljava/security/PrivilegedAction;Ljava/security/AccessControlContext;Ljava/security/AccessControlContext;)Ljava/lang/Object;+28
j  javax.swing.RepaintManager.paintDirtyRegions(Ljava/util/Map;)V+154
J 336 C2 com.jogamp.opengl.util.AWTAnimatorImpl$1.run()V (405 bytes) @ 0x00007ffabd147ba8 [0x00007ffabd1475a0+0x608]
j  java.awt.event.InvocationEvent.dispatch()V+11
j  java.awt.EventQueue.dispatchEventImpl(Ljava/awt/AWTEvent;Ljava/lang/Object;)V+21
j  java.awt.EventQueue.access$300(Ljava/awt/EventQueue;Ljava/awt/AWTEvent;Ljava/lang/Object;)V+3
j  java.awt.EventQueue$3.run()Ljava/lang/Void;+12
j  java.awt.EventQueue$3.run()Ljava/lang/Object;+1
v  ~StubRoutines::call_stub
j  java.security.AccessController.doPrivileged(Ljava/security/PrivilegedAction;Ljava/security/AccessControlContext;)Ljava/lang/Object;+0
j  java.security.ProtectionDomain$1.doIntersectionPrivilege(Ljava/security/PrivilegedAction;Ljava/security/AccessControlContext;Ljava/security/AccessControlContext;)Ljava/lang/Object;+28
j  java.awt.EventQueue.dispatchEvent(Ljava/awt/AWTEvent;)V+46
j  java.awt.EventDispatchThread.pumpOneEventForFilters(I)V+245
j  java.awt.EventDispatchThread.pumpEventsForFilter(ILjava/awt/Conditional;Ljava/awt/EventFilter;)V+35
j  java.awt.EventDispatchThread.pumpEventsForHierarchy(ILjava/awt/Conditional;Ljava/awt/Component;)V+11
j  java.awt.EventDispatchThread.pumpEvents(ILjava/awt/Conditional;)V+4
j  java.awt.EventDispatchThread.pumpEvents(Ljava/awt/Conditional;)V+3
j  java.awt.EventDispatchThread.run()V+9
v  ~StubRoutines::call_stub

---------------  P R O C E S S  ---------------

Java Threads: ( => current thread )
  0x00007ffa2c001000 JavaThread "NativeWindowFactory_ShutdownHook" [_thread_in_native, id=2523, stack(0x00007ffa37dfe000,0x00007ffa37eff000)]
  0x00007ffa7c001000 JavaThread "SIGTERM handler" daemon [_thread_blocked, id=2522, stack(0x00007ffa37eff000,0x00007ffa38000000)]
  0x00007ffac000c000 JavaThread "DestroyJavaVM" [_thread_blocked, id=2442, stack(0x00007ffac88af000,0x00007ffac89b0000)]
  0x00007ffac088b800 JavaThread "main-FPSAWTAnimator#00-Timer0" [_thread_blocked, id=2486, stack(0x00007ffa442d7000,0x00007ffa443d8000)]
=>0x00007ffac03df000 JavaThread "AWT-EventQueue-0" [_thread_in_native, id=2473, stack(0x00007ffa66c6f000,0x00007ffa66d70000)]
  0x00007ffac03d3800 JavaThread "AWT-Shutdown" [_thread_blocked, id=2472, stack(0x00007ffa675af000,0x00007ffa676b0000)]
  0x00007ffac0391000 JavaThread "process reaper" daemon [_thread_blocked, id=2467, stack(0x00007ffa9001f000,0x00007ffa90058000)]
  0x00007ffac0333800 JavaThread "Timer-0" [_thread_blocked, id=2463, stack(0x00007ffa67ae7000,0x00007ffa67be8000)]
  0x00007ffac02e9800 JavaThread "AWT-XAWT" daemon [_thread_in_native, id=2462, stack(0x00007ffa70036000,0x00007ffa70137000)]
  0x00007ffac02c0000 JavaThread "Java2D Disposer" daemon [_thread_blocked, id=2461, stack(0x00007ffa70137000,0x00007ffa70238000)]
  0x00007ffac00b9000 JavaThread "Service Thread" daemon [_thread_blocked, id=2458, stack(0x00007ffa91a2c000,0x00007ffa91b2d000)]
  0x00007ffac00b7000 JavaThread "C2 CompilerThread1" daemon [_thread_blocked, id=2457, stack(0x00007ffa91b2d000,0x00007ffa91c2e000)]
  0x00007ffac00b4000 JavaThread "C2 CompilerThread0" daemon [_thread_blocked, id=2456, stack(0x00007ffa91c2e000,0x00007ffa91d2f000)]
  0x00007ffac00b1800 JavaThread "Signal Dispatcher" daemon [_thread_blocked, id=2455, stack(0x00007ffa91d2f000,0x00007ffa91e30000)]
  0x00007ffac0086800 JavaThread "Finalizer" daemon [_thread_blocked, id=2454, stack(0x00007ffa92270000,0x00007ffa92371000)]
  0x00007ffac0084800 JavaThread "Reference Handler" daemon [_thread_blocked, id=2453, stack(0x00007ffa92371000,0x00007ffa92472000)]

Other Threads:
  0x00007ffac0080800 VMThread [stack: 0x00007ffa92472000,0x00007ffa92573000] [id=2452]
  0x00007ffac00c4000 WatcherThread [stack: 0x00007ffa9192b000,0x00007ffa91a2c000] [id=2459]

VM state:not at safepoint (normal execution)

VM Mutex/Monitor currently owned by a thread: None

Heap
 PSYoungGen      total 531456K, used 1033K [0x00000007ace80000, 0x00000007ce280000, 0x0000000800000000)
  eden space 519680K, 0% used [0x00000007ace80000,0x00000007acf2a6d0,0x00000007cca00000)
  from space 11776K, 2% used [0x00000007cd600000,0x00000007cd658000,0x00000007ce180000)
  to   space 12288K, 0% used [0x00000007cca00000,0x00000007cca00000,0x00000007cd600000)
 ParOldGen       total 169984K, used 6309K [0x0000000706c00000, 0x0000000711200000, 0x00000007ace80000)
  object space 169984K, 3% used [0x0000000706c00000,0x00000007072296c8,0x0000000711200000)
 PSPermGen       total 21504K, used 16911K [0x00000006fc600000, 0x00000006fdb00000, 0x0000000706c00000)
  object space 21504K, 78% used [0x00000006fc600000,0x00000006fd683c60,0x00000006fdb00000)

Card table byte_map: [0x00007ffac4c6a000,0x00007ffac5488000] byte_map_base: 0x00007ffac1487000

Polling page: 0x00007ffac88ae000

Code Cache  [0x00007ffabd000000, 0x00007ffabd270000, 0x00007ffac0000000)
 total_blobs=1188 nmethods=337 adapters=805 free_code_cache=47841Kb largest_free_block=48954944

Compilation events (10 events):
Event: 27,858 Thread 0x00007ffac00b7000 nmethod 354 0x00007ffabd0cc450 code [0x00007ffabd0cc580, 0x00007ffabd0cc5d8]
Event: 27,859 Thread 0x00007ffac00b4000 nmethod 355 0x00007ffabd0cc250 code [0x00007ffabd0cc380, 0x00007ffabd0cc3d8]
Event: 32,228 Thread 0x00007ffac00b7000  356             java.util.TaskQueue::getMin (7 bytes)
Event: 32,229 Thread 0x00007ffac00b7000 nmethod 356 0x00007ffabd145810 code [0x00007ffabd145960, 0x00007ffabd1459f8]
Event: 32,660 Thread 0x00007ffac00b4000  358             java.util.IdentityHashMap::access$200 (5 bytes)
Event: 32,661 Thread 0x00007ffac00b4000 nmethod 358 0x00007ffabd145250 code [0x00007ffabd145380, 0x00007ffabd1453d8]
Event: 32,676 Thread 0x00007ffac00b7000  359             jogamp.common.util.locks.RecursiveLockImpl01Unfairish$SingleThreadSync::incrHoldCount (11 bytes)
Event: 32,677 Thread 0x00007ffac00b7000 nmethod 359 0x00007ffabd145050 code [0x00007ffabd145180, 0x00007ffabd1451d8]
Event: 32,683 Thread 0x00007ffac00b4000  360             jogamp.common.util.locks.RecursiveLockImpl01Unfairish$SingleThreadSync::decrHoldCount (11 bytes)
Event: 32,684 Thread 0x00007ffac00b4000 nmethod 360 0x00007ffabd144e50 code [0x00007ffabd144f80, 0x00007ffabd144fd8]

GC Heap History (10 events):
Event: 2,590 GC heap before
{Heap before GC invocations=4 (full 0):
 PSYoungGen      total 75264K, used 74627K [0x00000007ace80000, 0x00000007b6180000, 0x0000000800000000)
  eden space 65024K, 100% used [0x00000007ace80000,0x00000007b0e00000,0x00000007b0e00000)
  from space 10240K, 93% used [0x00000007b0e00000,0x00000007b1760d78,0x00000007b1800000)
  to   space 10240K, 0% used [0x00000007b5780000,0x00000007b5780000,0x00000007b6180000)
 ParOldGen       total 169984K, used 175K [0x0000000706c00000, 0x0000000711200000, 0x00000007ace80000)
  object space 169984K, 0% used [0x0000000706c00000,0x0000000706c2bc08,0x0000000711200000)
 PSPermGen       total 21504K, used 16727K [0x00000006fc600000, 0x00000006fdb00000, 0x0000000706c00000)
  object space 21504K, 77% used [0x00000006fc600000,0x00000006fd655c20,0x00000006fdb00000)
Event: 2,606 GC heap after
Heap after GC invocations=4 (full 0):
 PSYoungGen      total 140288K, used 7294K [0x00000007ace80000, 0x00000007b6180000, 0x0000000800000000)
  eden space 130048K, 0% used [0x00000007ace80000,0x00000007ace80000,0x00000007b4d80000)
  from space 10240K, 71% used [0x00000007b5780000,0x00000007b5e9fb18,0x00000007b6180000)
  to   space 10240K, 0% used [0x00000007b4d80000,0x00000007b4d80000,0x00000007b5780000)
 ParOldGen       total 169984K, used 175K [0x0000000706c00000, 0x0000000711200000, 0x00000007ace80000)
  object space 169984K, 0% used [0x0000000706c00000,0x0000000706c2bc08,0x0000000711200000)
 PSPermGen       total 21504K, used 16727K [0x00000006fc600000, 0x00000006fdb00000, 0x0000000706c00000)
  object space 21504K, 77% used [0x00000006fc600000,0x00000006fd655c20,0x00000006fdb00000)
}
Event: 2,764 GC heap before
{Heap before GC invocations=5 (full 0):
 PSYoungGen      total 140288K, used 137342K [0x00000007ace80000, 0x00000007b6180000, 0x0000000800000000)
  eden space 130048K, 100% used [0x00000007ace80000,0x00000007b4d80000,0x00000007b4d80000)
  from space 10240K, 71% used [0x00000007b5780000,0x00000007b5e9fb18,0x00000007b6180000)
  to   space 10240K, 0% used [0x00000007b4d80000,0x00000007b4d80000,0x00000007b5780000)
 ParOldGen       total 169984K, used 175K [0x0000000706c00000, 0x0000000711200000, 0x00000007ace80000)
  object space 169984K, 0% used [0x0000000706c00000,0x0000000706c2bc08,0x0000000711200000)
 PSPermGen       total 21504K, used 16728K [0x00000006fc600000, 0x00000006fdb00000, 0x0000000706c00000)
  object space 21504K, 77% used [0x00000006fc600000,0x00000006fd656018,0x00000006fdb00000)
Event: 2,775 GC heap after
Heap after GC invocations=5 (full 0):
 PSYoungGen      total 140288K, used 7393K [0x00000007ace80000, 0x00000007be080000, 0x0000000800000000)
  eden space 130048K, 0% used [0x00000007ace80000,0x00000007ace80000,0x00000007b4d80000)
  from space 10240K, 72% used [0x00000007b4d80000,0x00000007b54b86c8,0x00000007b5780000)
  to   space 10240K, 0% used [0x00000007bd680000,0x00000007bd680000,0x00000007be080000)
 ParOldGen       total 169984K, used 175K [0x0000000706c00000, 0x0000000711200000, 0x00000007ace80000)
  object space 169984K, 0% used [0x0000000706c00000,0x0000000706c2bc08,0x0000000711200000)
 PSPermGen       total 21504K, used 16728K [0x00000006fc600000, 0x00000006fdb00000, 0x0000000706c00000)
  object space 21504K, 77% used [0x00000006fc600000,0x00000006fd656018,0x00000006fdb00000)
}
Event: 2,876 GC heap before
{Heap before GC invocations=6 (full 0):
 PSYoungGen      total 140288K, used 137441K [0x00000007ace80000, 0x00000007be080000, 0x0000000800000000)
  eden space 130048K, 100% used [0x00000007ace80000,0x00000007b4d80000,0x00000007b4d80000)
  from space 10240K, 72% used [0x00000007b4d80000,0x00000007b54b86c8,0x00000007b5780000)
  to   space 10240K, 0% used [0x00000007bd680000,0x00000007bd680000,0x00000007be080000)
 ParOldGen       total 169984K, used 175K [0x0000000706c00000, 0x0000000711200000, 0x00000007ace80000)
  object space 169984K, 0% used [0x0000000706c00000,0x0000000706c2bc08,0x0000000711200000)
 PSPermGen       total 21504K, used 16728K [0x00000006fc600000, 0x00000006fdb00000, 0x0000000706c00000)
  object space 21504K, 77% used [0x00000006fc600000,0x00000006fd656270,0x00000006fdb00000)
Event: 2,886 GC heap after
Heap after GC invocations=6 (full 0):
 PSYoungGen      total 270336K, used 6197K [0x00000007ace80000, 0x00000007be080000, 0x0000000800000000)
  eden space 260096K, 0% used [0x00000007ace80000,0x00000007ace80000,0x00000007bcc80000)
  from space 10240K, 60% used [0x00000007bd680000,0x00000007bdc8d730,0x00000007be080000)
  to   space 10240K, 0% used [0x00000007bcc80000,0x00000007bcc80000,0x00000007bd680000)
 ParOldGen       total 169984K, used 183K [0x0000000706c00000, 0x0000000711200000, 0x00000007ace80000)
  object space 169984K, 0% used [0x0000000706c00000,0x0000000706c2dc08,0x0000000711200000)
 PSPermGen       total 21504K, used 16728K [0x00000006fc600000, 0x00000006fdb00000, 0x0000000706c00000)
  object space 21504K, 77% used [0x00000006fc600000,0x00000006fd656270,0x00000006fdb00000)
}
Event: 3,061 GC heap before
{Heap before GC invocations=7 (full 0):
 PSYoungGen      total 270336K, used 266293K [0x00000007ace80000, 0x00000007be080000, 0x0000000800000000)
  eden space 260096K, 100% used [0x00000007ace80000,0x00000007bcc80000,0x00000007bcc80000)
  from space 10240K, 60% used [0x00000007bd680000,0x00000007bdc8d730,0x00000007be080000)
  to   space 10240K, 0% used [0x00000007bcc80000,0x00000007bcc80000,0x00000007bd680000)
 ParOldGen       total 169984K, used 183K [0x0000000706c00000, 0x0000000711200000, 0x00000007ace80000)
  object space 169984K, 0% used [0x0000000706c00000,0x0000000706c2dc08,0x0000000711200000)
 PSPermGen       total 21504K, used 16728K [0x00000006fc600000, 0x00000006fdb00000, 0x0000000706c00000)
  object space 21504K, 77% used [0x00000006fc600000,0x00000006fd656328,0x00000006fdb00000)
Event: 3,074 GC heap after
Heap after GC invocations=7 (full 0):
 PSYoungGen      total 270336K, used 256K [0x00000007ace80000, 0x00000007ce180000, 0x0000000800000000)
  eden space 260096K, 0% used [0x00000007ace80000,0x00000007ace80000,0x00000007bcc80000)
  from space 10240K, 2% used [0x00000007bcc80000,0x00000007bccc0000,0x00000007bd680000)
  to   space 11776K, 0% used [0x00000007cd600000,0x00000007cd600000,0x00000007ce180000)
 ParOldGen       total 169984K, used 6268K [0x0000000706c00000, 0x0000000711200000, 0x00000007ace80000)
  object space 169984K, 3% used [0x0000000706c00000,0x000000070721f348,0x0000000711200000)
 PSPermGen       total 21504K, used 16728K [0x00000006fc600000, 0x00000006fdb00000, 0x0000000706c00000)
  object space 21504K, 77% used [0x00000006fc600000,0x00000006fd656328,0x00000006fdb00000)
}
Event: 32,865 GC heap before
{Heap before GC invocations=8 (full 0):
 PSYoungGen      total 270336K, used 260352K [0x00000007ace80000, 0x00000007ce180000, 0x0000000800000000)
  eden space 260096K, 100% used [0x00000007ace80000,0x00000007bcc80000,0x00000007bcc80000)
  from space 10240K, 2% used [0x00000007bcc80000,0x00000007bccc0000,0x00000007bd680000)
  to   space 11776K, 0% used [0x00000007cd600000,0x00000007cd600000,0x00000007ce180000)
 ParOldGen       total 169984K, used 6277K [0x0000000706c00000, 0x0000000711200000, 0x00000007ace80000)
  object space 169984K, 3% used [0x0000000706c00000,0x00000007072216c8,0x0000000711200000)
 PSPermGen       total 21504K, used 16911K [0x00000006fc600000, 0x00000006fdb00000, 0x0000000706c00000)
  object space 21504K, 78% used [0x00000006fc600000,0x00000006fd683c60,0x00000006fdb00000)
Event: 32,869 GC heap after
Heap after GC invocations=8 (full 0):
 PSYoungGen      total 531456K, used 352K [0x00000007ace80000, 0x00000007ce280000, 0x0000000800000000)
  eden space 519680K, 0% used [0x00000007ace80000,0x00000007ace80000,0x00000007cca00000)
  from space 11776K, 2% used [0x00000007cd600000,0x00000007cd658000,0x00000007ce180000)
  to   space 12288K, 0% used [0x00000007cca00000,0x00000007cca00000,0x00000007cd600000)
 ParOldGen       total 169984K, used 6309K [0x0000000706c00000, 0x0000000711200000, 0x00000007ace80000)
  object space 169984K, 3% used [0x0000000706c00000,0x00000007072296c8,0x0000000711200000)
 PSPermGen       total 21504K, used 16911K [0x00000006fc600000, 0x00000006fdb00000, 0x0000000706c00000)
  object space 21504K, 78% used [0x00000006fc600000,0x00000006fd683c60,0x00000006fdb00000)
}

Deoptimization events (10 events):
Event: 2,275 Thread 0x00007ffac000c000 Uncommon trap: reason=unstable_if action=reinterpret pc=0x00007ffabd111558 method=java.util.ArrayList.indexOf(Ljava/lang/Object;)I @ 54
Event: 4,742 Thread 0x00007ffac03df000 Uncommon trap: reason=predicate action=maybe_recompile pc=0x00007ffabd134c3c method=java.util.Arrays.fill([Ljava/lang/Object;Ljava/lang/Object;)V @ 10
Event: 6,853 Thread 0x00007ffac03df000 Uncommon trap: reason=array_check action=maybe_recompile pc=0x00007ffabd1348b8 method=java.util.Arrays.fill([Ljava/lang/Object;Ljava/lang/Object;)V @ 13
Event: 6,856 Thread 0x00007ffac03df000 Uncommon trap: reason=array_check action=maybe_recompile pc=0x00007ffabd1348b8 method=java.util.Arrays.fill([Ljava/lang/Object;Ljava/lang/Object;)V @ 13
Event: 6,869 Thread 0x00007ffac03df000 Uncommon trap: reason=array_check action=maybe_recompile pc=0x00007ffabd1348b8 method=java.util.Arrays.fill([Ljava/lang/Object;Ljava/lang/Object;)V @ 13
Event: 6,872 Thread 0x00007ffac03df000 Uncommon trap: reason=array_check action=maybe_recompile pc=0x00007ffabd1348b8 method=java.util.Arrays.fill([Ljava/lang/Object;Ljava/lang/Object;)V @ 13
Event: 32,838 Thread 0x00007ffa2c004800 Uncommon trap: reason=unstable_if action=reinterpret pc=0x00007ffabd0628c0 method=java.lang.ThreadLocal.get()Ljava/lang/Object; @ 11
Event: 32,859 Thread 0x00007ffa2c001000 Uncommon trap: reason=unstable_if action=reinterpret pc=0x00007ffabd12614c method=java.nio.charset.CharsetEncoder.encode(Ljava/nio/CharBuffer;Ljava/nio/ByteBuffer;Z)Ljava/nio/charset/CoderResult; @ 15
Event: 32,859 Thread 0x00007ffa2c001000 Uncommon trap: reason=unstable_if action=reinterpret pc=0x00007ffabd11a7b4 method=java.io.BufferedOutputStream.write([BII)V @ 6
Event: 32,859 Thread 0x00007ffa2c001000 Uncommon trap: reason=unstable_if action=reinterpret pc=0x00007ffabd07e0b0 method=sun.nio.cs.UTF_8$Decoder.decode([BII[C)I @ 30

Internal exceptions (10 events):
Event: 1,483 Thread 0x00007ffac000c000 Threw 0x00000007af96b758 at /build/openjdk-7-65SuYz/openjdk-7-7u85-2.6.1/build/openjdk/hotspot/src/share/vm/prims/jvm.cpp:1322
Event: 32,838 Thread 0x00007ffa2c004800 Implicit null exception at 0x00007ffabd0627e4 to 0x00007ffabd0628ad
Event: 32,859 Thread 0x00007ffa2c001000 Threw 0x000000070721fc70 at /build/openjdk-7-65SuYz/openjdk-7-7u85-2.6.1/build/openjdk/hotspot/src/share/vm/prims/jni.cpp:721
Event: 32,860 Thread 0x00007ffa2c001000 Threw 0x000000070721ff10 at /build/openjdk-7-65SuYz/openjdk-7-7u85-2.6.1/build/openjdk/hotspot/src/share/vm/prims/jni.cpp:721
Event: 32,860 Thread 0x00007ffa2c001000 Threw 0x00000007072203c8 at /build/openjdk-7-65SuYz/openjdk-7-7u85-2.6.1/build/openjdk/hotspot/src/share/vm/prims/jni.cpp:721
Event: 32,860 Thread 0x00007ffa2c001000 Threw 0x0000000707220638 at /build/openjdk-7-65SuYz/openjdk-7-7u85-2.6.1/build/openjdk/hotspot/src/share/vm/prims/jni.cpp:721
Event: 32,860 Thread 0x00007ffa2c001000 Threw 0x0000000707220878 at /build/openjdk-7-65SuYz/openjdk-7-7u85-2.6.1/build/openjdk/hotspot/src/share/vm/prims/jni.cpp:721
Event: 32,860 Thread 0x00007ffa2c001000 Threw 0x00000007072210f8 at /build/openjdk-7-65SuYz/openjdk-7-7u85-2.6.1/build/openjdk/hotspot/src/share/vm/prims/jni.cpp:721
Event: 32,860 Thread 0x00007ffa2c001000 Threw 0x0000000707221368 at /build/openjdk-7-65SuYz/openjdk-7-7u85-2.6.1/build/openjdk/hotspot/src/share/vm/prims/jni.cpp:721
Event: 32,860 Thread 0x00007ffa2c001000 Threw 0x00000007072215a8 at /build/openjdk-7-65SuYz/openjdk-7-7u85-2.6.1/build/openjdk/hotspot/src/share/vm/prims/jni.cpp:721

Events (10 events):
Event: 32,859 Thread 0x00007ffa2c001000 Uncommon trap: trap_request=0xffffff75 fr.pc=0x00007ffabd11a7b4
Event: 32,859 Thread 0x00007ffa2c001000 DEOPT PACKING pc=0x00007ffabd11a7b4 sp=0x00007ffa37efcec0
Event: 32,859 Thread 0x00007ffa2c001000 DEOPT UNPACKING pc=0x00007ffabd039045 sp=0x00007ffa37efce70 mode 2
Event: 32,859 Thread 0x00007ffa2c001000 Uncommon trap: trap_request=0xffffff75 fr.pc=0x00007ffabd07e0b0
Event: 32,859 Thread 0x00007ffa2c001000 DEOPT PACKING pc=0x00007ffabd07e0b0 sp=0x00007ffa37efa620
Event: 32,859 Thread 0x00007ffa2c001000 DEOPT UNPACKING pc=0x00007ffabd039045 sp=0x00007ffa37efa5c0 mode 2
Event: 32,859 loading class 0x00007ffac407e870
Event: 32,860 loading class 0x00007ffac407e870 done
Event: 32,865 Executing VM operation: ParallelGCSystemGC
Event: 32,869 Executing VM operation: ParallelGCSystemGC done


Dynamic libraries:
00400000-00401000 r-xp 00000000 08:06 535352                             /usr/lib/jvm/java-7-openjdk-amd64/jre/bin/java
00600000-00601000 r--p 00000000 08:06 535352                             /usr/lib/jvm/java-7-openjdk-amd64/jre/bin/java
00601000-00602000 rw-p 00001000 08:06 535352                             /usr/lib/jvm/java-7-openjdk-amd64/jre/bin/java
007d6000-007f7000 rw-p 00000000 00:00 0                                  [heap]
6fc600000-6fdb00000 rw-p 00000000 00:00 0 
6fdb00000-706c00000 rw-p 00000000 00:00 0 
706c00000-711200000 rw-p 00000000 00:00 0 
711200000-7ace80000 rw-p 00000000 00:00 0 
7ace80000-7ce280000 rw-p 00000000 00:00 0 
7ce280000-800000000 rw-p 00000000 00:00 0 
7ffa1c000000-7ffa1c021000 rw-p 00000000 00:00 0 
7ffa1c021000-7ffa20000000 ---p 00000000 00:00 0 
7ffa24000000-7ffa24189000 rw-p 00000000 00:00 0 
7ffa24189000-7ffa28000000 ---p 00000000 00:00 0 
7ffa28000000-7ffa28021000 rw-p 00000000 00:00 0 
7ffa28021000-7ffa2c000000 ---p 00000000 00:00 0 
7ffa2c000000-7ffa2c021000 rw-p 00000000 00:00 0 
7ffa2c021000-7ffa30000000 ---p 00000000 00:00 0 
7ffa30000000-7ffa30021000 rw-p 00000000 00:00 0 
7ffa30021000-7ffa34000000 ---p 00000000 00:00 0 
7ffa37dfe000-7ffa37e01000 ---p 00000000 00:00 0 
7ffa37e01000-7ffa37eff000 rw-p 00000000 00:00 0                          [stack:2523]
7ffa37eff000-7ffa37f02000 ---p 00000000 00:00 0 
7ffa37f02000-7ffa38000000 rw-p 00000000 00:00 0                          [stack:2522]
7ffa38000000-7ffa38021000 rw-p 00000000 00:00 0 
7ffa38021000-7ffa3c000000 ---p 00000000 00:00 0 
7ffa3d0f5000-7ffa3d0f6000 ---p 00000000 00:00 0 
7ffa3d0f6000-7ffa3d8f6000 rw-p 00000000 00:00 0                          [stack:2485]
7ffa3d8f6000-7ffa3dff6000 rw-s 00006000 00:05 14045                      /dev/ati/card0
7ffa3dffc000-7ffa3dffd000 ---p 00000000 00:00 0 
7ffa3dffd000-7ffa3e7fd000 rw-p 00000000 00:00 0 
7ffa3e7fd000-7ffa3e7fe000 ---p 00000000 00:00 0 
7ffa3e7fe000-7ffa3effe000 rw-p 00000000 00:00 0 
7ffa3effe000-7ffa3efff000 ---p 00000000 00:00 0 
7ffa3efff000-7ffa3f7ff000 rw-p 00000000 00:00 0 
7ffa3f7ff000-7ffa3f800000 ---p 00000000 00:00 0 
7ffa3f800000-7ffa40000000 rw-p 00000000 00:00 0 
7ffa40000000-7ffa40343000 rw-p 00000000 00:00 0 
7ffa40343000-7ffa44000000 ---p 00000000 00:00 0 
7ffa442d7000-7ffa442da000 ---p 00000000 00:00 0 
7ffa442da000-7ffa443d8000 rw-p 00000000 00:00 0                          [stack:2486]
7ffa443d8000-7ffa44481000 r-xp 00000000 08:06 538432                     /usr/lib/libatiadlxx.so
7ffa44481000-7ffa44580000 ---p 000a9000 08:06 538432                     /usr/lib/libatiadlxx.so
7ffa44580000-7ffa44583000 rw-p 000a8000 08:06 538432                     /usr/lib/libatiadlxx.so
7ffa44583000-7ffa44593000 rw-p 00000000 00:00 0 
7ffa44598000-7ffa4459a000 r-xp 00000000 08:06 535983                     /usr/lib/x86_64-linux-gnu/libXinerama.so.1.0.0
7ffa4459a000-7ffa44799000 ---p 00002000 08:06 535983                     /usr/lib/x86_64-linux-gnu/libXinerama.so.1.0.0
7ffa44799000-7ffa4479a000 r--p 00001000 08:06 535983                     /usr/lib/x86_64-linux-gnu/libXinerama.so.1.0.0
7ffa4479a000-7ffa4479b000 rw-p 00002000 08:06 535983                     /usr/lib/x86_64-linux-gnu/libXinerama.so.1.0.0
7ffa457a0000-7ffa47bf3000 r-xp 00000000 08:06 795684                     /usr/lib/x86_64-linux-gnu/dri/fglrx_dri.so
7ffa47bf3000-7ffa47cf2000 ---p 02453000 08:06 795684                     /usr/lib/x86_64-linux-gnu/dri/fglrx_dri.so
7ffa47cf2000-7ffa47ec4000 rwxp 02452000 08:06 795684                     /usr/lib/x86_64-linux-gnu/dri/fglrx_dri.so
7ffa47ec4000-7ffa48000000 rwxp 00000000 00:00 0 
7ffa48000000-7ffa48e20000 rw-p 00000000 00:00 0 
7ffa48e20000-7ffa4c000000 ---p 00000000 00:00 0 
7ffa4c068000-7ffa4c09f000 r-xp 00000000 08:06 537052                     /usr/lib/x86_64-linux-gnu/libtxc_dxtn_s2tc.so.0.0.0
7ffa4c09f000-7ffa4c29e000 ---p 00037000 08:06 537052                     /usr/lib/x86_64-linux-gnu/libtxc_dxtn_s2tc.so.0.0.0
7ffa4c29e000-7ffa4c29f000 r--p 00036000 08:06 537052                     /usr/lib/x86_64-linux-gnu/libtxc_dxtn_s2tc.so.0.0.0
7ffa4c29f000-7ffa4c2a0000 rw-p 00037000 08:06 537052                     /usr/lib/x86_64-linux-gnu/libtxc_dxtn_s2tc.so.0.0.0
7ffa4d80f000-7ffa4d812000 ---p 00000000 00:00 0 
7ffa4d812000-7ffa4d910000 rw-p 00000000 00:00 0 
7ffa4d910000-7ffa4d920000 r-xp 00000000 08:06 538436                     /usr/lib/libatiuki.so.1.0
7ffa4d920000-7ffa4da20000 ---p 00010000 08:06 538436                     /usr/lib/libatiuki.so.1.0
7ffa4da20000-7ffa4da31000 rw-p 00010000 08:06 538436                     /usr/lib/libatiuki.so.1.0
7ffa4da38000-7ffa4da5d000 r-xp 00000000 08:06 267178                     /lib/x86_64-linux-gnu/libtinfo.so.5.9
7ffa4da5d000-7ffa4dc5c000 ---p 00025000 08:06 267178                     /lib/x86_64-linux-gnu/libtinfo.so.5.9
7ffa4dc5c000-7ffa4dc60000 r--p 00024000 08:06 267178                     /lib/x86_64-linux-gnu/libtinfo.so.5.9
7ffa4dc60000-7ffa4dc61000 rw-p 00028000 08:06 267178                     /lib/x86_64-linux-gnu/libtinfo.so.5.9
7ffa4dc68000-7ffa4f466000 r-xp 00000000 08:06 535829                     /usr/lib/x86_64-linux-gnu/libLLVM-3.4.so.1
7ffa4f466000-7ffa4f5f4000 r--p 017fd000 08:06 535829                     /usr/lib/x86_64-linux-gnu/libLLVM-3.4.so.1
7ffa4f5f4000-7ffa4f5f6000 rw-p 0198b000 08:06 535829                     /usr/lib/x86_64-linux-gnu/libLLVM-3.4.so.1
7ffa4f5f6000-7ffa4f609000 rw-p 00000000 00:00 0 
7ffa4f610000-7ffa4f61c000 r-xp 00000000 08:06 536237                     /usr/lib/x86_64-linux-gnu/libdrm_radeon.so.1.0.1
7ffa4f61c000-7ffa4f81b000 ---p 0000c000 08:06 536237                     /usr/lib/x86_64-linux-gnu/libdrm_radeon.so.1.0.1
7ffa4f81b000-7ffa4f81c000 r--p 0000b000 08:06 536237                     /usr/lib/x86_64-linux-gnu/libdrm_radeon.so.1.0.1
7ffa4f81c000-7ffa4f81d000 rw-p 0000c000 08:06 536237                     /usr/lib/x86_64-linux-gnu/libdrm_radeon.so.1.0.1
7ffa4f820000-7ffa4f835000 r-xp 00000000 08:06 536251                     /usr/lib/x86_64-linux-gnu/libelf-0.158.so
7ffa4f835000-7ffa4fa34000 ---p 00015000 08:06 536251                     /usr/lib/x86_64-linux-gnu/libelf-0.158.so
7ffa4fa34000-7ffa4fa35000 r--p 00014000 08:06 536251                     /usr/lib/x86_64-linux-gnu/libelf-0.158.so
7ffa4fa35000-7ffa4fa36000 rw-p 00015000 08:06 536251                     /usr/lib/x86_64-linux-gnu/libelf-0.158.so
7ffa4fa38000-7ffa4fc21000 r-xp 00000000 08:06 536356                     /usr/lib/x86_64-linux-gnu/libgallium.so.0.0.0
7ffa4fc21000-7ffa4fe21000 ---p 001e9000 08:06 536356                     /usr/lib/x86_64-linux-gnu/libgallium.so.0.0.0
7ffa4fe21000-7ffa4fe31000 r--p 001e9000 08:06 536356                     /usr/lib/x86_64-linux-gnu/libgallium.so.0.0.0
7ffa4fe31000-7ffa4fe33000 rw-p 001f9000 08:06 536356                     /usr/lib/x86_64-linux-gnu/libgallium.so.0.0.0
7ffa4fe33000-7ffa4fffb000 rw-p 00000000 00:00 0 
7ffa50000000-7ffa50021000 rw-p 00000000 00:00 0 
7ffa50021000-7ffa54000000 ---p 00000000 00:00 0 
7ffa54000000-7ffa54a74000 rw-p 00000000 00:00 0 
7ffa54a74000-7ffa58000000 ---p 00000000 00:00 0 
7ffa58000000-7ffa58248000 rw-p 00000000 00:00 0 
7ffa58248000-7ffa5c000000 ---p 00000000 00:00 0 
7ffa5c000000-7ffa5c021000 rw-p 00000000 00:00 0 
7ffa5c021000-7ffa60000000 ---p 00000000 00:00 0 
7ffa60000000-7ffa60021000 rw-p 00000000 00:00 0 
7ffa60021000-7ffa64000000 ---p 00000000 00:00 0 
7ffa6406c000-7ffa640ac000 rw-s 00004000 00:05 14045                      /dev/ati/card0
7ffa640b0000-7ffa640b6000 r-xp 00000000 08:06 536235                     /usr/lib/x86_64-linux-gnu/libdrm_nouveau.so.2.0.0
7ffa640b6000-7ffa642b5000 ---p 00006000 08:06 536235                     /usr/lib/x86_64-linux-gnu/libdrm_nouveau.so.2.0.0
7ffa642b5000-7ffa642b6000 r--p 00005000 08:06 536235                     /usr/lib/x86_64-linux-gnu/libdrm_nouveau.so.2.0.0
7ffa642b6000-7ffa642b7000 rw-p 00006000 08:06 536235                     /usr/lib/x86_64-linux-gnu/libdrm_nouveau.so.2.0.0
7ffa642b8000-7ffa642bf000 r-xp 00000000 08:06 797310                     /usr/lib/x86_64-linux-gnu/mesa-egl/libOpenVG.so.1.0.0
7ffa642bf000-7ffa644be000 ---p 00007000 08:06 797310                     /usr/lib/x86_64-linux-gnu/mesa-egl/libOpenVG.so.1.0.0
7ffa644be000-7ffa644bf000 r--p 00006000 08:06 797310                     /usr/lib/x86_64-linux-gnu/mesa-egl/libOpenVG.so.1.0.0
7ffa644bf000-7ffa644c0000 rw-p 00007000 08:06 797310                     /usr/lib/x86_64-linux-gnu/mesa-egl/libOpenVG.so.1.0.0
7ffa644c0000-7ffa644c2000 rw-p 00000000 00:00 0 
7ffa644c8000-7ffa64ae8000 r-xp 00000000 08:06 796316                     /usr/lib/x86_64-linux-gnu/egl/egl_gallium.so
7ffa64ae8000-7ffa64ce7000 ---p 00620000 08:06 796316                     /usr/lib/x86_64-linux-gnu/egl/egl_gallium.so
7ffa64ce7000-7ffa64d28000 r--p 0061f000 08:06 796316                     /usr/lib/x86_64-linux-gnu/egl/egl_gallium.so
7ffa64d28000-7ffa64d36000 rw-p 00660000 08:06 796316                     /usr/lib/x86_64-linux-gnu/egl/egl_gallium.so
7ffa64d36000-7ffa64d56000 rw-p 00000000 00:00 0 
7ffa64d58000-7ffa64db1000 r-xp 00000000 08:06 279908                     /tmp/jogamp_0000/file_cache/jln3493149003045078455/jln7946087174864717647/libjogl_mobile.so
7ffa64db1000-7ffa64fb1000 ---p 00059000 08:06 279908                     /tmp/jogamp_0000/file_cache/jln3493149003045078455/jln7946087174864717647/libjogl_mobile.so
7ffa64fb1000-7ffa64fb2000 rw-p 00059000 08:06 279908                     /tmp/jogamp_0000/file_cache/jln3493149003045078455/jln7946087174864717647/libjogl_mobile.so
7ffa64fb8000-7ffa64fc3000 r-xp 00000000 08:06 536231                     /usr/lib/x86_64-linux-gnu/libdrm.so.2.4.0
7ffa64fc3000-7ffa651c2000 ---p 0000b000 08:06 536231                     /usr/lib/x86_64-linux-gnu/libdrm.so.2.4.0
7ffa651c2000-7ffa651c3000 r--p 0000a000 08:06 536231                     /usr/lib/x86_64-linux-gnu/libdrm.so.2.4.0
7ffa651c3000-7ffa651c4000 rw-p 0000b000 08:06 536231                     /usr/lib/x86_64-linux-gnu/libdrm.so.2.4.0
7ffa651c8000-7ffa651cf000 r-xp 00000000 08:06 536358                     /usr/lib/x86_64-linux-gnu/libgbm.so.1.0.0
7ffa651cf000-7ffa653ce000 ---p 00007000 08:06 536358                     /usr/lib/x86_64-linux-gnu/libgbm.so.1.0.0
7ffa653ce000-7ffa653cf000 r--p 00006000 08:06 536358                     /usr/lib/x86_64-linux-gnu/libgbm.so.1.0.0
7ffa653cf000-7ffa653d0000 rw-p 00007000 08:06 536358                     /usr/lib/x86_64-linux-gnu/libgbm.so.1.0.0
7ffa653d0000-7ffa653df000 r-xp 00000000 08:06 537112                     /usr/lib/x86_64-linux-gnu/libwayland-server.so.0.1.0
7ffa653df000-7ffa655de000 ---p 0000f000 08:06 537112                     /usr/lib/x86_64-linux-gnu/libwayland-server.so.0.1.0
7ffa655de000-7ffa655e0000 r--p 0000e000 08:06 537112                     /usr/lib/x86_64-linux-gnu/libwayland-server.so.0.1.0
7ffa655e0000-7ffa655e1000 rw-p 00010000 08:06 537112                     /usr/lib/x86_64-linux-gnu/libwayland-server.so.0.1.0
7ffa655e8000-7ffa655f3000 r-xp 00000000 08:06 537106                     /usr/lib/x86_64-linux-gnu/libwayland-client.so.0.2.0
7ffa655f3000-7ffa657f2000 ---p 0000b000 08:06 537106                     /usr/lib/x86_64-linux-gnu/libwayland-client.so.0.2.0
7ffa657f2000-7ffa657f4000 r--p 0000a000 08:06 537106                     /usr/lib/x86_64-linux-gnu/libwayland-client.so.0.2.0
7ffa657f4000-7ffa657f5000 rw-p 0000c000 08:06 537106                     /usr/lib/x86_64-linux-gnu/libwayland-client.so.0.2.0
7ffa657f8000-7ffa657fd000 r-xp 00000000 08:06 537167                     /usr/lib/x86_64-linux-gnu/libxcb-xfixes.so.0.0.0
7ffa657fd000-7ffa659fd000 ---p 00005000 08:06 537167                     /usr/lib/x86_64-linux-gnu/libxcb-xfixes.so.0.0.0
7ffa659fd000-7ffa659fe000 r--p 00005000 08:06 537167                     /usr/lib/x86_64-linux-gnu/libxcb-xfixes.so.0.0.0
7ffa659fe000-7ffa659ff000 rw-p 00006000 08:06 537167                     /usr/lib/x86_64-linux-gnu/libxcb-xfixes.so.0.0.0
7ffa65a00000-7ffa65a03000 r-xp 00000000 08:06 537139                     /usr/lib/x86_64-linux-gnu/libxcb-dri2.so.0.0.0
7ffa65a03000-7ffa65c03000 ---p 00003000 08:06 537139                     /usr/lib/x86_64-linux-gnu/libxcb-dri2.so.0.0.0
7ffa65c03000-7ffa65c04000 r--p 00003000 08:06 537139                     /usr/lib/x86_64-linux-gnu/libxcb-dri2.so.0.0.0
7ffa65c04000-7ffa65c05000 rw-p 00004000 08:06 537139                     /usr/lib/x86_64-linux-gnu/libxcb-dri2.so.0.0.0
7ffa65c08000-7ffa65c09000 r-xp 00000000 08:06 535954                     /usr/lib/x86_64-linux-gnu/libX11-xcb.so.1.0.0
7ffa65c09000-7ffa65e08000 ---p 00001000 08:06 535954                     /usr/lib/x86_64-linux-gnu/libX11-xcb.so.1.0.0
7ffa65e08000-7ffa65e09000 r--p 00000000 08:06 535954                     /usr/lib/x86_64-linux-gnu/libX11-xcb.so.1.0.0
7ffa65e09000-7ffa65e0a000 rw-p 00001000 08:06 535954                     /usr/lib/x86_64-linux-gnu/libX11-xcb.so.1.0.0
7ffa65e10000-7ffa65e33000 r-xp 00000000 08:06 797304                     /usr/lib/x86_64-linux-gnu/mesa-egl/libEGL.so.1.0.0
7ffa65e33000-7ffa66033000 ---p 00023000 08:06 797304                     /usr/lib/x86_64-linux-gnu/mesa-egl/libEGL.so.1.0.0
7ffa66033000-7ffa66034000 r--p 00023000 08:06 797304                     /usr/lib/x86_64-linux-gnu/mesa-egl/libEGL.so.1.0.0
7ffa66034000-7ffa66035000 rw-p 00024000 08:06 797304                     /usr/lib/x86_64-linux-gnu/mesa-egl/libEGL.so.1.0.0
7ffa66038000-7ffa6605a000 r-xp 00000000 08:06 536416                     /usr/lib/x86_64-linux-gnu/libglapi.so.0.0.0
7ffa6605a000-7ffa6625a000 ---p 00022000 08:06 536416                     /usr/lib/x86_64-linux-gnu/libglapi.so.0.0.0
7ffa6625a000-7ffa6625d000 r--p 00022000 08:06 536416                     /usr/lib/x86_64-linux-gnu/libglapi.so.0.0.0
7ffa6625d000-7ffa6625e000 rw-p 00025000 08:06 536416                     /usr/lib/x86_64-linux-gnu/libglapi.so.0.0.0
7ffa6625e000-7ffa6625f000 rw-p 00000000 00:00 0 
7ffa66260000-7ffa66266000 r-xp 00000000 08:06 797308                     /usr/lib/x86_64-linux-gnu/mesa-egl/libGLESv2.so.2.0.0
7ffa66266000-7ffa66466000 ---p 00006000 08:06 797308                     /usr/lib/x86_64-linux-gnu/mesa-egl/libGLESv2.so.2.0.0
7ffa66466000-7ffa66467000 r--p 00006000 08:06 797308                     /usr/lib/x86_64-linux-gnu/mesa-egl/libGLESv2.so.2.0.0
7ffa66467000-7ffa66468000 rw-p 00007000 08:06 797308                     /usr/lib/x86_64-linux-gnu/mesa-egl/libGLESv2.so.2.0.0
7ffa66590000-7ffa66643000 r-xp 00000000 08:06 279907                     /tmp/jogamp_0000/file_cache/jln3493149003045078455/jln7946087174864717647/libjogl_desktop.so
7ffa66643000-7ffa66843000 ---p 000b3000 08:06 279907                     /tmp/jogamp_0000/file_cache/jln3493149003045078455/jln7946087174864717647/libjogl_desktop.so
7ffa66843000-7ffa66844000 rw-p 000b3000 08:06 279907                     /tmp/jogamp_0000/file_cache/jln3493149003045078455/jln7946087174864717647/libjogl_desktop.so
7ffa66848000-7ffa668f2000 r-xp 00000000 08:06 538439                     /usr/lib/fglrx/fglrx-libGL.so.1.2
7ffa668f2000-7ffa669f2000 ---p 000aa000 08:06 538439                     /usr/lib/fglrx/fglrx-libGL.so.1.2
7ffa669f2000-7ffa66a28000 rwxp 000aa000 08:06 538439                     /usr/lib/fglrx/fglrx-libGL.so.1.2
7ffa66a28000-7ffa66a45000 rwxp 00000000 00:00 0 
7ffa66a68000-7ffa66a6f000 r-xp 00000000 08:06 279910                     /tmp/jogamp_0000/file_cache/jln3493149003045078455/jln7946087174864717647/libnativewindow_x11.so
7ffa66a6f000-7ffa66c6e000 ---p 00007000 08:06 279910                     /tmp/jogamp_0000/file_cache/jln3493149003045078455/jln7946087174864717647/libnativewindow_x11.so
7ffa66c6e000-7ffa66c6f000 rw-p 00006000 08:06 279910                     /tmp/jogamp_0000/file_cache/jln3493149003045078455/jln7946087174864717647/libnativewindow_x11.so
7ffa66c6f000-7ffa66c72000 ---p 00000000 00:00 0 
7ffa66c72000-7ffa66d70000 rw-p 00000000 00:00 0                          [stack:2473]
7ffa66d70000-7ffa66d74000 r-xp 00000000 08:06 536011                     /usr/lib/x86_64-linux-gnu/libXxf86vm.so.1.0.0
7ffa66d74000-7ffa66f74000 ---p 00004000 08:06 536011                     /usr/lib/x86_64-linux-gnu/libXxf86vm.so.1.0.0
7ffa66f74000-7ffa66f75000 r--p 00004000 08:06 536011                     /usr/lib/x86_64-linux-gnu/libXxf86vm.so.1.0.0
7ffa66f75000-7ffa66f76000 rw-p 00005000 08:06 536011                     /usr/lib/x86_64-linux-gnu/libXxf86vm.so.1.0.0
7ffa66f98000-7ffa66f9a000 r-xp 00000000 08:06 279909                     /tmp/jogamp_0000/file_cache/jln3493149003045078455/jln7946087174864717647/libnativewindow_awt.so
7ffa66f9a000-7ffa67199000 ---p 00002000 08:06 279909                     /tmp/jogamp_0000/file_cache/jln3493149003045078455/jln7946087174864717647/libnativewindow_awt.so
7ffa67199000-7ffa6719a000 rw-p 00001000 08:06 279909                     /tmp/jogamp_0000/file_cache/jln3493149003045078455/jln7946087174864717647/libnativewindow_awt.so
7ffa671a0000-7ffa671a1000 r-xp 00000000 08:06 563082                     /usr/lib/jvm/java-7-openjdk-amd64/jre/lib/amd64/libjawt.so
7ffa671a1000-7ffa673a0000 ---p 00001000 08:06 563082                     /usr/lib/jvm/java-7-openjdk-amd64/jre/lib/amd64/libjawt.so
7ffa673a0000-7ffa673a1000 r--p 00000000 08:06 563082                     /usr/lib/jvm/java-7-openjdk-amd64/jre/lib/amd64/libjawt.so
7ffa673a1000-7ffa673a2000 rw-p 00001000 08:06 563082                     /usr/lib/jvm/java-7-openjdk-amd64/jre/lib/amd64/libjawt.so
7ffa673a8000-7ffa673aa000 r-xp 00000000 08:06 279906                     /tmp/jogamp_0000/file_cache/jln3493149003045078455/jln7946087174864717647/libgluegen-rt.so
7ffa673aa000-7ffa675a9000 ---p 00002000 08:06 279906                     /tmp/jogamp_0000/file_cache/jln3493149003045078455/jln7946087174864717647/libgluegen-rt.so
7ffa675a9000-7ffa675aa000 rw-p 00001000 08:06 279906                     /tmp/jogamp_0000/file_cache/jln3493149003045078455/jln7946087174864717647/libgluegen-rt.so
7ffa675af000-7ffa675b2000 ---p 00000000 00:00 0 
7ffa675b2000-7ffa676b0000 rw-p 00000000 00:00 0                          [stack:2472]
7ffa676b0000-7ffa676c0000 r-xp 00000000 08:06 563054                     /usr/lib/jvm/java-7-openjdk-amd64/jre/lib/amd64/libnio.so
7ffa676c0000-7ffa678c0000 ---p 00010000 08:06 563054                     /usr/lib/jvm/java-7-openjdk-amd64/jre/lib/amd64/libnio.so
7ffa678c0000-7ffa678c1000 r--p 00010000 08:06 563054                     /usr/lib/jvm/java-7-openjdk-amd64/jre/lib/amd64/libnio.so
7ffa678c1000-7ffa678c2000 rw-p 00011000 08:06 563054                     /usr/lib/jvm/java-7-openjdk-amd64/jre/lib/amd64/libnio.so
7ffa678c8000-7ffa678df000 r-xp 00000000 08:06 563084                     /usr/lib/jvm/java-7-openjdk-amd64/jre/lib/amd64/libnet.so
7ffa678df000-7ffa67ade000 ---p 00017000 08:06 563084                     /usr/lib/jvm/java-7-openjdk-amd64/jre/lib/amd64/libnet.so
7ffa67ade000-7ffa67adf000 r--p 00016000 08:06 563084                     /usr/lib/jvm/java-7-openjdk-amd64/jre/lib/amd64/libnet.so
7ffa67adf000-7ffa67ae0000 rw-p 00017000 08:06 563084                     /usr/lib/jvm/java-7-openjdk-amd64/jre/lib/amd64/libnet.so
7ffa67ae7000-7ffa67aea000 ---p 00000000 00:00 0 
7ffa67aea000-7ffa67be8000 rw-p 00000000 00:00 0                          [stack:2463]
7ffa67be8000-7ffa67bed000 r-xp 00000000 08:06 535975                     /usr/lib/x86_64-linux-gnu/libXfixes.so.3.1.0
7ffa67bed000-7ffa67dec000 ---p 00005000 08:06 535975                     /usr/lib/x86_64-linux-gnu/libXfixes.so.3.1.0
7ffa67dec000-7ffa67ded000 r--p 00004000 08:06 535975                     /usr/lib/x86_64-linux-gnu/libXfixes.so.3.1.0
7ffa67ded000-7ffa67dee000 rw-p 00005000 08:06 535975                     /usr/lib/x86_64-linux-gnu/libXfixes.so.3.1.0
7ffa67df0000-7ffa67df9000 r-xp 00000000 08:06 535967                     /usr/lib/x86_64-linux-gnu/libXcursor.so.1.0.2
7ffa67df9000-7ffa67ff8000 ---p 00009000 08:06 535967                     /usr/lib/x86_64-linux-gnu/libXcursor.so.1.0.2
7ffa67ff8000-7ffa67ff9000 r--p 00008000 08:06 535967                     /usr/lib/x86_64-linux-gnu/libXcursor.so.1.0.2
7ffa67ff9000-7ffa67ffa000 rw-p 00009000 08:06 535967                     /usr/lib/x86_64-linux-gnu/libXcursor.so.1.0.2
7ffa68000000-7ffa68021000 rw-p 00000000 00:00 0 
7ffa68021000-7ffa6c000000 ---p 00000000 00:00 0 
7ffa6c000000-7ffa6c021000 rw-p 00000000 00:00 0 
7ffa6c021000-7ffa70000000 ---p 00000000 00:00 0 
7ffa70005000-7ffa70036000 rw-p 00000000 00:00 0 
7ffa70036000-7ffa70039000 ---p 00000000 00:00 0 
7ffa70039000-7ffa70137000 rw-p 00000000 00:00 0                          [stack:2462]
7ffa70137000-7ffa7013a000 ---p 00000000 00:00 0 
7ffa7013a000-7ffa70238000 rw-p 00000000 00:00 0                          [stack:2461]
7ffa70238000-7ffa7023c000 r-xp 00000000 08:06 267064                     /lib/x86_64-linux-gnu/libgpg-error.so.0.10.0
7ffa7023c000-7ffa7043b000 ---p 00004000 08:06 267064                     /lib/x86_64-linux-gnu/libgpg-error.so.0.10.0
7ffa7043b000-7ffa7043c000 r--p 00003000 08:06 267064                     /lib/x86_64-linux-gnu/libgpg-error.so.0.10.0
7ffa7043c000-7ffa7043d000 rw-p 00004000 08:06 267064                     /lib/x86_64-linux-gnu/libgpg-error.so.0.10.0
7ffa70440000-7ffa70442000 r-xp 00000000 08:06 267074                     /lib/x86_64-linux-gnu/libkeyutils.so.1.4
7ffa70442000-7ffa70642000 ---p 00002000 08:06 267074                     /lib/x86_64-linux-gnu/libkeyutils.so.1.4
7ffa70642000-7ffa70643000 r--p 00002000 08:06 267074                     /lib/x86_64-linux-gnu/libkeyutils.so.1.4
7ffa70643000-7ffa70644000 rw-p 00003000 08:06 267074                     /lib/x86_64-linux-gnu/libkeyutils.so.1.4
7ffa70648000-7ffa70685000 r-xp 00000000 08:06 267085                     /lib/x86_64-linux-gnu/libpcre.so.3.13.1
7ffa70685000-7ffa70884000 ---p 0003d000 08:06 267085                     /lib/x86_64-linux-gnu/libpcre.so.3.13.1
7ffa70884000-7ffa70885000 r--p 0003c000 08:06 267085                     /lib/x86_64-linux-gnu/libpcre.so.3.13.1
7ffa70885000-7ffa70886000 rw-p 0003d000 08:06 267085                     /lib/x86_64-linux-gnu/libpcre.so.3.13.1
7ffa70888000-7ffa708ad000 r-xp 00000000 08:06 279895                     /lib/x86_64-linux-gnu/libpng12.so.0.50.0
7ffa708ad000-7ffa70aac000 ---p 00025000 08:06 279895                     /lib/x86_64-linux-gnu/libpng12.so.0.50.0
7ffa70aac000-7ffa70aad000 r--p 00024000 08:06 279895                     /lib/x86_64-linux-gnu/libpng12.so.0.50.0
7ffa70aad000-7ffa70aae000 rw-p 00025000 08:06 279895                     /lib/x86_64-linux-gnu/libpng12.so.0.50.0
7ffa70ab0000-7ffa70af4000 r-xp 00000000 08:06 267045                     /lib/x86_64-linux-gnu/libdbus-1.so.3.7.6
7ffa70af4000-7ffa70cf3000 ---p 00044000 08:06 267045                     /lib/x86_64-linux-gnu/libdbus-1.so.3.7.6
7ffa70cf3000-7ffa70cf4000 r--p 00043000 08:06 267045                     /lib/x86_64-linux-gnu/libdbus-1.so.3.7.6
7ffa70cf4000-7ffa70cf5000 rw-p 00044000 08:06 267045                     /lib/x86_64-linux-gnu/libdbus-1.so.3.7.6
7ffa70cf8000-7ffa70d33000 r-xp 00000000 08:06 536840                     /usr/lib/x86_64-linux-gnu/libp11-kit.so.0.0.0
7ffa70d33000-7ffa70f32000 ---p 0003b000 08:06 536840                     /usr/lib/x86_64-linux-gnu/libp11-kit.so.0.0.0
7ffa70f32000-7ffa70f38000 r--p 0003a000 08:06 536840                     /usr/lib/x86_64-linux-gnu/libp11-kit.so.0.0.0
7ffa70f38000-7ffa70f3a000 rw-p 00040000 08:06 536840                     /usr/lib/x86_64-linux-gnu/libp11-kit.so.0.0.0
7ffa70f40000-7ffa70f52000 r-xp 00000000 08:06 537019                     /usr/lib/x86_64-linux-gnu/libtasn1.so.6.2.0
7ffa70f52000-7ffa71152000 ---p 00012000 08:06 537019                     /usr/lib/x86_64-linux-gnu/libtasn1.so.6.2.0
7ffa71152000-7ffa71153000 r--p 00012000 08:06 537019                     /usr/lib/x86_64-linux-gnu/libtasn1.so.6.2.0
7ffa71153000-7ffa71154000 rw-p 00013000 08:06 537019                     /usr/lib/x86_64-linux-gnu/libtasn1.so.6.2.0
7ffa71158000-7ffa711d4000 r-xp 00000000 08:06 267060                     /lib/x86_64-linux-gnu/libgcrypt.so.11.8.2
7ffa711d4000-7ffa713d4000 ---p 0007c000 08:06 267060                     /lib/x86_64-linux-gnu/libgcrypt.so.11.8.2
7ffa713d4000-7ffa713d5000 r--p 0007c000 08:06 267060                     /lib/x86_64-linux-gnu/libgcrypt.so.11.8.2
7ffa713d5000-7ffa713d8000 rw-p 0007d000 08:06 267060                     /lib/x86_64-linux-gnu/libgcrypt.so.11.8.2
7ffa713d8000-7ffa713e2000 r-xp 00000000 08:06 531485                     /usr/lib/x86_64-linux-gnu/libkrb5support.so.0.1
7ffa713e2000-7ffa715e1000 ---p 0000a000 08:06 531485                     /usr/lib/x86_64-linux-gnu/libkrb5support.so.0.1
7ffa715e1000-7ffa715e2000 r--p 00009000 08:06 531485                     /usr/lib/x86_64-linux-gnu/libkrb5support.so.0.1
7ffa715e2000-7ffa715e3000 rw-p 0000a000 08:06 531485                     /usr/lib/x86_64-linux-gnu/libkrb5support.so.0.1
7ffa715e8000-7ffa715eb000 r-xp 00000000 08:06 263340                     /lib/x86_64-linux-gnu/libcom_err.so.2.1
7ffa715eb000-7ffa717ea000 ---p 00003000 08:06 263340                     /lib/x86_64-linux-gnu/libcom_err.so.2.1
7ffa717ea000-7ffa717eb000 r--p 00002000 08:06 263340                     /lib/x86_64-linux-gnu/libcom_err.so.2.1
7ffa717eb000-7ffa717ec000 rw-p 00003000 08:06 263340                     /lib/x86_64-linux-gnu/libcom_err.so.2.1
7ffa717f0000-7ffa7181c000 r-xp 00000000 08:06 531481                     /usr/lib/x86_64-linux-gnu/libk5crypto.so.3.1
7ffa7181c000-7ffa71a1b000 ---p 0002c000 08:06 531481                     /usr/lib/x86_64-linux-gnu/libk5crypto.so.3.1
7ffa71a1b000-7ffa71a1d000 r--p 0002b000 08:06 531481                     /usr/lib/x86_64-linux-gnu/libk5crypto.so.3.1
7ffa71a1d000-7ffa71a1e000 rw-p 0002d000 08:06 531481                     /usr/lib/x86_64-linux-gnu/libk5crypto.so.3.1
7ffa71a1e000-7ffa71a1f000 rw-p 00000000 00:00 0 
7ffa71a20000-7ffa71adc000 r-xp 00000000 08:06 531483                     /usr/lib/x86_64-linux-gnu/libkrb5.so.3.3
7ffa71adc000-7ffa71cdc000 ---p 000bc000 08:06 531483                     /usr/lib/x86_64-linux-gnu/libkrb5.so.3.3
7ffa71cdc000-7ffa71ce9000 r--p 000bc000 08:06 531483                     /usr/lib/x86_64-linux-gnu/libkrb5.so.3.3
7ffa71ce9000-7ffa71ceb000 rw-p 000c9000 08:06 531483                     /usr/lib/x86_64-linux-gnu/libkrb5.so.3.3
7ffa71cf0000-7ffa71cf5000 r-xp 00000000 08:06 535971                     /usr/lib/x86_64-linux-gnu/libXdmcp.so.6.0.0
7ffa71cf5000-7ffa71ef4000 ---p 00005000 08:06 535971                     /usr/lib/x86_64-linux-gnu/libXdmcp.so.6.0.0
7ffa71ef4000-7ffa71ef5000 r--p 00004000 08:06 535971                     /usr/lib/x86_64-linux-gnu/libXdmcp.so.6.0.0
7ffa71ef5000-7ffa71ef6000 rw-p 00005000 08:06 535971                     /usr/lib/x86_64-linux-gnu/libXdmcp.so.6.0.0
7ffa71ef8000-7ffa71efa000 r-xp 00000000 08:06 535960                     /usr/lib/x86_64-linux-gnu/libXau.so.6.0.0
7ffa71efa000-7ffa720fa000 ---p 00002000 08:06 535960                     /usr/lib/x86_64-linux-gnu/libXau.so.6.0.0
7ffa720fa000-7ffa720fb000 r--p 00002000 08:06 535960                     /usr/lib/x86_64-linux-gnu/libXau.so.6.0.0
7ffa720fb000-7ffa720fc000 rw-p 00003000 08:06 535960                     /usr/lib/x86_64-linux-gnu/libXau.so.6.0.0
7ffa72100000-7ffa72107000 r-xp 00000000 08:06 554639                     /usr/lib/x86_64-linux-gnu/libffi.so.6.0.1
7ffa72107000-7ffa72306000 ---p 00007000 08:06 554639                     /usr/lib/x86_64-linux-gnu/libffi.so.6.0.1
7ffa72306000-7ffa72307000 r--p 00006000 08:06 554639                     /usr/lib/x86_64-linux-gnu/libffi.so.6.0.1
7ffa72307000-7ffa72308000 rw-p 00007000 08:06 554639                     /usr/lib/x86_64-linux-gnu/libffi.so.6.0.1
7ffa72308000-7ffa7231f000 r-xp 00000000 08:06 267158                     /lib/x86_64-linux-gnu/libresolv-2.19.so
7ffa7231f000-7ffa7251f000 ---p 00017000 08:06 267158                     /lib/x86_64-linux-gnu/libresolv-2.19.so
7ffa7251f000-7ffa72520000 r--p 00017000 08:06 267158                     /lib/x86_64-linux-gnu/libresolv-2.19.so
7ffa72520000-7ffa72521000 rw-p 00018000 08:06 267158                     /lib/x86_64-linux-gnu/libresolv-2.19.so
7ffa72521000-7ffa72523000 rw-p 00000000 00:00 0 
7ffa72528000-7ffa72548000 r-xp 00000000 08:06 267162                     /lib/x86_64-linux-gnu/libselinux.so.1
7ffa72548000-7ffa72747000 ---p 00020000 08:06 267162                     /lib/x86_64-linux-gnu/libselinux.so.1
7ffa72747000-7ffa72748000 r--p 0001f000 08:06 267162                     /lib/x86_64-linux-gnu/libselinux.so.1
7ffa72748000-7ffa72749000 rw-p 00020000 08:06 267162                     /lib/x86_64-linux-gnu/libselinux.so.1
7ffa72749000-7ffa7274b000 rw-p 00000000 00:00 0 
7ffa72750000-7ffa72856000 r-xp 00000000 08:06 267062                     /lib/x86_64-linux-gnu/libglib-2.0.so.0.4002.0
7ffa72856000-7ffa72a55000 ---p 00106000 08:06 267062                     /lib/x86_64-linux-gnu/libglib-2.0.so.0.4002.0
7ffa72a55000-7ffa72a56000 r--p 00105000 08:06 267062                     /lib/x86_64-linux-gnu/libglib-2.0.so.0.4002.0
7ffa72a56000-7ffa72a57000 rw-p 00106000 08:06 267062                     /lib/x86_64-linux-gnu/libglib-2.0.so.0.4002.0
7ffa72a57000-7ffa72a58000 rw-p 00000000 00:00 0 
7ffa72a58000-7ffa72a5b000 r-xp 00000000 08:06 536424                     /usr/lib/x86_64-linux-gnu/libgmodule-2.0.so.0.4002.0
7ffa72a5b000-7ffa72c5a000 ---p 00003000 08:06 536424                     /usr/lib/x86_64-linux-gnu/libgmodule-2.0.so.0.4002.0
7ffa72c5a000-7ffa72c5b000 r--p 00002000 08:06 536424                     /usr/lib/x86_64-linux-gnu/libgmodule-2.0.so.0.4002.0
7ffa72c5b000-7ffa72c5c000 rw-p 00003000 08:06 536424                     /usr/lib/x86_64-linux-gnu/libgmodule-2.0.so.0.4002.0
7ffa72c60000-7ffa72c87000 r-xp 00000000 08:06 267392                     /lib/x86_64-linux-gnu/libexpat.so.1.6.0
7ffa72c87000-7ffa72e87000 ---p 00027000 08:06 267392                     /lib/x86_64-linux-gnu/libexpat.so.1.6.0
7ffa72e87000-7ffa72e89000 r--p 00027000 08:06 267392                     /lib/x86_64-linux-gnu/libexpat.so.1.6.0
7ffa72e89000-7ffa72e8a000 rw-p 00029000 08:06 267392                     /lib/x86_64-linux-gnu/libexpat.so.1.6.0
7ffa72e90000-7ffa72f2d000 r-xp 00000000 08:06 528302                     /usr/lib/x86_64-linux-gnu/libfreetype.so.6.11.1
7ffa72f2d000-7ffa7312c000 ---p 0009d000 08:06 528302                     /usr/lib/x86_64-linux-gnu/libfreetype.so.6.11.1
7ffa7312c000-7ffa73132000 r--p 0009c000 08:06 528302                     /usr/lib/x86_64-linux-gnu/libfreetype.so.6.11.1
7ffa73132000-7ffa73133000 rw-p 000a2000 08:06 528302                     /usr/lib/x86_64-linux-gnu/libfreetype.so.6.11.1
7ffa73138000-7ffa73147000 r-xp 00000000 08:06 536070                     /usr/lib/x86_64-linux-gnu/libavahi-client.so.3.2.9
7ffa73147000-7ffa73347000 ---p 0000f000 08:06 536070                     /usr/lib/x86_64-linux-gnu/libavahi-client.so.3.2.9
7ffa73347000-7ffa73348000 r--p 0000f000 08:06 536070                     /usr/lib/x86_64-linux-gnu/libavahi-client.so.3.2.9
7ffa73348000-7ffa73349000 rw-p 00010000 08:06 536070                     /usr/lib/x86_64-linux-gnu/libavahi-client.so.3.2.9
7ffa73350000-7ffa7335b000 r-xp 00000000 08:06 536072                     /usr/lib/x86_64-linux-gnu/libavahi-common.so.3.5.3
7ffa7335b000-7ffa7355a000 ---p 0000b000 08:06 536072                     /usr/lib/x86_64-linux-gnu/libavahi-common.so.3.5.3
7ffa7355a000-7ffa7355b000 r--p 0000a000 08:06 536072                     /usr/lib/x86_64-linux-gnu/libavahi-common.so.3.5.3
7ffa7355b000-7ffa7355c000 rw-p 0000b000 08:06 536072                     /usr/lib/x86_64-linux-gnu/libavahi-common.so.3.5.3
7ffa73560000-7ffa73616000 r-xp 00000000 08:06 536442                     /usr/lib/x86_64-linux-gnu/libgnutls.so.26.22.6
7ffa73616000-7ffa73816000 ---p 000b6000 08:06 536442                     /usr/lib/x86_64-linux-gnu/libgnutls.so.26.22.6
7ffa73816000-7ffa7381c000 r--p 000b6000 08:06 536442                     /usr/lib/x86_64-linux-gnu/libgnutls.so.26.22.6
7ffa7381c000-7ffa7381d000 rw-p 000bc000 08:06 536442                     /usr/lib/x86_64-linux-gnu/libgnutls.so.26.22.6
7ffa7381d000-7ffa7381e000 rw-p 00000000 00:00 0 
7ffa73820000-7ffa73864000 r-xp 00000000 08:06 536675                     /usr/lib/x86_64-linux-gnu/libgssapi_krb5.so.2.2
7ffa73864000-7ffa73a64000 ---p 00044000 08:06 536675                     /usr/lib/x86_64-linux-gnu/libgssapi_krb5.so.2.2
7ffa73a64000-7ffa73a65000 r--p 00044000 08:06 536675                     /usr/lib/x86_64-linux-gnu/libgssapi_krb5.so.2.2
7ffa73a65000-7ffa73a67000 rw-p 00045000 08:06 536675                     /usr/lib/x86_64-linux-gnu/libgssapi_krb5.so.2.2
7ffa73a68000-7ffa73a85000 r-xp 00000000 08:06 537173                     /usr/lib/x86_64-linux-gnu/libxcb.so.1.1.0
7ffa73a85000-7ffa73c85000 ---p 0001d000 08:06 537173                     /usr/lib/x86_64-linux-gnu/libxcb.so.1.1.0
7ffa73c85000-7ffa73c86000 r--p 0001d000 08:06 537173                     /usr/lib/x86_64-linux-gnu/libxcb.so.1.1.0
7ffa73c86000-7ffa73c87000 rw-p 0001e000 08:06 537173                     /usr/lib/x86_64-linux-gnu/libxcb.so.1.1.0
7ffa73c88000-7ffa73df4000 r-xp 00000000 08:06 536408                     /usr/lib/x86_64-linux-gnu/libgio-2.0.so.0.4002.0
7ffa73df4000-7ffa73ff3000 ---p 0016c000 08:06 536408                     /usr/lib/x86_64-linux-gnu/libgio-2.0.so.0.4002.0
7ffa73ff3000-7ffa73ff7000 r--p 0016b000 08:06 536408                     /usr/lib/x86_64-linux-gnu/libgio-2.0.so.0.4002.0
7ffa73ff7000-7ffa73ff9000 rw-p 0016f000 08:06 536408                     /usr/lib/x86_64-linux-gnu/libgio-2.0.so.0.4002.0
7ffa73ff9000-7ffa73ffb000 rw-p 00000000 00:00 0 
7ffa74000000-7ffa74428000 rw-p 00000000 00:00 0 
7ffa74428000-7ffa78000000 ---p 00000000 00:00 0 
7ffa78000000-7ffa78021000 rw-p 00000000 00:00 0 
7ffa78021000-7ffa7c000000 ---p 00000000 00:00 0 
7ffa7c000000-7ffa7c021000 rw-p 00000000 00:00 0 
7ffa7c021000-7ffa80000000 ---p 00000000 00:00 0 
7ffa80000000-7ffa80421000 rw-p 00000000 00:00 0 
7ffa80421000-7ffa84000000 ---p 00000000 00:00 0 
7ffa84000000-7ffa84021000 rw-p 00000000 00:00 0 
7ffa84021000-7ffa88000000 ---p 00000000 00:00 0 
7ffa88000000-7ffa88021000 rw-p 00000000 00:00 0 
7ffa88021000-7ffa8c000000 ---p 00000000 00:00 0 
7ffa8c000000-7ffa8c021000 rw-p 00000000 00:00 0 
7ffa8c021000-7ffa90000000 ---p 00000000 00:00 0 
7ffa90010000-7ffa90011000 rw-s 00000000 00:14 319362                     /run/shm/sem.__AMD_GL_CACHE__05ba96eaa344c23c_34 (deleted)
7ffa90015000-7ffa90016000 rw-s 00005000 00:05 14045                      /dev/ati/card0
7ffa9001a000-7ffa9001c000 rw-s 00002000 00:05 14045                      /dev/ati/card0
7ffa9001f000-7ffa90022000 ---p 00000000 00:00 0 
7ffa90022000-7ffa90058000 rw-p 00000000 00:00 0                          [stack:2467]
7ffa90058000-7ffa9007e000 r--p 00000000 08:06 940304                     /usr/share/locale-langpack/de/LC_MESSAGES/libc.mo
7ffa90080000-7ffa900cf000 r-xp 00000000 08:06 536448                     /usr/lib/x86_64-linux-gnu/libgobject-2.0.so.0.4002.0
7ffa900cf000-7ffa902cf000 ---p 0004f000 08:06 536448                     /usr/lib/x86_64-linux-gnu/libgobject-2.0.so.0.4002.0
7ffa902cf000-7ffa902d0000 r--p 0004f000 08:06 536448                     /usr/lib/x86_64-linux-gnu/libgobject-2.0.so.0.4002.0
7ffa902d0000-7ffa902d1000 rw-p 00050000 08:06 536448                     /usr/lib/x86_64-linux-gnu/libgobject-2.0.so.0.4002.0
7ffa902d8000-7ffa90312000 r-xp 00000000 08:06 536318                     /usr/lib/x86_64-linux-gnu/libfontconfig.so.1.8.0
7ffa90312000-7ffa90511000 ---p 0003a000 08:06 536318                     /usr/lib/x86_64-linux-gnu/libfontconfig.so.1.8.0
7ffa90511000-7ffa90513000 r--p 00039000 08:06 536318                     /usr/lib/x86_64-linux-gnu/libfontconfig.so.1.8.0
7ffa90513000-7ffa90514000 rw-p 0003b000 08:06 536318                     /usr/lib/x86_64-linux-gnu/libfontconfig.so.1.8.0
7ffa90518000-7ffa90584000 r-xp 00000000 08:06 528298                     /usr/lib/x86_64-linux-gnu/libcups.so.2
7ffa90584000-7ffa90784000 ---p 0006c000 08:06 528298                     /usr/lib/x86_64-linux-gnu/libcups.so.2
7ffa90784000-7ffa9078b000 r--p 0006c000 08:06 528298                     /usr/lib/x86_64-linux-gnu/libcups.so.2
7ffa9078b000-7ffa9078c000 rw-p 00073000 08:06 528298                     /usr/lib/x86_64-linux-gnu/libcups.so.2
7ffa90790000-7ffa9079f000 r-xp 00000000 08:06 535981                     /usr/lib/x86_64-linux-gnu/libXi.so.6.1.0
7ffa9079f000-7ffa9099e000 ---p 0000f000 08:06 535981                     /usr/lib/x86_64-linux-gnu/libXi.so.6.1.0
7ffa9099e000-7ffa9099f000 r--p 0000e000 08:06 535981                     /usr/lib/x86_64-linux-gnu/libXi.so.6.1.0
7ffa9099f000-7ffa909a0000 rw-p 0000f000 08:06 535981                     /usr/lib/x86_64-linux-gnu/libXi.so.6.1.0
7ffa909a0000-7ffa909a5000 r-xp 00000000 08:06 536001                     /usr/lib/x86_64-linux-gnu/libXtst.so.6.1.0
7ffa909a5000-7ffa90ba4000 ---p 00005000 08:06 536001                     /usr/lib/x86_64-linux-gnu/libXtst.so.6.1.0
7ffa90ba4000-7ffa90ba5000 r--p 00004000 08:06 536001                     /usr/lib/x86_64-linux-gnu/libXtst.so.6.1.0
7ffa90ba5000-7ffa90ba6000 rw-p 00005000 08:06 536001                     /usr/lib/x86_64-linux-gnu/libXtst.so.6.1.0
7ffa90ba8000-7ffa90bb1000 r-xp 00000000 08:06 535995                     /usr/lib/x86_64-linux-gnu/libXrender.so.1.3.0
7ffa90bb1000-7ffa90db0000 ---p 00009000 08:06 535995                     /usr/lib/x86_64-linux-gnu/libXrender.so.1.3.0
7ffa90db0000-7ffa90db1000 r--p 00008000 08:06 535995                     /usr/lib/x86_64-linux-gnu/libXrender.so.1.3.0
7ffa90db1000-7ffa90db2000 rw-p 00009000 08:06 535995                     /usr/lib/x86_64-linux-gnu/libXrender.so.1.3.0
7ffa90db8000-7ffa90ee8000 r-xp 00000000 08:06 535956                     /usr/lib/x86_64-linux-gnu/libX11.so.6.3.0
7ffa90ee8000-7ffa910e8000 ---p 00130000 08:06 535956                     /usr/lib/x86_64-linux-gnu/libX11.so.6.3.0
7ffa910e8000-7ffa910e9000 r--p 00130000 08:06 535956                     /usr/lib/x86_64-linux-gnu/libX11.so.6.3.0
7ffa910e9000-7ffa910ed000 rw-p 00131000 08:06 535956                     /usr/lib/x86_64-linux-gnu/libX11.so.6.3.0
7ffa910f0000-7ffa91101000 r-xp 00000000 08:06 535973                     /usr/lib/x86_64-linux-gnu/libXext.so.6.4.0
7ffa91101000-7ffa91300000 ---p 00011000 08:06 535973                     /usr/lib/x86_64-linux-gnu/libXext.so.6.4.0
7ffa91300000-7ffa91301000 r--p 00010000 08:06 535973                     /usr/lib/x86_64-linux-gnu/libXext.so.6.4.0
7ffa91301000-7ffa91302000 rw-p 00011000 08:06 535973                     /usr/lib/x86_64-linux-gnu/libXext.so.6.4.0
7ffa91306000-7ffa9130b000 r--s 0004e000 08:06 563097                     /usr/lib/jvm/java-7-openjdk-amd64/jre/lib/jsse.jar
7ffa91311000-7ffa91313000 r--s 00009000 08:07 787481                     /home/timo/.gradle/caches/artifacts-23/filestore/org.hamcrest/hamcrest-core/1.3/jar/42a25dc3219429f0e5d060061f71acb49bf010a0/hamcrest-core-1.3.jar
7ffa91316000-7ffa91320000 r--s 000ae000 08:06 563104                     /usr/lib/jvm/java-7-openjdk-amd64/jre/lib/resources.jar
7ffa91320000-7ffa91327000 r--s 00000000 08:06 796666                     /usr/lib/x86_64-linux-gnu/gconv/gconv-modules.cache
7ffa91328000-7ffa91370000 r-xp 00000000 08:06 563025                     /usr/lib/jvm/java-7-openjdk-amd64/jre/lib/amd64/xawt/libmawt.so
7ffa91370000-7ffa9156f000 ---p 00048000 08:06 563025                     /usr/lib/jvm/java-7-openjdk-amd64/jre/lib/amd64/xawt/libmawt.so
7ffa9156f000-7ffa91570000 r--p 00047000 08:06 563025                     /usr/lib/jvm/java-7-openjdk-amd64/jre/lib/amd64/xawt/libmawt.so
7ffa91570000-7ffa91573000 rw-p 00048000 08:06 563025                     /usr/lib/jvm/java-7-openjdk-amd64/jre/lib/amd64/xawt/libmawt.so
7ffa91573000-7ffa91574000 rw-p 00000000 00:00 0 
7ffa91578000-7ffa91618000 r-xp 00000000 08:06 563059                     /usr/lib/jvm/java-7-openjdk-amd64/jre/lib/amd64/libawt.so
7ffa91618000-7ffa91818000 ---p 000a0000 08:06 563059                     /usr/lib/jvm/java-7-openjdk-amd64/jre/lib/amd64/libawt.so
7ffa91818000-7ffa91819000 r--p 000a0000 08:06 563059                     /usr/lib/jvm/java-7-openjdk-amd64/jre/lib/amd64/libawt.so
7ffa91819000-7ffa91824000 rw-p 000a1000 08:06 563059                     /usr/lib/jvm/java-7-openjdk-amd64/jre/lib/amd64/libawt.so
7ffa91824000-7ffa91849000 rw-p 00000000 00:00 0 
7ffa91850000-7ffa91873000 r--s 00308000 08:07 1836724                    /home/timo/.gradle/caches/artifacts-23/filestore/org.jogamp.jogl/jogl-all/2.3.1/jar/5453853b9401ede468806c863ec544c04a3d219c/jogl-all-2.3.1.jar
7ffa91879000-7ffa9187a000 r--s 00031000 08:07 1836721                    /home/timo/.gradle/caches/artifacts-23/filestore/org.jogamp.jogl/jogl-all/2.3.1/jar/342c861b59c42f5577bc32f79631aac33668fde3/jogl-all-2.3.1-natives-windows-i586.jar
7ffa91880000-7ffa91882000 r--s 00038000 08:07 1836718                    /home/timo/.gradle/caches/artifacts-23/filestore/org.jogamp.jogl/jogl-all/2.3.1/jar/b8783e6deac14bc17be54bf1172a8eeca9a38acf/jogl-all-2.3.1-natives-windows-amd64.jar
7ffa91885000-7ffa91886000 r--s 00025000 08:07 1836715                    /home/timo/.gradle/caches/artifacts-23/filestore/org.jogamp.jogl/jogl-all/2.3.1/jar/f15a89ffc077cd27e8132ee9a3e4552e13981d59/jogl-all-2.3.1-natives-solaris-i586.jar
7ffa9188b000-7ffa9188c000 r--s 00033000 08:07 1836712                    /home/timo/.gradle/caches/artifacts-23/filestore/org.jogamp.jogl/jogl-all/2.3.1/jar/5c1690a274bf1aef6cf356740c657e7fe3dce862/jogl-all-2.3.1-natives-solaris-amd64.jar
7ffa9188c000-7ffa9188e000 r--s 0006c000 08:07 1836709                    /home/timo/.gradle/caches/artifacts-23/filestore/org.jogamp.jogl/jogl-all/2.3.1/jar/6cae809cd707295f7e4ac585b138494c74fd9c5b/jogl-all-2.3.1-natives-macosx-universal.jar
7ffa91892000-7ffa91893000 r--s 00032000 08:07 1836661                    /home/timo/.gradle/caches/artifacts-23/filestore/org.jogamp.jogl/jogl-all/2.3.1/jar/e9a726cd9a8fe1c141cce6f9d0aac4847bb1332d/jogl-all-2.3.1-natives-linux-i586.jar
7ffa91896000-7ffa91897000 r--s 00026000 08:07 1836545                    /home/timo/.gradle/caches/artifacts-23/filestore/org.jogamp.jogl/jogl-all/2.3.1/jar/eebd22561e4831f6de26b1ff1d2717608f06ab4/jogl-all-2.3.1-natives-linux-armv6hf.jar
7ffa9189d000-7ffa9189e000 r--s 00025000 08:07 1836543                    /home/timo/.gradle/caches/artifacts-23/filestore/org.jogamp.jogl/jogl-all/2.3.1/jar/dea80080009fd205c79610f088e13ffefbca3bc9/jogl-all-2.3.1-natives-linux-armv6.jar
7ffa918a4000-7ffa918a5000 r--s 00034000 08:07 1706172                    /home/timo/.gradle/caches/artifacts-23/filestore/org.jogamp.jogl/jogl-all/2.3.1/jar/aa6b0da102d93166f4c6f60dd6ca8034f3aad85d/jogl-all-2.3.1-natives-linux-amd64.jar
7ffa918a6000-7ffa918a7000 r--s 0000e000 08:07 1576299                    /home/timo/.gradle/caches/artifacts-23/filestore/org.jogamp.jogl/jogl-all/2.3.1/jar/29713ba6291a7315187161b3401490de0143d1a5/jogl-all-2.3.1-natives-android-armv6.jar
7ffa918a7000-7ffa918a8000 r--s 0000f000 08:07 1445154                    /home/timo/.gradle/caches/artifacts-23/filestore/org.jogamp.jogl/jogl-all/2.3.1/jar/e83ea520b9497e1d3523f313c6304d2114da9da1/jogl-all-2.3.1-natives-android-aarch64.jar
7ffa918aa000-7ffa918b0000 r--s 0004a000 08:07 1836541                    /home/timo/.gradle/caches/artifacts-23/filestore/org.jogamp.gluegen/gluegen-rt/2.3.1/jar/b28a5ed162a28ab18f3018c6e25449770bcc2c2a/gluegen-rt-2.3.1.jar
7ffa918b1000-7ffa918b2000 r--s 00001000 08:07 1836539                    /home/timo/.gradle/caches/artifacts-23/filestore/org.jogamp.gluegen/gluegen-rt/2.3.1/jar/2b86175d6d3b355f8b18792eae8f1a13ee6a0f87/gluegen-rt-2.3.1-natives-windows-i586.jar
7ffa918b9000-7ffa918ba000 r--s 00001000 08:07 1836537                    /home/timo/.gradle/caches/artifacts-23/filestore/org.jogamp.gluegen/gluegen-rt/2.3.1/jar/e4c542372e3fa0df3d8255a0f1cbe462b95e7f4e/gluegen-rt-2.3.1-natives-windows-amd64.jar
7ffa918c0000-7ffa918c1000 r--s 00000000 08:07 1836535                    /home/timo/.gradle/caches/artifacts-23/filestore/org.jogamp.gluegen/gluegen-rt/2.3.1/jar/7a2317ffb049f53b857d068ffb9973f6ca2c6533/gluegen-rt-2.3.1-natives-solaris-i586.jar
7ffa918c1000-7ffa918c2000 r--s 00001000 08:07 1836533                    /home/timo/.gradle/caches/artifacts-23/filestore/org.jogamp.gluegen/gluegen-rt/2.3.1/jar/c2206cf637c322c1ae5d9d7f70d9c7e490dfc223/gluegen-rt-2.3.1-natives-solaris-amd64.jar
7ffa918c9000-7ffa918ca000 r--s 00001000 08:07 1836531                    /home/timo/.gradle/caches/artifacts-23/filestore/org.jogamp.gluegen/gluegen-rt/2.3.1/jar/eecdb0f18070d0d5f212bc5dd768e45a62ad8c12/gluegen-rt-2.3.1-natives-macosx-universal.jar
7ffa918d0000-7ffa918d2000 r--s 00000000 08:07 1836529                    /home/timo/.gradle/caches/artifacts-23/filestore/org.jogamp.gluegen/gluegen-rt/2.3.1/jar/846bc0c48ae091570df3847577d7a7a87c39a5ec/gluegen-rt-2.3.1-natives-linux-i586.jar
7ffa918d8000-7ffa918d9000 r--s 00000000 08:07 1836527                    /home/timo/.gradle/caches/artifacts-23/filestore/org.jogamp.gluegen/gluegen-rt/2.3.1/jar/4c3fe93985ab5f81cf52ff31d4e45441a10d420b/gluegen-rt-2.3.1-natives-linux-armv6hf.jar
7ffa918e0000-7ffa918e1000 r--s 00000000 08:07 1836525                    /home/timo/.gradle/caches/artifacts-23/filestore/org.jogamp.gluegen/gluegen-rt/2.3.1/jar/26e043e15b58c8c4bf2b1bcc19f3568e01203b18/gluegen-rt-2.3.1-natives-linux-armv6.jar
7ffa918e8000-7ffa918ea000 r--s 00000000 08:07 1836523                    /home/timo/.gradle/caches/artifacts-23/filestore/org.jogamp.gluegen/gluegen-rt/2.3.1/jar/4fc91a2476b5bfc2cab9aa130ba0279acccc37be/gluegen-rt-2.3.1-natives-linux-amd64.jar
7ffa918f1000-7ffa918f2000 r--s 00001000 08:07 1836521                    /home/timo/.gradle/caches/artifacts-23/filestore/org.jogamp.gluegen/gluegen-rt/2.3.1/jar/13eeb84308daf6054875537c4c8ee5a20292b408/gluegen-rt-2.3.1-natives-android-armv6.jar
7ffa918f8000-7ffa918f9000 r--s 00000000 08:07 1836519                    /home/timo/.gradle/caches/artifacts-23/filestore/org.jogamp.gluegen/gluegen-rt/2.3.1/jar/54c878c7325063307617974ffb875ddc3e9f1be9/gluegen-rt-2.3.1-natives-android-aarch64.jar
7ffa918fd000-7ffa91905000 r--s 00045000 08:07 787478                     /home/timo/.gradle/caches/artifacts-23/filestore/junit/junit/4.12/jar/2973d150c0dc1fefe998f834810d68f278ea58ec/junit-4.12.jar
7ffa91908000-7ffa91909000 r--s 00000000 08:07 1836516                    /home/timo/.gradle/caches/artifacts-23/filestore/org.jogamp.jogl/jogl-all-main/2.3.1/jar/6a86a9ce357c085e3052efcf639447f9957b82b8/jogl-all-main-2.3.1.jar
7ffa91910000-7ffa91911000 r--s 00000000 08:07 1706169                    /home/timo/.gradle/caches/artifacts-23/filestore/org.jogamp.gluegen/gluegen-rt-main/2.3.1/jar/6a86a9ce357c085e3052efcf639447f9957b82b8/gluegen-rt-main-2.3.1.jar
7ffa91914000-7ffa91918000 r--s 0003c000 08:06 563044                     /usr/lib/jvm/java-7-openjdk-amd64/jre/lib/ext/sunpkcs11.jar
7ffa9191a000-7ffa9191b000 r--s 00002000 08:06 563045                     /usr/lib/jvm/java-7-openjdk-amd64/jre/lib/ext/dnsns.jar
7ffa91922000-7ffa91924000 r--s 00012000 08:06 563040                     /usr/lib/jvm/java-7-openjdk-amd64/jre/lib/ext/zipfs.jar
7ffa91925000-7ffa91929000 r--s 00085000 08:06 563041                     /usr/lib/jvm/java-7-openjdk-amd64/jre/lib/ext/localedata.jar
7ffa9192b000-7ffa9192c000 ---p 00000000 00:00 0 
7ffa9192c000-7ffa91a2c000 rw-p 00000000 00:00 0                          [stack:2459]
7ffa91a2c000-7ffa91a2f000 ---p 00000000 00:00 0 
7ffa91a2f000-7ffa91b2d000 rw-p 00000000 00:00 0                          [stack:2458]
7ffa91b2d000-7ffa91b30000 ---p 00000000 00:00 0 
7ffa91b30000-7ffa91c2e000 rw-p 00000000 00:00 0                          [stack:2457]
7ffa91c2e000-7ffa91c31000 ---p 00000000 00:00 0 
7ffa91c31000-7ffa91d2f000 rw-p 00000000 00:00 0                          [stack:2456]
7ffa91d2f000-7ffa91d32000 ---p 00000000 00:00 0 
7ffa91d32000-7ffa91e30000 rw-p 00000000 00:00 0                          [stack:2455]
7ffa91e30000-7ffa9226d000 r--p 00000000 08:06 533630                     /usr/lib/locale/locale-archive
7ffa92270000-7ffa92273000 ---p 00000000 00:00 0 
7ffa92273000-7ffa92371000 rw-p 00000000 00:00 0                          [stack:2454]
7ffa92371000-7ffa92374000 ---p 00000000 00:00 0 
7ffa92374000-7ffa92472000 rw-p 00000000 00:00 0                          [stack:2453]
7ffa92472000-7ffa92473000 ---p 00000000 00:00 0 
7ffa92473000-7ffa9c000000 rw-p 00000000 00:00 0                          [stack:2452]
7ffa9c000000-7ffa9c021000 rw-p 00000000 00:00 0 
7ffa9c021000-7ffaa0000000 ---p 00000000 00:00 0 
7ffaa0000000-7ffaa0021000 rw-p 00000000 00:00 0 
7ffaa0021000-7ffaa4000000 ---p 00000000 00:00 0 
7ffaa4000000-7ffaa4021000 rw-p 00000000 00:00 0 
7ffaa4021000-7ffaa8000000 ---p 00000000 00:00 0 
7ffaa8000000-7ffaa8021000 rw-p 00000000 00:00 0 
7ffaa8021000-7ffaac000000 ---p 00000000 00:00 0 
7ffaac000000-7ffaac021000 rw-p 00000000 00:00 0 
7ffaac021000-7ffab0000000 ---p 00000000 00:00 0 
7ffab0000000-7ffab0021000 rw-p 00000000 00:00 0 
7ffab0021000-7ffab4000000 ---p 00000000 00:00 0 
7ffab4000000-7ffab4021000 rw-p 00000000 00:00 0 
7ffab4021000-7ffab8000000 ---p 00000000 00:00 0 
7ffab8000000-7ffab8021000 rw-p 00000000 00:00 0 
7ffab8021000-7ffabc000000 ---p 00000000 00:00 0 
7ffabc006000-7ffabc008000 r--s 00006000 08:06 931073                     /usr/share/java/java-atk-wrapper.jar
7ffabc009000-7ffabc3b8000 rw-p 00000000 00:00 0 
7ffabc3b8000-7ffabc56a000 r--s 01d30000 08:06 563048                     /usr/lib/jvm/java-7-openjdk-amd64/jre/lib/rt.jar
7ffabc56b000-7ffabcdfe000 rw-p 00000000 00:00 0 
7ffabcdfe000-7ffabcdff000 ---p 00000000 00:00 0 
7ffabcdff000-7ffabceff000 rw-p 00000000 00:00 0                          [stack:2451]
7ffabceff000-7ffabcf00000 ---p 00000000 00:00 0 
7ffabcf00000-7ffabd000000 rw-p 00000000 00:00 0                          [stack:2450]
7ffabd000000-7ffabd270000 rwxp 00000000 00:00 0 
7ffabd270000-7ffac0a3a000 rw-p 00000000 00:00 0 
7ffac0a3a000-7ffac4000000 ---p 00000000 00:00 0 
7ffac4007000-7ffac400a000 r--s 0000f000 08:06 563042                     /usr/lib/jvm/java-7-openjdk-amd64/jre/lib/ext/icedtea-sound.jar
7ffac400c000-7ffac4010000 r--s 00034000 08:06 563043                     /usr/lib/jvm/java-7-openjdk-amd64/jre/lib/ext/sunjce_provider.jar
7ffac4011000-7ffac40df000 rw-p 00000000 00:00 0 
7ffac40df000-7ffac40e0000 ---p 00000000 00:00 0 
7ffac40e0000-7ffac41e0000 rw-p 00000000 00:00 0                          [stack:2449]
7ffac41e0000-7ffac41e1000 ---p 00000000 00:00 0 
7ffac41e1000-7ffac42e1000 rw-p 00000000 00:00 0                          [stack:2448]
7ffac42e1000-7ffac42e2000 ---p 00000000 00:00 0 
7ffac42e2000-7ffac43e2000 rw-p 00000000 00:00 0                          [stack:2447]
7ffac43e2000-7ffac43e3000 ---p 00000000 00:00 0 
7ffac43e3000-7ffac44e3000 rw-p 00000000 00:00 0                          [stack:2446]
7ffac44e3000-7ffac44e4000 ---p 00000000 00:00 0 
7ffac44e4000-7ffac45e4000 rw-p 00000000 00:00 0                          [stack:2444]
7ffac45e4000-7ffac45e5000 ---p 00000000 00:00 0 
7ffac45e5000-7ffac46f0000 rw-p 00000000 00:00 0                          [stack:2443]
7ffac46f0000-7ffac4738000 rw-p 00000000 00:00 0 
7ffac4738000-7ffac478b000 rw-p 00000000 00:00 0 
7ffac478b000-7ffac4c6a000 rw-p 00000000 00:00 0 
7ffac4c6a000-7ffac4c75000 rw-p 00000000 00:00 0 
7ffac4c75000-7ffac4cbd000 rw-p 00000000 00:00 0 
7ffac4cbd000-7ffac4d10000 rw-p 00000000 00:00 0 
7ffac4d10000-7ffac51ee000 rw-p 00000000 00:00 0 
7ffac51ee000-7ffac52f9000 rw-p 00000000 00:00 0 
7ffac52f9000-7ffac5487000 rw-p 00000000 00:00 0 
7ffac5487000-7ffac5488000 rw-p 00000000 00:00 0 
7ffac5488000-7ffac5490000 r-xp 00000000 08:06 563058                     /usr/lib/jvm/java-7-openjdk-amd64/jre/lib/amd64/libzip.so
7ffac5490000-7ffac568f000 ---p 00008000 08:06 563058                     /usr/lib/jvm/java-7-openjdk-amd64/jre/lib/amd64/libzip.so
7ffac568f000-7ffac5690000 r--p 00007000 08:06 563058                     /usr/lib/jvm/java-7-openjdk-amd64/jre/lib/amd64/libzip.so
7ffac5690000-7ffac5691000 rw-p 00008000 08:06 563058                     /usr/lib/jvm/java-7-openjdk-amd64/jre/lib/amd64/libzip.so
7ffac5698000-7ffac56a3000 r-xp 00000000 08:06 267107                     /lib/x86_64-linux-gnu/libnss_files-2.19.so
7ffac56a3000-7ffac58a2000 ---p 0000b000 08:06 267107                     /lib/x86_64-linux-gnu/libnss_files-2.19.so
7ffac58a2000-7ffac58a3000 r--p 0000a000 08:06 267107                     /lib/x86_64-linux-gnu/libnss_files-2.19.so
7ffac58a3000-7ffac58a4000 rw-p 0000b000 08:06 267107                     /lib/x86_64-linux-gnu/libnss_files-2.19.so
7ffac58a8000-7ffac58b3000 r-xp 00000000 08:06 267117                     /lib/x86_64-linux-gnu/libnss_nis-2.19.so
7ffac58b3000-7ffac5ab2000 ---p 0000b000 08:06 267117                     /lib/x86_64-linux-gnu/libnss_nis-2.19.so
7ffac5ab2000-7ffac5ab3000 r--p 0000a000 08:06 267117                     /lib/x86_64-linux-gnu/libnss_nis-2.19.so
7ffac5ab3000-7ffac5ab4000 rw-p 0000b000 08:06 267117                     /lib/x86_64-linux-gnu/libnss_nis-2.19.so
7ffac5ab8000-7ffac5acf000 r-xp 00000000 08:06 267101                     /lib/x86_64-linux-gnu/libnsl-2.19.so
7ffac5acf000-7ffac5cce000 ---p 00017000 08:06 267101                     /lib/x86_64-linux-gnu/libnsl-2.19.so
7ffac5cce000-7ffac5ccf000 r--p 00016000 08:06 267101                     /lib/x86_64-linux-gnu/libnsl-2.19.so
7ffac5ccf000-7ffac5cd0000 rw-p 00017000 08:06 267101                     /lib/x86_64-linux-gnu/libnsl-2.19.so
7ffac5cd0000-7ffac5cd2000 rw-p 00000000 00:00 0 
7ffac5cd8000-7ffac5ce1000 r-xp 00000000 08:06 267103                     /lib/x86_64-linux-gnu/libnss_compat-2.19.so
7ffac5ce1000-7ffac5ee0000 ---p 00009000 08:06 267103                     /lib/x86_64-linux-gnu/libnss_compat-2.19.so
7ffac5ee0000-7ffac5ee1000 r--p 00008000 08:06 267103                     /lib/x86_64-linux-gnu/libnss_compat-2.19.so
7ffac5ee1000-7ffac5ee2000 rw-p 00009000 08:06 267103                     /lib/x86_64-linux-gnu/libnss_compat-2.19.so
7ffac5ee8000-7ffac5f13000 r-xp 00000000 08:06 563066                     /usr/lib/jvm/java-7-openjdk-amd64/jre/lib/amd64/libjava.so
7ffac5f13000-7ffac6113000 ---p 0002b000 08:06 563066                     /usr/lib/jvm/java-7-openjdk-amd64/jre/lib/amd64/libjava.so
7ffac6113000-7ffac6114000 r--p 0002b000 08:06 563066                     /usr/lib/jvm/java-7-openjdk-amd64/jre/lib/amd64/libjava.so
7ffac6114000-7ffac6116000 rw-p 0002c000 08:06 563066                     /usr/lib/jvm/java-7-openjdk-amd64/jre/lib/amd64/libjava.so
7ffac6118000-7ffac6128000 r-xp 00000000 08:06 563080                     /usr/lib/jvm/java-7-openjdk-amd64/jre/lib/amd64/libverify.so
7ffac6128000-7ffac6327000 ---p 00010000 08:06 563080                     /usr/lib/jvm/java-7-openjdk-amd64/jre/lib/amd64/libverify.so
7ffac6327000-7ffac6329000 r--p 0000f000 08:06 563080                     /usr/lib/jvm/java-7-openjdk-amd64/jre/lib/amd64/libverify.so
7ffac6329000-7ffac632a000 rw-p 00011000 08:06 563080                     /usr/lib/jvm/java-7-openjdk-amd64/jre/lib/amd64/libverify.so
7ffac6330000-7ffac6337000 r-xp 00000000 08:06 267160                     /lib/x86_64-linux-gnu/librt-2.19.so
7ffac6337000-7ffac6536000 ---p 00007000 08:06 267160                     /lib/x86_64-linux-gnu/librt-2.19.so
7ffac6536000-7ffac6537000 r--p 00006000 08:06 267160                     /lib/x86_64-linux-gnu/librt-2.19.so
7ffac6537000-7ffac6538000 rw-p 00007000 08:06 267160                     /lib/x86_64-linux-gnu/librt-2.19.so
7ffac6538000-7ffac654e000 r-xp 00000000 08:06 267058                     /lib/x86_64-linux-gnu/libgcc_s.so.1
7ffac654e000-7ffac674d000 ---p 00016000 08:06 267058                     /lib/x86_64-linux-gnu/libgcc_s.so.1
7ffac674d000-7ffac674e000 rw-p 00015000 08:06 267058                     /lib/x86_64-linux-gnu/libgcc_s.so.1
7ffac6750000-7ffac6855000 r-xp 00000000 08:06 267082                     /lib/x86_64-linux-gnu/libm-2.19.so
7ffac6855000-7ffac6a54000 ---p 00105000 08:06 267082                     /lib/x86_64-linux-gnu/libm-2.19.so
7ffac6a54000-7ffac6a55000 r--p 00104000 08:06 267082                     /lib/x86_64-linux-gnu/libm-2.19.so
7ffac6a55000-7ffac6a56000 rw-p 00105000 08:06 267082                     /lib/x86_64-linux-gnu/libm-2.19.so
7ffac6a58000-7ffac6b3e000 r-xp 00000000 08:06 529855                     /usr/lib/x86_64-linux-gnu/libstdc++.so.6.0.19
7ffac6b3e000-7ffac6d3d000 ---p 000e6000 08:06 529855                     /usr/lib/x86_64-linux-gnu/libstdc++.so.6.0.19
7ffac6d3d000-7ffac6d45000 r--p 000e5000 08:06 529855                     /usr/lib/x86_64-linux-gnu/libstdc++.so.6.0.19
7ffac6d45000-7ffac6d47000 rw-p 000ed000 08:06 529855                     /usr/lib/x86_64-linux-gnu/libstdc++.so.6.0.19
7ffac6d47000-7ffac6d5c000 rw-p 00000000 00:00 0 
7ffac6d60000-7ffac7884000 r-xp 00000000 08:06 563072                     /usr/lib/jvm/java-7-openjdk-amd64/jre/lib/amd64/server/libjvm.so
7ffac7884000-7ffac7a83000 ---p 00b24000 08:06 563072                     /usr/lib/jvm/java-7-openjdk-amd64/jre/lib/amd64/server/libjvm.so
7ffac7a83000-7ffac7b1d000 r--p 00b23000 08:06 563072                     /usr/lib/jvm/java-7-openjdk-amd64/jre/lib/amd64/server/libjvm.so
7ffac7b1d000-7ffac7b40000 rw-p 00bbd000 08:06 563072                     /usr/lib/jvm/java-7-openjdk-amd64/jre/lib/amd64/server/libjvm.so
7ffac7b40000-7ffac7b6e000 rw-p 00000000 00:00 0 
7ffac7b70000-7ffac7b88000 r-xp 00000000 08:06 267195                     /lib/x86_64-linux-gnu/libz.so.1.2.8
7ffac7b88000-7ffac7d87000 ---p 00018000 08:06 267195                     /lib/x86_64-linux-gnu/libz.so.1.2.8
7ffac7d87000-7ffac7d88000 r--p 00017000 08:06 267195                     /lib/x86_64-linux-gnu/libz.so.1.2.8
7ffac7d88000-7ffac7d89000 rw-p 00018000 08:06 267195                     /lib/x86_64-linux-gnu/libz.so.1.2.8
7ffac7d90000-7ffac7da9000 r-xp 00000000 08:06 267152                     /lib/x86_64-linux-gnu/libpthread-2.19.so
7ffac7da9000-7ffac7fa8000 ---p 00019000 08:06 267152                     /lib/x86_64-linux-gnu/libpthread-2.19.so
7ffac7fa8000-7ffac7fa9000 r--p 00018000 08:06 267152                     /lib/x86_64-linux-gnu/libpthread-2.19.so
7ffac7fa9000-7ffac7faa000 rw-p 00019000 08:06 267152                     /lib/x86_64-linux-gnu/libpthread-2.19.so
7ffac7faa000-7ffac7fae000 rw-p 00000000 00:00 0 
7ffac7fb0000-7ffac7fb3000 r-xp 00000000 08:06 267048                     /lib/x86_64-linux-gnu/libdl-2.19.so
7ffac7fb3000-7ffac81b2000 ---p 00003000 08:06 267048                     /lib/x86_64-linux-gnu/libdl-2.19.so
7ffac81b2000-7ffac81b3000 r--p 00002000 08:06 267048                     /lib/x86_64-linux-gnu/libdl-2.19.so
7ffac81b3000-7ffac81b4000 rw-p 00003000 08:06 267048                     /lib/x86_64-linux-gnu/libdl-2.19.so
7ffac81b8000-7ffac8373000 r-xp 00000000 08:06 267031                     /lib/x86_64-linux-gnu/libc-2.19.so
7ffac8373000-7ffac8572000 ---p 001bb000 08:06 267031                     /lib/x86_64-linux-gnu/libc-2.19.so
7ffac8572000-7ffac8576000 r--p 001ba000 08:06 267031                     /lib/x86_64-linux-gnu/libc-2.19.so
7ffac8576000-7ffac8578000 rw-p 001be000 08:06 267031                     /lib/x86_64-linux-gnu/libc-2.19.so
7ffac8578000-7ffac857d000 rw-p 00000000 00:00 0 
7ffac8580000-7ffac858d000 r-xp 00000000 08:06 563081                     /usr/lib/jvm/java-7-openjdk-amd64/jre/lib/amd64/jli/libjli.so
7ffac858d000-7ffac878c000 ---p 0000d000 08:06 563081                     /usr/lib/jvm/java-7-openjdk-amd64/jre/lib/amd64/jli/libjli.so
7ffac878c000-7ffac878d000 r--p 0000c000 08:06 563081                     /usr/lib/jvm/java-7-openjdk-amd64/jre/lib/amd64/jli/libjli.so
7ffac878d000-7ffac878e000 rw-p 0000d000 08:06 563081                     /usr/lib/jvm/java-7-openjdk-amd64/jre/lib/amd64/jli/libjli.so
7ffac8790000-7ffac87b3000 r-xp 00000000 08:06 267005                     /lib/x86_64-linux-gnu/ld-2.19.so
7ffac87b8000-7ffac87ea000 rw-p 00000000 00:00 0 
7ffac87ea000-7ffac88a0000 rw-p 00000000 00:00 0 
7ffac88a0000-7ffac88a8000 rw-s 00000000 08:06 263314                     /tmp/hsperfdata_timo/2437
7ffac88ab000-7ffac88ac000 rw-p 00000000 00:00 0 
7ffac88ac000-7ffac88ad000 r--p 00000000 00:00 0 
7ffac88ad000-7ffac88ae000 rw-p 00000000 00:00 0 
7ffac88ae000-7ffac88af000 r--p 00000000 00:00 0 
7ffac88af000-7ffac88b2000 ---p 00000000 00:00 0 
7ffac88b2000-7ffac89b2000 rw-p 00000000 00:00 0                          [stack:2442]
7ffac89b2000-7ffac89b3000 r--p 00022000 08:06 267005                     /lib/x86_64-linux-gnu/ld-2.19.so
7ffac89b3000-7ffac89b4000 rw-p 00023000 08:06 267005                     /lib/x86_64-linux-gnu/ld-2.19.so
7ffac89b4000-7ffac89b6000 rw-p 00000000 00:00 0 
7ffac89b6000-7ffac89ba000 rw-p 00000000 00:00 0 
7fff41f33000-7fff41f55000 rw-p 00000000 00:00 0                          [stack]
7fff41fa8000-7fff41faa000 r-xp 00000000 00:00 0                          [vdso]
7fff41faa000-7fff41fac000 r--p 00000000 00:00 0                          [vvar]
ffffffffff600000-ffffffffff601000 r-xp 00000000 00:00 0                  [vsyscall]

VM Arguments:
jvm_args: -Dfile.encoding=UTF-8 
java_command: computergraphics.applications.CGFrame
Launcher Type: SUN_STANDARD

Environment Variables:
PATH=/usr/java/jdk1.8.0_60/bin:/usr/local/sbin:/usr/local/bin:/usr/sbin:/usr/bin:/sbin:/bin:/usr/games:/usr/local/games:/opt/microchip/xc32/v1.40/bin
USERNAME=timo
SHELL=/bin/bash
DISPLAY=:0.0

Signal Handlers:
SIGSEGV: [libjvm.so+0x954820], sa_mask[0]=0x7ffbfeff, sa_flags=0x10000004
SIGBUS: [libjvm.so+0x954820], sa_mask[0]=0x7ffbfeff, sa_flags=0x10000004
SIGFPE: [libjvm.so+0x7cb150], sa_mask[0]=0x7ffbfeff, sa_flags=0x10000004
SIGPIPE: [libjvm.so+0x7cb150], sa_mask[0]=0x7ffbfeff, sa_flags=0x10000004
SIGXFSZ: [libjvm.so+0x7cb150], sa_mask[0]=0x7ffbfeff, sa_flags=0x10000004
SIGILL: [libjvm.so+0x7cb150], sa_mask[0]=0x7ffbfeff, sa_flags=0x10000004
SIGUSR1: SIG_DFL, sa_mask[0]=0x00000000, sa_flags=0x00000000
SIGUSR2: [libjvm.so+0x7caff0], sa_mask[0]=0x00000004, sa_flags=0x10000004
SIGHUP: [libjvm.so+0x7cb1d0], sa_mask[0]=0x7ffbfeff, sa_flags=0x10000004
SIGINT: [libjvm.so+0x7cb1d0], sa_mask[0]=0x7ffbfeff, sa_flags=0x10000004
SIGTERM: [libjvm.so+0x7cb1d0], sa_mask[0]=0x7ffbfeff, sa_flags=0x10000004
SIGQUIT: [libjvm.so+0x7cb1d0], sa_mask[0]=0x7ffbfeff, sa_flags=0x10000004
SIGTRAP: SIG_DFL, sa_mask[0]=0x00000000, sa_flags=0x00000000


---------------  S Y S T E M  ---------------

OS:LinuxMint 17.2 (rafaela)
uname:Linux 3.16.0-38-generic #52~14.04.1-Ubuntu SMP Fri May 8 09:43:57 UTC 2015 x86_64
libc:glibc 2.19 NPTL 2.19 
rlimit: STACK 8192k, CORE 0k, NPROC 63415, NOFILE 4096, AS infinity
load average:1,17 1,11 0,97

/proc/meminfo:
MemTotal:       16331572 kB
MemFree:         9580544 kB
MemAvailable:   11798440 kB
Buffers:          266116 kB
Cached:          2038740 kB
SwapCached:            0 kB
Active:          4763576 kB
Inactive:        1061816 kB
Active(anon):    3524824 kB
Inactive(anon):    99628 kB
Active(file):    1238752 kB
Inactive(file):   962188 kB
Unevictable:         436 kB
Mlocked:             436 kB
SwapTotal:       1951740 kB
SwapFree:        1951740 kB
Dirty:                44 kB
Writeback:             0 kB
AnonPages:       3520732 kB
Mapped:           775616 kB
Shmem:            103916 kB
Slab:             329104 kB
SReclaimable:     270372 kB
SUnreclaim:        58732 kB
KernelStack:       13184 kB
PageTables:        59592 kB
NFS_Unstable:          0 kB
Bounce:                0 kB
WritebackTmp:          0 kB
CommitLimit:    10117524 kB
Committed_AS:   12213960 kB
VmallocTotal:   34359738367 kB
VmallocUsed:      336952 kB
VmallocChunk:   34359394808 kB
HardwareCorrupted:     0 kB
AnonHugePages:   1370112 kB
HugePages_Total:       0
HugePages_Free:        0
HugePages_Rsvd:        0
HugePages_Surp:        0
Hugepagesize:       2048 kB
DirectMap4k:      624520 kB
DirectMap2M:     9758720 kB
DirectMap1G:     6291456 kB


CPU:total 8 (8 cores per cpu, 1 threads per core) family 21 model 2 stepping 0, cmov, cx8, fxsr, mmx, sse, sse2, sse3, ssse3, sse4.1, sse4.2, popcnt, avx, aes, mmxext, 3dnowpref, lzcnt, sse4a, tsc, tscinvbit, tscinv

/proc/cpuinfo:
processor	: 0
vendor_id	: AuthenticAMD
cpu family	: 21
model		: 2
model name	: AMD FX(tm)-8350 Eight-Core Processor
stepping	: 0
microcode	: 0x6000822
cpu MHz		: 3400.000
cache size	: 2048 KB
physical id	: 0
siblings	: 8
core id		: 0
cpu cores	: 4
apicid		: 16
initial apicid	: 0
fpu		: yes
fpu_exception	: yes
cpuid level	: 13
wp		: yes
flags		: fpu vme de pse tsc msr pae mce cx8 apic sep mtrr pge mca cmov pat pse36 clflush mmx fxsr sse sse2 ht syscall nx mmxext fxsr_opt pdpe1gb rdtscp lm constant_tsc rep_good nopl nonstop_tsc extd_apicid aperfmperf pni pclmulqdq monitor ssse3 fma cx16 sse4_1 sse4_2 popcnt aes xsave avx f16c lahf_lm cmp_legacy svm extapic cr8_legacy abm sse4a misalignsse 3dnowprefetch osvw ibs xop skinit wdt lwp fma4 tce nodeid_msr tbm topoext perfctr_core perfctr_nb arat cpb hw_pstate npt lbrv svm_lock nrip_save tsc_scale vmcb_clean flushbyasid decodeassists pausefilter pfthreshold vmmcall bmi1
bogomips	: 8669.55
TLB size	: 1536 4K pages
clflush size	: 64
cache_alignment	: 64
address sizes	: 48 bits physical, 48 bits virtual
power management: ts ttp tm 100mhzsteps hwpstate cpb eff_freq_ro

processor	: 1
vendor_id	: AuthenticAMD
cpu family	: 21
model		: 2
model name	: AMD FX(tm)-8350 Eight-Core Processor           
stepping	: 0
microcode	: 0x6000822
cpu MHz		: 2100.000
cache size	: 2048 KB
physical id	: 0
siblings	: 8
core id		: 1
cpu cores	: 4
apicid		: 17
initial apicid	: 1
fpu		: yes
fpu_exception	: yes
cpuid level	: 13
wp		: yes
flags		: fpu vme de pse tsc msr pae mce cx8 apic sep mtrr pge mca cmov pat pse36 clflush mmx fxsr sse sse2 ht syscall nx mmxext fxsr_opt pdpe1gb rdtscp lm constant_tsc rep_good nopl nonstop_tsc extd_apicid aperfmperf pni pclmulqdq monitor ssse3 fma cx16 sse4_1 sse4_2 popcnt aes xsave avx f16c lahf_lm cmp_legacy svm extapic cr8_legacy abm sse4a misalignsse 3dnowprefetch osvw ibs xop skinit wdt lwp fma4 tce nodeid_msr tbm topoext perfctr_core perfctr_nb arat cpb hw_pstate npt lbrv svm_lock nrip_save tsc_scale vmcb_clean flushbyasid decodeassists pausefilter pfthreshold vmmcall bmi1
bogomips	: 8669.55
TLB size	: 1536 4K pages
clflush size	: 64
cache_alignment	: 64
address sizes	: 48 bits physical, 48 bits virtual
power management: ts ttp tm 100mhzsteps hwpstate cpb eff_freq_ro

processor	: 2
vendor_id	: AuthenticAMD
cpu family	: 21
model		: 2
model name	: AMD FX(tm)-8350 Eight-Core Processor           
stepping	: 0
microcode	: 0x6000822
cpu MHz		: 1400.000
cache size	: 2048 KB
physical id	: 0
siblings	: 8
core id		: 2
cpu cores	: 4
apicid		: 18
initial apicid	: 2
fpu		: yes
fpu_exception	: yes
cpuid level	: 13
wp		: yes
flags		: fpu vme de pse tsc msr pae mce cx8 apic sep mtrr pge mca cmov pat pse36 clflush mmx fxsr sse sse2 ht syscall nx mmxext fxsr_opt pdpe1gb rdtscp lm constant_tsc rep_good nopl nonstop_tsc extd_apicid aperfmperf pni pclmulqdq monitor ssse3 fma cx16 sse4_1 sse4_2 popcnt aes xsave avx f16c lahf_lm cmp_legacy svm extapic cr8_legacy abm sse4a misalignsse 3dnowprefetch osvw ibs xop skinit wdt lwp fma4 tce nodeid_msr tbm topoext perfctr_core perfctr_nb arat cpb hw_pstate npt lbrv svm_lock nrip_save tsc_scale vmcb_clean flushbyasid decodeassists pausefilter pfthreshold vmmcall bmi1
bogomips	: 8669.55
TLB size	: 1536 4K pages
clflush size	: 64
cache_alignment	: 64
address sizes	: 48 bits physical, 48 bits virtual
power management: ts ttp tm 100mhzsteps hwpstate cpb eff_freq_ro

processor	: 3
vendor_id	: AuthenticAMD
cpu family	: 21
model		: 2
model name	: AMD FX(tm)-8350 Eight-Core Processor           
stepping	: 0
microcode	: 0x6000822
cpu MHz		: 1400.000
cache size	: 2048 KB
physical id	: 0
siblings	: 8
core id		: 3
cpu cores	: 4
apicid		: 19
initial apicid	: 3
fpu		: yes
fpu_exception	: yes
cpuid level	: 13
wp		: yes
flags		: fpu vme de pse tsc msr pae mce cx8 apic sep mtrr pge mca cmov pat pse36 clflush mmx fxsr sse sse2 ht syscall nx mmxext fxsr_opt pdpe1gb rdtscp lm constant_tsc rep_good nopl nonstop_tsc extd_apicid aperfmperf pni pclmulqdq monitor ssse3 fma cx16 sse4_1 sse4_2 popcnt aes xsave avx f16c lahf_lm cmp_legacy svm extapic cr8_legacy abm sse4a misalignsse 3dnowprefetch osvw ibs xop skinit wdt lwp fma4 tce nodeid_msr tbm topoext perfctr_core perfctr_nb arat cpb hw_pstate npt lbrv svm_lock nrip_save tsc_scale vmcb_clean flushbyasid decodeassists pausefilter pfthreshold vmmcall bmi1
bogomips	: 8669.55
TLB size	: 1536 4K pages
clflush size	: 64
cache_alignment	: 64
address sizes	: 48 bits physical, 48 bits virtual
power management: ts ttp tm 100mhzsteps hwpstate cpb eff_freq_ro

processor	: 4
vendor_id	: AuthenticAMD
cpu family	: 21
model		: 2
model name	: AMD FX(tm)-8350 Eight-Core Processor           
stepping	: 0
microcode	: 0x6000822
cpu MHz		: 4000.000
cache size	: 2048 KB
physical id	: 0
siblings	: 8
core id		: 4
cpu cores	: 4
apicid		: 20
initial apicid	: 4
fpu		: yes
fpu_exception	: yes
cpuid level	: 13
wp		: yes
flags		: fpu vme de pse tsc msr pae mce cx8 apic sep mtrr pge mca cmov pat pse36 clflush mmx fxsr sse sse2 ht syscall nx mmxext fxsr_opt pdpe1gb rdtscp lm constant_tsc rep_good nopl nonstop_tsc extd_apicid aperfmperf pni pclmulqdq monitor ssse3 fma cx16 sse4_1 sse4_2 popcnt aes xsave avx f16c lahf_lm cmp_legacy svm extapic cr8_legacy abm sse4a misalignsse 3dnowprefetch osvw ibs xop skinit wdt lwp fma4 tce nodeid_msr tbm topoext perfctr_core perfctr_nb arat cpb hw_pstate npt lbrv svm_lock nrip_save tsc_scale vmcb_clean flushbyasid decodeassists pausefilter pfthreshold vmmcall bmi1
bogomips	: 8669.55
TLB size	: 1536 4K pages
clflush size	: 64
cache_alignment	: 64
address sizes	: 48 bits physical, 48 bits virtual
power management: ts ttp tm 100mhzsteps hwpstate cpb eff_freq_ro

processor	: 5
vendor_id	: AuthenticAMD
cpu family	: 21
model		: 2
model name	: AMD FX(tm)-8350 Eight-Core Processor           
stepping	: 0
microcode	: 0x6000822
cpu MHz		: 1400.000
cache size	: 2048 KB
physical id	: 0
siblings	: 8
core id		: 5
cpu cores	: 4
apicid		: 21
initial apicid	: 5
fpu		: yes
fpu_exception	: yes
cpuid level	: 13
wp		: yes
flags		: fpu vme de pse tsc msr pae mce cx8 apic sep mtrr pge mca cmov pat pse36 clflush mmx fxsr sse sse2 ht syscall nx mmxext fxsr_opt pdpe1gb rdtscp lm constant_tsc rep_good nopl nonstop_tsc extd_apicid aperfmperf pni pclmulqdq monitor ssse3 fma cx16 sse4_1 sse4_2 popcnt aes xsave avx f16c lahf_lm cmp_legacy svm extapic cr8_legacy abm sse4a misalignsse 3dnowprefetch osvw ibs xop skinit wdt lwp fma4 tce nodeid_msr tbm topoext perfctr_core perfctr_nb arat cpb hw_pstate npt lbrv svm_lock nrip_save tsc_scale vmcb_clean flushbyasid decodeassists pausefilter pfthreshold vmmcall bmi1
bogomips	: 8669.55
TLB size	: 1536 4K pages
clflush size	: 64
cache_alignment	: 64
address sizes	: 48 bits physical, 48 bits virtual
power management: ts ttp tm 100mhzsteps hwpstate cpb eff_freq_ro

processor	: 6
vendor_id	: AuthenticAMD
cpu family	: 21
model		: 2
model name	: AMD FX(tm)-8350 Eight-Core Processor           
stepping	: 0
microcode	: 0x6000822
cpu MHz		: 1400.000
cache size	: 2048 KB
physical id	: 0
siblings	: 8
core id		: 6
cpu cores	: 4
apicid		: 22
initial apicid	: 6
fpu		: yes
fpu_exception	: yes
cpuid level	: 13
wp		: yes
flags		: fpu vme de pse tsc msr pae mce cx8 apic sep mtrr pge mca cmov pat pse36 clflush mmx fxsr sse sse2 ht syscall nx mmxext fxsr_opt pdpe1gb rdtscp lm constant_tsc rep_good nopl nonstop_tsc extd_apicid aperfmperf pni pclmulqdq monitor ssse3 fma cx16 sse4_1 sse4_2 popcnt aes xsave avx f16c lahf_lm cmp_legacy svm extapic cr8_legacy abm sse4a misalignsse 3dnowprefetch osvw ibs xop skinit wdt lwp fma4 tce nodeid_msr tbm topoext perfctr_core perfctr_nb arat cpb hw_pstate npt lbrv svm_lock nrip_save tsc_scale vmcb_clean flushbyasid decodeassists pausefilter pfthreshold vmmcall bmi1
bogomips	: 8669.55
TLB size	: 1536 4K pages
clflush size	: 64
cache_alignment	: 64
address sizes	: 48 bits physical, 48 bits virtual
power management: ts ttp tm 100mhzsteps hwpstate cpb eff_freq_ro

processor	: 7
vendor_id	: AuthenticAMD
cpu family	: 21
model		: 2
model name	: AMD FX(tm)-8350 Eight-Core Processor           
stepping	: 0
microcode	: 0x6000822
cpu MHz		: 1400.000
cache size	: 2048 KB
physical id	: 0
siblings	: 8
core id		: 7
cpu cores	: 4
apicid		: 23
initial apicid	: 7
fpu		: yes
fpu_exception	: yes
cpuid level	: 13
wp		: yes
flags		: fpu vme de pse tsc msr pae mce cx8 apic sep mtrr pge mca cmov pat pse36 clflush mmx fxsr sse sse2 ht syscall nx mmxext fxsr_opt pdpe1gb rdtscp lm constant_tsc rep_good nopl nonstop_tsc extd_apicid aperfmperf pni pclmulqdq monitor ssse3 fma cx16 sse4_1 sse4_2 popcnt aes xsave avx f16c lahf_lm cmp_legacy svm extapic cr8_legacy abm sse4a misalignsse 3dnowprefetch osvw ibs xop skinit wdt lwp fma4 tce nodeid_msr tbm topoext perfctr_core perfctr_nb arat cpb hw_pstate npt lbrv svm_lock nrip_save tsc_scale vmcb_clean flushbyasid decodeassists pausefilter pfthreshold vmmcall bmi1
bogomips	: 8669.55
TLB size	: 1536 4K pages
clflush size	: 64
cache_alignment	: 64
address sizes	: 48 bits physical, 48 bits virtual
power management: ts ttp tm 100mhzsteps hwpstate cpb eff_freq_ro



Memory: 4k page, physical 16331572k(9580544k free), swap 1951740k(1951740k free)

vm_info: OpenJDK 64-Bit Server VM (24.85-b03) for linux-amd64 JRE (1.7.0_85-b01), built on Oct 22 2015 06:46:50 by "buildd" with gcc 4.8.2

time: Mon Nov 23 15:37:02 2015
elapsed time: 32 seconds

