#
# A fatal error has been detected by the Java Runtime Environment:
#
#  SIGSEGV (0xb) at pc=0x0000000000000000, pid=422, tid=140292498487040
#
# JRE version: OpenJDK Runtime Environment (7.0_85-b01) (build 1.7.0_85-b01)
# Java VM: OpenJDK 64-Bit Server VM (24.85-b03 mixed mode linux-amd64 compressed oops)
# Derivative: IcedTea 2.6.1
# Distribution: Ubuntu 14.04 LTS, package 7u85-2.6.1-5ubuntu0.14.04.1
# Problematic frame:
# C  0x0000000000000000
#
# Failed to write core dump. Core dumps have been disabled. To enable core dumping, try "ulimit -c unlimited" before starting Java again
#
# If you would like to submit a bug report, please include
# instructions on how to reproduce the bug and visit:
#   http://icedtea.classpath.org/bugzilla
# The crash happened outside the Java Virtual Machine in native code.
# See problematic frame for where to report the bug.
#

---------------  T H R E A D  ---------------

Current thread (0x00007f989c601800):  JavaThread "main-SharedResourceRunner" daemon [_thread_in_native, id=474, stack(0x00007f9864797000,0x00007f9864898000)]

siginfo:si_signo=SIGSEGV: si_errno=0, si_code=1 (SEGV_MAPERR), si_addr=0x0000000000000000

Registers:
RAX=0x00007f9864896150, RBX=0x0000000000000000, RCX=0x0000000000000000, RDX=0x0000000000000000
RSP=0x00007f9864896148, RBP=0x0000000000000000, RSI=0x0000000000000000, RDI=0x00007f989c8807d0
R8 =0x0000000000000000, R9 =0x0000000000000000, R10=0x0000000000000000, R11=0x0000000000000000
R12=0x0000000000000000, R13=0x00007f989c8807d0, R14=0x0000000000000000, R15=0x0000000004800002
RIP=0x0000000000000000, EFLAGS=0x0000000000010202, CSGSFS=0x0000000000000033, ERR=0x0000000000000014
  TRAPNO=0x000000000000000e

Top of Stack: (sp=0x00007f9864896148)
0x00007f9864896148:   00007f9815e55be6 0000000000000000
0x00007f9864896158:   0000000000000000 0000000000000000
0x00007f9864896168:   0000000000000000 0000000000000000
0x00007f9864896178:   0000000000000000 0000000000000000
0x00007f9864896188:   0000000000000000 0000000000000000
0x00007f9864896198:   0000000000000000 0000000000000000
0x00007f98648961a8:   0000000000000000 0000000000000000
0x00007f98648961b8:   0000000000000000 0000000000000000
0x00007f98648961c8:   0000000000000000 0000000000000000
0x00007f98648961d8:   0000000000000000 0000000000000000
0x00007f98648961e8:   0000000000000000 0000000000000000
0x00007f98648961f8:   0000000000000000 0000000000000000
0x00007f9864896208:   0000000000000000 0000000000000000
0x00007f9864896218:   0000000000000000 0000000000000000
0x00007f9864896228:   0000000000000000 0000000000000000
0x00007f9864896238:   0000000000000000 0000000000000000
0x00007f9864896248:   0000000000000000 0000000000000000
0x00007f9864896258:   0000000004800002 00007f989c8807d0
0x00007f9864896268:   00007f9864d130c0 00007f98189b6ee0
0x00007f9864896278:   000000000000009d 00007f989c8807d0
0x00007f9864896288:   000000000000009d 0000000004800002
0x00007f9864896298:   00007f9864b999a5 00007f9864896310
0x00007f98648962a8:   00007f98a1f45604 00007f98a27a2120
0x00007f98648962b8:   0000000004800002 00007f989c601800
0x00007f98648962c8:   00007f9840001c50 00007f9864896370
0x00007f98648962d8:   00007f98a208e104 00007f984405a418
0x00007f98648962e8:   00000006fcef12d0 00007f9896991ee0
0x00007f98648962f8:   00007f98969a3ab0 00007f989c601800
0x00007f9864896308:   00007f98189b6ee0 00007f9864d13380
0x00007f9864896318:   0000000004800002 0000000004800002
0x00007f9864896328:   00007f989c8807d0 00007f989c601800
0x00007f9864896338:   00007f9864b99e68 00000006fd34f1a8 

Instructions: (pc=0x0000000000000000)
0xffffffffffffffe0:   

Register to memory mapping:

RAX=0x00007f9864896150 is pointing into the stack for thread: 0x00007f989c601800
RBX=0x0000000000000000 is an unknown value
RCX=0x0000000000000000 is an unknown value
RDX=0x0000000000000000 is an unknown value
RSP=0x00007f9864896148 is pointing into the stack for thread: 0x00007f989c601800
RBP=0x0000000000000000 is an unknown value
RSI=0x0000000000000000 is an unknown value
RDI=0x00007f989c8807d0 is an unknown value
R8 =0x0000000000000000 is an unknown value
R9 =0x0000000000000000 is an unknown value
R10=0x0000000000000000 is an unknown value
R11=0x0000000000000000 is an unknown value
R12=0x0000000000000000 is an unknown value
R13=0x00007f989c8807d0 is an unknown value
R14=0x0000000000000000 is an unknown value
R15=0x0000000004800002 is an unknown value


Stack: [0x00007f9864797000,0x00007f9864898000],  sp=0x00007f9864896148,  free space=1020k
Java frames: (J=compiled Java code, j=interpreted, Vv=VM code)
j  jogamp.opengl.x11.glx.GLX.dispatch_glXMakeContextCurrent0(JJJJJ)Z+0
j  jogamp.opengl.x11.glx.GLX.glXMakeContextCurrent(JJJJ)Z+45
j  jogamp.opengl.x11.glx.X11GLXContext.glXMakeContextCurrent(JJJJ)Z+16
j  jogamp.opengl.x11.glx.X11GLXContext.makeCurrentImpl()V+33
j  jogamp.opengl.GLContextImpl.makeCurrentWithinLock(I)I+790
j  jogamp.opengl.GLContextImpl.makeCurrent(Z)I+488
j  jogamp.opengl.GLContextImpl.makeCurrent()I+2
j  jogamp.opengl.GLContextImpl.destroy()V+255
j  jogamp.opengl.x11.glx.X11GLXDrawableFactory$SharedResourceImplementation.releaseSharedResource(Ljogamp/opengl/SharedResourceRunner$Resource;)V+149
j  jogamp.opengl.SharedResourceRunner.releaseSharedResources()V+46
j  jogamp.opengl.SharedResourceRunner.run()V+453
j  java.lang.Thread.run()V+11
v  ~StubRoutines::call_stub

---------------  P R O C E S S  ---------------

Java Threads: ( => current thread )
  0x00007f984c001800 JavaThread "NativeWindowFactory_ShutdownHook" [_thread_blocked, id=600, stack(0x00007f980a4f4000,0x00007f980a5f5000)]
  0x00007f9850001000 JavaThread "SIGTERM handler" daemon [_thread_blocked, id=599, stack(0x00007f98941c5000,0x00007f98942c6000)]
  0x00007f989ca21000 JavaThread "main-FPSAWTAnimator#00-Timer0" [_thread_blocked, id=485, stack(0x00007f980b6fe000,0x00007f980b7ff000)]
  0x00007f989c87b000 JavaThread "main-SharedResourceRunner" daemon [_thread_blocked, id=475, stack(0x00007f981d57f000,0x00007f981d680000)]
=>0x00007f989c601800 JavaThread "main-SharedResourceRunner" daemon [_thread_in_native, id=474, stack(0x00007f9864797000,0x00007f9864898000)]
  0x00007f989c43e800 JavaThread "AWT-EventQueue-0" [_thread_blocked, id=473, stack(0x00007f9864f57000,0x00007f9865058000)]
  0x00007f989c433000 JavaThread "AWT-Shutdown" [_thread_blocked, id=472, stack(0x00007f9865877000,0x00007f9865978000)]
  0x00007f989c357000 JavaThread "Timer-0" [_thread_blocked, id=460, stack(0x00007f9865e16000,0x00007f9865f17000)]
  0x00007f989c32e800 JavaThread "AWT-XAWT" daemon [_thread_in_native, id=457, stack(0x00007f9865f17000,0x00007f9866018000)]
  0x00007f989c304000 JavaThread "Java2D Disposer" daemon [_thread_blocked, id=456, stack(0x00007f9866457000,0x00007f9866558000)]
  0x00007f989c0cc800 JavaThread "Service Thread" daemon [_thread_blocked, id=450, stack(0x00007f9887dfe000,0x00007f9887eff000)]
  0x00007f989c0ca000 JavaThread "C2 CompilerThread1" daemon [_thread_blocked, id=449, stack(0x00007f9887eff000,0x00007f9888000000)]
  0x00007f989c0c7000 JavaThread "C2 CompilerThread0" daemon [_thread_blocked, id=448, stack(0x00007f98940c4000,0x00007f98941c5000)]
  0x00007f989c0c5000 JavaThread "JDWP Event Helper Thread" daemon [_thread_blocked, id=443, stack(0x00007f98942c6000,0x00007f98943c7000)]
  0x00007f989c0c1000 JavaThread "JDWP Transport Listener: dt_socket" daemon [_thread_in_native, id=442, stack(0x00007f98943c7000,0x00007f98944c8000)]
  0x00007f989c0b3800 JavaThread "Signal Dispatcher" daemon [_thread_blocked, id=440, stack(0x00007f98946cf000,0x00007f98947d0000)]
  0x00007f989c089000 JavaThread "Finalizer" daemon [_thread_blocked, id=439, stack(0x00007f98947d0000,0x00007f98948d1000)]
  0x00007f989c087000 JavaThread "Reference Handler" daemon [_thread_blocked, id=438, stack(0x00007f98948d1000,0x00007f98949d2000)]
  0x00007f989c00e800 JavaThread "main" [_thread_blocked, id=428, stack(0x00007f98a34c5000,0x00007f98a35c6000)]

Other Threads:
  0x00007f989c082800 VMThread [stack: 0x00007f98949d2000,0x00007f9894ad3000] [id=437]
  0x00007f989c0d7000 WatcherThread [stack: 0x00007f9887cfd000,0x00007f9887dfe000] [id=451]

VM state:not at safepoint (normal execution)

VM Mutex/Monitor currently owned by a thread: None

Heap
 PSYoungGen      total 529920K, used 428733K [0x00000007ace80000, 0x00000007cdf80000, 0x0000000800000000)
  eden space 519680K, 82% used [0x00000007ace80000,0x00000007c70ef4b8,0x00000007cca00000)
  from space 10240K, 2% used [0x00000007cd480000,0x00000007cd4c0000,0x00000007cde80000)
  to   space 10752K, 0% used [0x00000007cca00000,0x00000007cca00000,0x00000007cd480000)
 ParOldGen       total 169984K, used 6117K [0x0000000706c00000, 0x0000000711200000, 0x00000007ace80000)
  object space 169984K, 3% used [0x0000000706c00000,0x00000007071f9740,0x0000000711200000)
 PSPermGen       total 21504K, used 17320K [0x00000006fc600000, 0x00000006fdb00000, 0x0000000706c00000)
  object space 21504K, 80% used [0x00000006fc600000,0x00000006fd6ea370,0x00000006fdb00000)

Card table byte_map: [0x00007f9897f92000,0x00007f98987b0000] byte_map_base: 0x00007f98947af000

Polling page: 0x00007f98a35e7000

Code Cache  [0x00007f98987b0000, 0x00007f9898a20000, 0x00007f989b7b0000)
 total_blobs=1276 nmethods=429 adapters=809 free_code_cache=47458Kb largest_free_block=48557632

Compilation events (10 events):
Event: 88,318 Thread 0x00007f989c0ca000 nmethod 449 0x00007f989894b290 code [0x00007f989894b3e0, 0x00007f989894b478]
Event: 88,318 Thread 0x00007f989c0c7000 nmethod 450 0x00007f989894b010 code [0x00007f989894b160, 0x00007f989894b1f8]
Event: 88,333 Thread 0x00007f989c0ca000  451             java.awt.image.BufferedImage::getRaster (5 bytes)
Event: 88,333 Thread 0x00007f989c0ca000 nmethod 451 0x00007f989894ae10 code [0x00007f989894af40, 0x00007f989894afb8]
Event: 88,828 Thread 0x00007f989c0c7000  452             sun.awt.X11.XDecoratedPeer::getGraphics (46 bytes)
Event: 88,829 Thread 0x00007f989c0ca000  453             com.jogamp.opengl.util.GLPixelStorageModes::savePack (173 bytes)
Event: 88,832 Thread 0x00007f989c0c7000 nmethod 452 0x00007f9898953050 code [0x00007f98989531e0, 0x00007f9898953658]
Event: 88,841 Thread 0x00007f989c0ca000 nmethod 453 0x00007f9898954010 code [0x00007f9898954280, 0x00007f9898954a88]
Event: 90,560 Thread 0x00007f989c0c7000  454             com.jogamp.opengl.util.texture.TextureState::getUnit (7 bytes)
Event: 90,560 Thread 0x00007f989c0c7000 nmethod 454 0x00007f9898953d50 code [0x00007f9898953ea0, 0x00007f9898953f58]

GC Heap History (10 events):
Event: 2,790 GC heap before
{Heap before GC invocations=4 (full 0):
 PSYoungGen      total 75264K, used 71160K [0x00000007ace80000, 0x00000007b6180000, 0x0000000800000000)
  eden space 65024K, 100% used [0x00000007ace80000,0x00000007b0e00000,0x00000007b0e00000)
  from space 10240K, 59% used [0x00000007b0e00000,0x00000007b13fe1d0,0x00000007b1800000)
  to   space 10240K, 0% used [0x00000007b5780000,0x00000007b5780000,0x00000007b6180000)
 ParOldGen       total 169984K, used 24K [0x0000000706c00000, 0x0000000711200000, 0x00000007ace80000)
  object space 169984K, 0% used [0x0000000706c00000,0x0000000706c06000,0x0000000711200000)
 PSPermGen       total 21504K, used 16944K [0x00000006fc600000, 0x00000006fdb00000, 0x0000000706c00000)
  object space 21504K, 78% used [0x00000006fc600000,0x00000006fd68c0e8,0x00000006fdb00000)
Event: 2,804 GC heap after
Heap after GC invocations=4 (full 0):
 PSYoungGen      total 140288K, used 6170K [0x00000007ace80000, 0x00000007b6180000, 0x0000000800000000)
  eden space 130048K, 0% used [0x00000007ace80000,0x00000007ace80000,0x00000007b4d80000)
  from space 10240K, 60% used [0x00000007b5780000,0x00000007b5d869e0,0x00000007b6180000)
  to   space 10240K, 0% used [0x00000007b4d80000,0x00000007b4d80000,0x00000007b5780000)
 ParOldGen       total 169984K, used 24K [0x0000000706c00000, 0x0000000711200000, 0x00000007ace80000)
  object space 169984K, 0% used [0x0000000706c00000,0x0000000706c06000,0x0000000711200000)
 PSPermGen       total 21504K, used 16944K [0x00000006fc600000, 0x00000006fdb00000, 0x0000000706c00000)
  object space 21504K, 78% used [0x00000006fc600000,0x00000006fd68c0e8,0x00000006fdb00000)
}
Event: 2,877 GC heap before
{Heap before GC invocations=5 (full 0):
 PSYoungGen      total 140288K, used 136218K [0x00000007ace80000, 0x00000007b6180000, 0x0000000800000000)
  eden space 130048K, 100% used [0x00000007ace80000,0x00000007b4d80000,0x00000007b4d80000)
  from space 10240K, 60% used [0x00000007b5780000,0x00000007b5d869e0,0x00000007b6180000)
  to   space 10240K, 0% used [0x00000007b4d80000,0x00000007b4d80000,0x00000007b5780000)
 ParOldGen       total 169984K, used 24K [0x0000000706c00000, 0x0000000711200000, 0x00000007ace80000)
  object space 169984K, 0% used [0x0000000706c00000,0x0000000706c06000,0x0000000711200000)
 PSPermGen       total 21504K, used 16946K [0x00000006fc600000, 0x00000006fdb00000, 0x0000000706c00000)
  object space 21504K, 78% used [0x00000006fc600000,0x00000006fd68cbd0,0x00000006fdb00000)
Event: 2,887 GC heap after
Heap after GC invocations=5 (full 0):
 PSYoungGen      total 140288K, used 6198K [0x00000007ace80000, 0x00000007bde80000, 0x0000000800000000)
  eden space 130048K, 0% used [0x00000007ace80000,0x00000007ace80000,0x00000007b4d80000)
  from space 10240K, 60% used [0x00000007b4d80000,0x00000007b538d9a0,0x00000007b5780000)
  to   space 9216K, 0% used [0x00000007bd580000,0x00000007bd580000,0x00000007bde80000)
 ParOldGen       total 169984K, used 24K [0x0000000706c00000, 0x0000000711200000, 0x00000007ace80000)
  object space 169984K, 0% used [0x0000000706c00000,0x0000000706c06000,0x0000000711200000)
 PSPermGen       total 21504K, used 16946K [0x00000006fc600000, 0x00000006fdb00000, 0x0000000706c00000)
  object space 21504K, 78% used [0x00000006fc600000,0x00000006fd68cbd0,0x00000006fdb00000)
}
Event: 2,953 GC heap before
{Heap before GC invocations=6 (full 0):
 PSYoungGen      total 140288K, used 136246K [0x00000007ace80000, 0x00000007bde80000, 0x0000000800000000)
  eden space 130048K, 100% used [0x00000007ace80000,0x00000007b4d80000,0x00000007b4d80000)
  from space 10240K, 60% used [0x00000007b4d80000,0x00000007b538d9a0,0x00000007b5780000)
  to   space 9216K, 0% used [0x00000007bd580000,0x00000007bd580000,0x00000007bde80000)
 ParOldGen       total 169984K, used 24K [0x0000000706c00000, 0x0000000711200000, 0x00000007ace80000)
  object space 169984K, 0% used [0x0000000706c00000,0x0000000706c06000,0x0000000711200000)
 PSPermGen       total 21504K, used 16947K [0x00000006fc600000, 0x00000006fdb00000, 0x0000000706c00000)
  object space 21504K, 78% used [0x00000006fc600000,0x00000006fd68cd68,0x00000006fdb00000)
Event: 2,964 GC heap after
Heap after GC invocations=6 (full 0):
 PSYoungGen      total 269312K, used 6198K [0x00000007ace80000, 0x00000007bde80000, 0x0000000800000000)
  eden space 260096K, 0% used [0x00000007ace80000,0x00000007ace80000,0x00000007bcc80000)
  from space 9216K, 67% used [0x00000007bd580000,0x00000007bdb8d9a0,0x00000007bde80000)
  to   space 9216K, 0% used [0x00000007bcc80000,0x00000007bcc80000,0x00000007bd580000)
 ParOldGen       total 169984K, used 24K [0x0000000706c00000, 0x0000000711200000, 0x00000007ace80000)
  object space 169984K, 0% used [0x0000000706c00000,0x0000000706c06000,0x0000000711200000)
 PSPermGen       total 21504K, used 16947K [0x00000006fc600000, 0x00000006fdb00000, 0x0000000706c00000)
  object space 21504K, 78% used [0x00000006fc600000,0x00000006fd68cd68,0x00000006fdb00000)
}
Event: 3,124 GC heap before
{Heap before GC invocations=7 (full 0):
 PSYoungGen      total 269312K, used 266294K [0x00000007ace80000, 0x00000007bde80000, 0x0000000800000000)
  eden space 260096K, 100% used [0x00000007ace80000,0x00000007bcc80000,0x00000007bcc80000)
  from space 9216K, 67% used [0x00000007bd580000,0x00000007bdb8d9a0,0x00000007bde80000)
  to   space 9216K, 0% used [0x00000007bcc80000,0x00000007bcc80000,0x00000007bd580000)
 ParOldGen       total 169984K, used 24K [0x0000000706c00000, 0x0000000711200000, 0x00000007ace80000)
  object space 169984K, 0% used [0x0000000706c00000,0x0000000706c06000,0x0000000711200000)
 PSPermGen       total 21504K, used 16947K [0x00000006fc600000, 0x00000006fdb00000, 0x0000000706c00000)
  object space 21504K, 78% used [0x00000006fc600000,0x00000006fd68ce20,0x00000006fdb00000)
Event: 3,136 GC heap after
Heap after GC invocations=7 (full 0):
 PSYoungGen      total 269312K, used 160K [0x00000007ace80000, 0x00000007cde80000, 0x0000000800000000)
  eden space 260096K, 0% used [0x00000007ace80000,0x00000007ace80000,0x00000007bcc80000)
  from space 9216K, 1% used [0x00000007bcc80000,0x00000007bcca8000,0x00000007bd580000)
  to   space 10240K, 0% used [0x00000007cd480000,0x00000007cd480000,0x00000007cde80000)
 ParOldGen       total 169984K, used 6109K [0x0000000706c00000, 0x0000000711200000, 0x00000007ace80000)
  object space 169984K, 3% used [0x0000000706c00000,0x00000007071f7740,0x0000000711200000)
 PSPermGen       total 21504K, used 16947K [0x00000006fc600000, 0x00000006fdb00000, 0x0000000706c00000)
  object space 21504K, 78% used [0x00000006fc600000,0x00000006fd68ce20,0x00000006fdb00000)
}
Event: 3,261 GC heap before
{Heap before GC invocations=8 (full 0):
 PSYoungGen      total 269312K, used 260256K [0x00000007ace80000, 0x00000007cde80000, 0x0000000800000000)
  eden space 260096K, 100% used [0x00000007ace80000,0x00000007bcc80000,0x00000007bcc80000)
  from space 9216K, 1% used [0x00000007bcc80000,0x00000007bcca8000,0x00000007bd580000)
  to   space 10240K, 0% used [0x00000007cd480000,0x00000007cd480000,0x00000007cde80000)
 ParOldGen       total 169984K, used 6109K [0x0000000706c00000, 0x0000000711200000, 0x00000007ace80000)
  object space 169984K, 3% used [0x0000000706c00000,0x00000007071f7740,0x0000000711200000)
 PSPermGen       total 21504K, used 16950K [0x00000006fc600000, 0x00000006fdb00000, 0x0000000706c00000)
  object space 21504K, 78% used [0x00000006fc600000,0x00000006fd68da10,0x00000006fdb00000)
Event: 3,266 GC heap after
Heap after GC invocations=8 (full 0):
 PSYoungGen      total 529920K, used 256K [0x00000007ace80000, 0x00000007cdf80000, 0x0000000800000000)
  eden space 519680K, 0% used [0x00000007ace80000,0x00000007ace80000,0x00000007cca00000)
  from space 10240K, 2% used [0x00000007cd480000,0x00000007cd4c0000,0x00000007cde80000)
  to   space 10752K, 0% used [0x00000007cca00000,0x00000007cca00000,0x00000007cd480000)
 ParOldGen       total 169984K, used 6117K [0x0000000706c00000, 0x0000000711200000, 0x00000007ace80000)
  object space 169984K, 3% used [0x0000000706c00000,0x00000007071f9740,0x0000000711200000)
 PSPermGen       total 21504K, used 16950K [0x00000006fc600000, 0x00000006fdb00000, 0x0000000706c00000)
  object space 21504K, 78% used [0x00000006fc600000,0x00000006fd68da10,0x00000006fdb00000)
}

Deoptimization events (10 events):
Event: 90,437 Thread 0x00007f989c43e800 Uncommon trap: reason=bimorphic action=maybe_recompile pc=0x00007f98988f6850 method=java.lang.ThreadLocal.get()Ljava/lang/Object; @ 6
Event: 90,437 Thread 0x00007f989c43e800 Uncommon trap: reason=bimorphic action=maybe_recompile pc=0x00007f98988f6850 method=java.lang.ThreadLocal.get()Ljava/lang/Object; @ 6
Event: 90,438 Thread 0x00007f989c43e800 Uncommon trap: reason=bimorphic action=maybe_recompile pc=0x00007f98988f6850 method=java.lang.ThreadLocal.get()Ljava/lang/Object; @ 6
Event: 90,438 Thread 0x00007f989c43e800 Uncommon trap: reason=bimorphic action=maybe_recompile pc=0x00007f98988f6850 method=java.lang.ThreadLocal.get()Ljava/lang/Object; @ 6
Event: 90,438 Thread 0x00007f989c43e800 Uncommon trap: reason=unstable_if action=reinterpret pc=0x00007f9898891f88 method=sun.awt.PostEventQueue.flush()V @ 21
Event: 90,438 Thread 0x00007f989c43e800 Uncommon trap: reason=unstable_if action=reinterpret pc=0x00007f9898947b24 method=java.awt.EventQueue.eventToCacheIndex(Ljava/awt/AWTEvent;)I @ 60
Event: 90,438 Thread 0x00007f989c43e800 Uncommon trap: reason=unstable_if action=reinterpret pc=0x00007f9898812308 method=java.awt.EventQueue.noEvents()Z @ 16
Event: 90,438 Thread 0x00007f989c43e800 Uncommon trap: reason=class_check action=maybe_recompile pc=0x00007f98989599cc method=java.awt.EventQueue.dispatchEventImpl(Ljava/awt/AWTEvent;Ljava/lang/Object;)V @ 6
Event: 90,438 Thread 0x00007f989c43e800 Uncommon trap: reason=class_check action=maybe_recompile pc=0x00007f9898956bb0 method=java.awt.EventQueue.dispatchEventImpl(Ljava/awt/AWTEvent;Ljava/lang/Object;)V @ 6
Event: 90,732 Thread 0x00007f989c43e800 Uncommon trap: reason=unstable_if action=reinterpret pc=0x00007f9898937778 method=java.awt.EventQueue.postEvent(Ljava/awt/AWTEvent;I)V @ 51

Internal exceptions (10 events):
Event: 1,353 Thread 0x00007f989c43e800 Threw 0x00000007aef737f8 at /build/openjdk-7-65SuYz/openjdk-7-7u85-2.6.1/build/openjdk/hotspot/src/share/vm/prims/jvm.cpp:1322
Event: 1,354 Thread 0x00007f989c43e800 Threw 0x00000007aef7a990 at /build/openjdk-7-65SuYz/openjdk-7-7u85-2.6.1/build/openjdk/hotspot/src/share/vm/prims/jvm.cpp:1322
Event: 1,354 Thread 0x00007f989c43e800 Threw 0x00000007aef847f0 at /build/openjdk-7-65SuYz/openjdk-7-7u85-2.6.1/build/openjdk/hotspot/src/share/vm/prims/jvm.cpp:1322
Event: 1,355 Thread 0x00007f989c43e800 Threw 0x00000007aef8b8d0 at /build/openjdk-7-65SuYz/openjdk-7-7u85-2.6.1/build/openjdk/hotspot/src/share/vm/prims/jvm.cpp:1322
Event: 1,356 Thread 0x00007f989c43e800 Threw 0x00000007aef93e18 at /build/openjdk-7-65SuYz/openjdk-7-7u85-2.6.1/build/openjdk/hotspot/src/share/vm/prims/jvm.cpp:1322
Event: 1,358 Thread 0x00007f989c43e800 Threw 0x00000007aef9e8b0 at /build/openjdk-7-65SuYz/openjdk-7-7u85-2.6.1/build/openjdk/hotspot/src/share/vm/prims/jvm.cpp:1322
Event: 1,448 Thread 0x00007f989c43e800 Threw 0x00000007aefb3908 at /build/openjdk-7-65SuYz/openjdk-7-7u85-2.6.1/build/openjdk/hotspot/src/share/vm/prims/jni.cpp:747
Event: 1,583 Thread 0x00007f989c00e800 Threw 0x00000007afac1bf8 at /build/openjdk-7-65SuYz/openjdk-7-7u85-2.6.1/build/openjdk/hotspot/src/share/vm/prims/jvm.cpp:1322
Event: 1,583 Thread 0x00007f989c00e800 Threw 0x00000007afac4730 at /build/openjdk-7-65SuYz/openjdk-7-7u85-2.6.1/build/openjdk/hotspot/src/share/vm/prims/jvm.cpp:1322
Event: 35,548 Thread 0x00007f989c43e800 Implicit null exception at 0x00007f98988922e0 to 0x00007f9898892643

Events (10 events):
Event: 90,788 Thread 0x00007f984c001800 Thread added: 0x00007f984c001800
Event: 90,788 Thread 0x00007f984c002800 Thread added: 0x00007f984c002800
Event: 90,788 Thread 0x00007f984c004000 Thread added: 0x00007f984c004000
Event: 90,788 loading class 0x00007f984400dba0
Event: 90,788 loading class 0x00007f984008c220
Event: 90,788 loading class 0x00007f984008c220 done
Event: 90,788 loading class 0x00007f98969c9960
Event: 90,789 loading class 0x00007f984400dba0 done
Event: 90,789 Thread 0x00007f984c004000 Thread exited: 0x00007f984c004000
Event: 90,789 loading class 0x00007f98969c9960 done


Dynamic libraries:
00400000-00401000 r-xp 00000000 08:06 535352                             /usr/lib/jvm/java-7-openjdk-amd64/jre/bin/java
00600000-00601000 r--p 00000000 08:06 535352                             /usr/lib/jvm/java-7-openjdk-amd64/jre/bin/java
00601000-00602000 rw-p 00001000 08:06 535352                             /usr/lib/jvm/java-7-openjdk-amd64/jre/bin/java
006b1000-006d2000 rw-p 00000000 00:00 0                                  [heap]
6fc600000-6fdb00000 rw-p 00000000 00:00 0 
6fdb00000-706c00000 rw-p 00000000 00:00 0 
706c00000-711200000 rw-p 00000000 00:00 0 
711200000-7ace80000 rw-p 00000000 00:00 0 
7ace80000-7cdf80000 rw-p 00000000 00:00 0 
7cdf80000-800000000 rw-p 00000000 00:00 0 
7f97f4000000-7f97f4021000 rw-p 00000000 00:00 0 
7f97f4021000-7f97f8000000 ---p 00000000 00:00 0 
7f97fc000000-7f97fc021000 rw-p 00000000 00:00 0 
7f97fc021000-7f9800000000 ---p 00000000 00:00 0 
7f9800000000-7f9800021000 rw-p 00000000 00:00 0 
7f9800021000-7f9804000000 ---p 00000000 00:00 0 
7f9804000000-7f9804021000 rw-p 00000000 00:00 0 
7f9804021000-7f9808000000 ---p 00000000 00:00 0 
7f980a2f2000-7f980a2f5000 ---p 00000000 00:00 0 
7f980a2f5000-7f980a3f3000 rw-p 00000000 00:00 0 
7f980a3f3000-7f980a3f6000 ---p 00000000 00:00 0 
7f980a3f6000-7f980a4f4000 rw-p 00000000 00:00 0 
7f980a4f4000-7f980a4f7000 ---p 00000000 00:00 0 
7f980a4f7000-7f980a5f5000 rw-p 00000000 00:00 0                          [stack:600]
7f980a5f5000-7f980a6f5000 rw-s 008e5000 00:05 14045                      /dev/ati/card0
7f980a6f7000-7f980b6f7000 rw-s 008df000 00:05 14045                      /dev/ati/card0
7f980b6fe000-7f980b701000 ---p 00000000 00:00 0 
7f980b701000-7f980b7ff000 rw-p 00000000 00:00 0                          [stack:485]
7f980b7ff000-7f980b800000 ---p 00000000 00:00 0 
7f980b800000-7f980c000000 rw-p 00000000 00:00 0                          [stack:484]
7f980c000000-7f980c344000 rw-p 00000000 00:00 0 
7f980c344000-7f9810000000 ---p 00000000 00:00 0 
7f981005f000-7f981009f000 rw-s 01a17000 00:05 14045                      /dev/ati/card0
7f98100a6000-7f98107a6000 rw-s 00006000 00:05 14045                      /dev/ati/card0
7f98107ac000-7f98107ec000 rw-s 00004000 00:05 14045                      /dev/ati/card0
7f98107f0000-7f9810899000 r-xp 00000000 08:06 538432                     /usr/lib/libatiadlxx.so
7f9810899000-7f9810998000 ---p 000a9000 08:06 538432                     /usr/lib/libatiadlxx.so
7f9810998000-7f981099b000 rw-p 000a8000 08:06 538432                     /usr/lib/libatiadlxx.so
7f981099b000-7f98109ab000 rw-p 00000000 00:00 0 
7f98109b0000-7f98109b2000 r-xp 00000000 08:06 535983                     /usr/lib/x86_64-linux-gnu/libXinerama.so.1.0.0
7f98109b2000-7f9810bb1000 ---p 00002000 08:06 535983                     /usr/lib/x86_64-linux-gnu/libXinerama.so.1.0.0
7f9810bb1000-7f9810bb2000 r--p 00001000 08:06 535983                     /usr/lib/x86_64-linux-gnu/libXinerama.so.1.0.0
7f9810bb2000-7f9810bb3000 rw-p 00002000 08:06 535983                     /usr/lib/x86_64-linux-gnu/libXinerama.so.1.0.0
7f9810bb8000-7f9810bef000 r-xp 00000000 08:06 537052                     /usr/lib/x86_64-linux-gnu/libtxc_dxtn_s2tc.so.0.0.0
7f9810bef000-7f9810dee000 ---p 00037000 08:06 537052                     /usr/lib/x86_64-linux-gnu/libtxc_dxtn_s2tc.so.0.0.0
7f9810dee000-7f9810def000 r--p 00036000 08:06 537052                     /usr/lib/x86_64-linux-gnu/libtxc_dxtn_s2tc.so.0.0.0
7f9810def000-7f9810df0000 rw-p 00037000 08:06 537052                     /usr/lib/x86_64-linux-gnu/libtxc_dxtn_s2tc.so.0.0.0
7f9810df2000-7f9810df3000 ---p 00000000 00:00 0 
7f9810df3000-7f98115f3000 rw-p 00000000 00:00 0                          [stack:483]
7f98115f3000-7f98115f4000 ---p 00000000 00:00 0 
7f98115f4000-7f9811df4000 rw-p 00000000 00:00 0                          [stack:482]
7f9811df4000-7f9811df5000 ---p 00000000 00:00 0 
7f9811df5000-7f98125f5000 rw-p 00000000 00:00 0                          [stack:481]
7f98125f5000-7f98125f6000 ---p 00000000 00:00 0 
7f98125f6000-7f9812df6000 rw-p 00000000 00:00 0                          [stack:480]
7f9812df6000-7f9812df7000 ---p 00000000 00:00 0 
7f9812df7000-7f98135f7000 rw-p 00000000 00:00 0                          [stack:479]
7f98135f7000-7f98135f8000 ---p 00000000 00:00 0 
7f98135f8000-7f9813df8000 rw-p 00000000 00:00 0                          [stack:478]
7f9813df8000-7f981624b000 r-xp 00000000 08:06 795684                     /usr/lib/x86_64-linux-gnu/dri/fglrx_dri.so
7f981624b000-7f981634a000 ---p 02453000 08:06 795684                     /usr/lib/x86_64-linux-gnu/dri/fglrx_dri.so
7f981634a000-7f981651c000 rwxp 02452000 08:06 795684                     /usr/lib/x86_64-linux-gnu/dri/fglrx_dri.so
7f981651c000-7f9816658000 rwxp 00000000 00:00 0 
7f9816658000-7f9817e56000 r-xp 00000000 08:06 535829                     /usr/lib/x86_64-linux-gnu/libLLVM-3.4.so.1
7f9817e56000-7f9817fe4000 r--p 017fd000 08:06 535829                     /usr/lib/x86_64-linux-gnu/libLLVM-3.4.so.1
7f9817fe4000-7f9817fe6000 rw-p 0198b000 08:06 535829                     /usr/lib/x86_64-linux-gnu/libLLVM-3.4.so.1
7f9817fe6000-7f9817ff9000 rw-p 00000000 00:00 0 
7f9818000000-7f9818e21000 rw-p 00000000 00:00 0 
7f9818e21000-7f981c000000 ---p 00000000 00:00 0 
7f981c016000-7f981c017000 ---p 00000000 00:00 0 
7f981c017000-7f981c817000 rw-p 00000000 00:00 0                          [stack:477]
7f981c817000-7f981c818000 ---p 00000000 00:00 0 
7f981c818000-7f981d018000 rw-p 00000000 00:00 0                          [stack:476]
7f981d018000-7f981d345000 r-xp 00000000 08:06 796313                     /usr/lib/x86_64-linux-gnu/dri/swrast_dri.so
7f981d345000-7f981d545000 ---p 0032d000 08:06 796313                     /usr/lib/x86_64-linux-gnu/dri/swrast_dri.so
7f981d545000-7f981d554000 r--p 0032d000 08:06 796313                     /usr/lib/x86_64-linux-gnu/dri/swrast_dri.so
7f981d554000-7f981d55c000 rw-p 0033c000 08:06 796313                     /usr/lib/x86_64-linux-gnu/dri/swrast_dri.so
7f981d55c000-7f981d57c000 rw-p 00000000 00:00 0 
7f981d57f000-7f981d582000 ---p 00000000 00:00 0 
7f981d582000-7f981d680000 rw-p 00000000 00:00 0                          [stack:475]
7f981d680000-7f981d6a5000 r-xp 00000000 08:06 267178                     /lib/x86_64-linux-gnu/libtinfo.so.5.9
7f981d6a5000-7f981d8a4000 ---p 00025000 08:06 267178                     /lib/x86_64-linux-gnu/libtinfo.so.5.9
7f981d8a4000-7f981d8a8000 r--p 00024000 08:06 267178                     /lib/x86_64-linux-gnu/libtinfo.so.5.9
7f981d8a8000-7f981d8a9000 rw-p 00028000 08:06 267178                     /lib/x86_64-linux-gnu/libtinfo.so.5.9
7f981d8b0000-7f981d8bc000 r-xp 00000000 08:06 536237                     /usr/lib/x86_64-linux-gnu/libdrm_radeon.so.1.0.1
7f981d8bc000-7f981dabb000 ---p 0000c000 08:06 536237     