#
# A fatal error has been detected by the Java Runtime Environment:
#
#  SIGSEGV (0xb) at pc=0x00007f04dda11c5f, pid=4422, tid=139659574015744
#
# JRE version: OpenJDK Runtime Environment (7.0_85-b01) (build 1.7.0_85-b01)
# Java VM: OpenJDK 64-Bit Server VM (24.85-b03 mixed mode linux-amd64 compressed oops)
# Derivative: IcedTea 2.6.1
# Distribution: Ubuntu 14.04 LTS, package 7u85-2.6.1-5ubuntu0.14.04.1
# Problematic frame:
# C  [fglrx_dri.so+0x441c5f]
#
# Failed to write core dump. Core dumps have been disabled. To enable core dumping, try "ulimit -c unlimited" before starting Java again
#
# If you would like to submit a bug report, please include
# instructions on how to reproduce the bug and visit:
#   http://icedtea.classpath.org/bugzilla
# The crash happened outside the Java Virtual Machine in native code.
# See problematic frame for where to report the bug.
#

---------------  T H R E A D  ---------------

Current thread (0x00007f052043e800):  JavaThread "AWT-EventQueue-0" [_thread_in_native, id=4479, stack(0x00007f05073c7000,0x00007f05074c8000)]

siginfo:si_signo=SIGSEGV: si_errno=0, si_code=1 (SEGV_MAPERR), si_addr=0x000000000000e3d1

Registers:
RAX=0x0000000000000000, RBX=0x00007f04981a9fe8, RCX=0x00007f0529254859, RDX=0x0000000000000000
RSP=0x00007f05074c2b90, RBP=0x0000000000000000, RSI=0x000000000000060b, RDI=0x00007f04981a9fe8
R8 =0x0000000000000000, R9 =0x00007f05074c4560, R10=0x0000000000000001, R11=0x0000000000000206
R12=0x00007f04981a9fe8, R13=0x00007f049858c810, R14=0x00007f049857b0e0, R15=0x00007f04984fab70
RIP=0x00007f04dda11c5f, EFLAGS=0x0000000000010246, CSGSFS=0x0000000000000033, ERR=0x0000000000000004
  TRAPNO=0x000000000000000e

Top of Stack: (sp=0x00007f05074c2b90)
0x00007f05074c2b90:   0000000000000000 0000000000000000
0x00007f05074c2ba0:   0000000000000000 0000000000000000
0x00007f05074c2bb0:   0000000000000000 0000000000000000
0x00007f05074c2bc0:   0000000000000000 0000000000000000
0x00007f05074c2bd0:   0000000000000000 0000000000000000
0x00007f05074c2be0:   0000000000000000 0000000000000000
0x00007f05074c2bf0:   0000000000000000 0000000000000000
0x00007f05074c2c00:   0000000000000000 0000000000000000
0x00007f05074c2c10:   0000000000000000 0000000000000000
0x00007f05074c2c20:   0000000000000000 0000000000000000
0x00007f05074c2c30:   0000000000000000 0000000000000000
0x00007f05074c2c40:   0000000000000000 0000000000000000
0x00007f05074c2c50:   0000000000000000 0000000000000000
0x00007f05074c2c60:   0000000000000000 0000000000000000
0x00007f05074c2c70:   0000000000000000 0000000000000000
0x00007f05074c2c80:   0000000000000000 0000000000000000
0x00007f05074c2c90:   0000000000000000 0000000000000000
0x00007f05074c2ca0:   0000000000000000 0000000000000000
0x00007f05074c2cb0:   0000000000000000 0000000000000000
0x00007f05074c2cc0:   0000000000000000 0000000000000000
0x00007f05074c2cd0:   0000000000000000 0000000000000000
0x00007f05074c2ce0:   0000000000000000 0000000000000000
0x00007f05074c2cf0:   0000000000000000 0000000000000000
0x00007f05074c2d00:   0000000000000000 0000000000000000
0x00007f05074c2d10:   0000000000000000 0000000000000000
0x00007f05074c2d20:   0000000000000000 0000000000000000
0x00007f05074c2d30:   0000000000000000 0000000000000000
0x00007f05074c2d40:   0000000000000000 0000000000000000
0x00007f05074c2d50:   0000000000000000 0000000000000000
0x00007f05074c2d60:   0000000000000000 0000000000000000
0x00007f05074c2d70:   0000000000000000 0000000000000000
0x00007f05074c2d80:   0000000000000000 0000000000000000 

Instructions: (pc=0x00007f04dda11c5f)
0x00007f04dda11c3f:   00 00 4c 89 ee 48 81 c7 60 6f 02 00 e8 20 22 fe
0x00007f04dda11c4f:   ff e9 29 fe ff ff 48 8b 05 6c c8 1f 02 48 8b 00
0x00007f04dda11c5f:   80 b8 d1 e3 00 00 00 74 4b 48 8d 54 24 50 c7 44
0x00007f04dda11c6f:   24 50 00 00 00 00 b8 01 00 00 00 66 66 90 66 66 

Register to memory mapping:

RAX=0x0000000000000000 is an unknown value
RBX=0x00007f04981a9fe8 is an unknown value
RCX=0x00007f0529254859: syscall+0x19 in /lib/x86_64-linux-gnu/libc.so.6 at 0x00007f0529160000
RDX=0x0000000000000000 is an unknown value
RSP=0x00007f05074c2b90 is pointing into the stack for thread: 0x00007f052043e800
RBP=0x0000000000000000 is an unknown value
RSI=0x000000000000060b is an unknown value
RDI=0x00007f04981a9fe8 is an unknown value
R8 =0x0000000000000000 is an unknown value
R9 =0x00007f05074c4560 is pointing into the stack for thread: 0x00007f052043e800
R10=0x0000000000000001 is an unknown value
R11=0x0000000000000206 is an unknown value
R12=0x00007f04981a9fe8 is an unknown value
R13=0x00007f049858c810 is an unknown value
R14=0x00007f049857b0e0 is an unknown value
R15=0x00007f04984fab70 is an unknown value


Stack: [0x00007f05073c7000,0x00007f05074c8000],  sp=0x00007f05074c2b90,  free space=1006k
Native frames: (J=compiled Java code, j=interpreted, Vv=VM code, C=native code)
C  [fglrx_dri.so+0x441c5f]

[error occurred during error reporting (printing native stack), id 0xb]

Java frames: (J=compiled Java code, j=interpreted, Vv=VM code)
J 256  jogamp.opengl.gl4.GL4bcImpl.dispatch_glBindFramebuffer1(IIJ)V (0 bytes) @ 0x00007f051d0efe18 [0x00007f051d0efde0+0x38]
J 255 C2 jogamp.opengl.gl4.GL4bcImpl.glBindFramebuffer(II)V (95 bytes) @ 0x00007f051d0c1c9c [0x00007f051d0c1c20+0x7c]
j  com.jogamp.opengl.FBObject.unbind(Lcom/jogamp/opengl/GL;)V+19
j  com.jogamp.opengl.awt.GLJPanel$OffscreenBackend.postGL(Ljava/awt/Graphics;Z)V+2194
j  com.jogamp.opengl.awt.GLJPanel$Updater.display(Lcom/jogamp/opengl/GLAutoDrawable;)V+215
j  com.jogamp.opengl.awt.GLJPanel$10.run()V+11
j  jogamp.opengl.GLDrawableHelper.invokeGLImpl(Lcom/jogamp/opengl/GLDrawable;Lcom/jogamp/opengl/GLContext;Ljava/lang/Runnable;Ljava/lang/Runnable;)V+203
j  jogamp.opengl.GLDrawableHelper.invokeGL(Lcom/jogamp/opengl/GLDrawable;Lcom/jogamp/opengl/GLContext;Ljava/lang/Runnable;Ljava/lang/Runnable;)V+72
j  com.jogamp.opengl.awt.GLJPanel$OffscreenBackend.doPaintComponent(Ljava/awt/Graphics;)V+29
j  com.jogamp.opengl.awt.GLJPanel.paintComponent(Ljava/awt/Graphics;)V+224
j  javax.swing.JComponent.paint(Ljava/awt/Graphics;)V+286
j  javax.swing.JComponent.paintToOffscreen(Ljava/awt/Graphics;IIIIII)V+41
j  javax.swing.BufferStrategyPaintManager.paint(Ljavax/swing/JComponent;Ljavax/swing/JComponent;Ljava/awt/Graphics;IIII)Z+157
J 328 C2 javax.swing.JComponent._paintImmediately(IIII)V (891 bytes) @ 0x00007f051d15a4b4 [0x00007f051d159700+0xdb4]
j  javax.swing.JComponent.paintImmediately(IIII)V+138
j  javax.swing.RepaintManager$3.run()Ljava/lang/Void;+75
j  javax.swing.RepaintManager$3.run()Ljava/lang/Object;+1
v  ~StubRoutines::call_stub
J 370  java.security.AccessController.doPrivileged(Ljava/security/PrivilegedAction;Ljava/security/AccessControlContext;)Ljava/lang/Object; (0 bytes) @ 0x00007f051d158b83 [0x00007f051d158b20+0x63]
J 364 C2 javax.swing.RepaintManager.paintDirtyRegions(Ljava/util/Map;)V (196 bytes) @ 0x00007f051d1767c0 [0x00007f051d1760e0+0x6e0]
J 278 C2 com.jogamp.opengl.util.AWTAnimatorImpl$1.run()V (405 bytes) @ 0x00007f051d144e9c [0x00007f051d1443a0+0xafc]
j  java.awt.event.InvocationEvent.dispatch()V+11
j  java.awt.EventQueue.dispatchEventImpl(Ljava/awt/AWTEvent;Ljava/lang/Object;)V+21
j  java.awt.EventQueue.access$300(Ljava/awt/EventQueue;Ljava/awt/AWTEvent;Ljava/lang/Object;)V+3
j  java.awt.EventQueue$3.run()Ljava/lang/Void;+12
j  java.awt.EventQueue$3.run()Ljava/lang/Object;+1
v  ~StubRoutines::call_stub
J 370  java.security.AccessController.doPrivileged(Ljava/security/PrivilegedAction;Ljava/security/AccessControlContext;)Ljava/lang/Object; (0 bytes) @ 0x00007f051d158b83 [0x00007f051d158b20+0x63]
J 344 C2 java.awt.EventDispatchThread.pumpOneEventForFilters(I)V (295 bytes) @ 0x00007f051d1698e4 [0x00007f051d1688c0+0x1024]
j  java.awt.EventDispatchThread.pumpEventsForFilter(ILjava/awt/Conditional;Ljava/awt/EventFilter;)V+35
j  java.awt.EventDispatchThread.pumpEventsForHierarchy(ILjava/awt/Conditional;Ljava/awt/Component;)V+11
j  java.awt.EventDispatchThread.pumpEvents(ILjava/awt/Conditional;)V+4
j  java.awt.EventDispatchThread.pumpEvents(Ljava/awt/Conditional;)V+3
j  java.awt.EventDispatchThread.run()V+9
v  ~StubRoutines::call_stub

---------------  P R O C E S S  ---------------

Java Threads: ( => current thread )
  0x00007f04c0002000 JavaThread "Thread-1" [_thread_in_vm, id=4562, stack(0x00007f04946d0000,0x00007f04947d1000)]
  0x00007f04d4001000 JavaThread "SIGTERM handler" daemon [_thread_in_vm, id=4561, stack(0x00007f05164dd000,0x00007f05165de000)]
  0x00007f0520a11000 JavaThread "main-FPSAWTAnimator#00-Timer0" [_thread_blocked, id=4491, stack(0x00007f04dc107000,0x00007f04dc208000)]
  0x00007f052086b000 JavaThread "main-SharedResourceRunner" daemon [_thread_blocked, id=4481, stack(0x00007f04f5fef000,0x00007f04f60f0000)]
  0x00007f05205f1800 JavaThread "main-SharedResourceRunner" daemon [_thread_blocked, id=4480, stack(0x00007f0506c07000,0x00007f0506d08000)]
=>0x00007f052043e800 JavaThread "AWT-EventQueue-0" [_thread_in_native, id=4479, stack(0x00007f05073c7000,0x00007f05074c8000)]
  0x00007f0520433000 JavaThread "AWT-Shutdown" [_thread_blocked, id=4478, stack(0x00007f0507ce7000,0x00007f0507de8000)]
  0x00007f05203ed800 JavaThread "process reaper" daemon [_thread_blocked, id=4473, stack(0x00007f051405f000,0x00007f0514098000)]
  0x00007f052035b000 JavaThread "Timer-0" [_thread_blocked, id=4469, stack(0x00007f050c2fe000,0x00007f050c3ff000)]
  0x00007f052030e800 JavaThread "AWT-XAWT" daemon [_thread_in_native, id=4468, stack(0x00007f050c3ff000,0x00007f050c500000)]
  0x00007f05202e4000 JavaThread "Java2D Disposer" daemon [_thread_blocked, id=4467, stack(0x00007f050c917000,0x00007f050ca18000)]
  0x00007f05200cc800 JavaThread "Service Thread" daemon [_thread_blocked, id=4464, stack(0x00007f05161da000,0x00007f05162db000)]
  0x00007f05200ca000 JavaThread "C2 CompilerThread1" daemon [_thread_blocked, id=4463, stack(0x00007f05162db000,0x00007f05163dc000)]
  0x00007f05200c7000 JavaThread "C2 CompilerThread0" daemon [_thread_blocked, id=4462, stack(0x00007f05163dc000,0x00007f05164dd000)]
  0x00007f05200c5000 JavaThread "JDWP Event Helper Thread" daemon [_thread_blocked, id=4457, stack(0x00007f05165de000,0x00007f05166df000)]
  0x00007f05200c1000 JavaThread "JDWP Transport Listener: dt_socket" daemon [_thread_in_native, id=4455, stack(0x00007f05166df000,0x00007f05167e0000)]
  0x00007f05200b3000 JavaThread "Signal Dispatcher" daemon [_thread_blocked, id=4453, stack(0x00007f05169ea000,0x00007f0516aeb000)]
  0x00007f0520089000 JavaThread "Finalizer" daemon [_thread_blocked, id=4444, stack(0x00007f0516aeb000,0x00007f0516bec000)]
  0x00007f0520087000 JavaThread "Reference Handler" daemon [_thread_blocked, id=4443, stack(0x00007f0516bec000,0x00007f0516ced000)]
  0x00007f052000e800 JavaThread "main" [_thread_blocked, id=4432, stack(0x00007f0529835000,0x00007f0529936000)]

Other Threads:
  0x00007f0520082800 VMThread [stack: 0x00007f0516ced000,0x00007f0516dee000] [id=4442]
  0x00007f05200d7000 WatcherThread [stack: 0x00007f05160d9000,0x00007f05161da000] [id=4465]

VM state:not at safepoint (normal execution)

VM Mutex/Monitor currently owned by a thread:  ([mutex/lock_event])
[0x00007f052000adc0] Threads_lock - owner thread: 0x00007f04d4001000

Heap
 PSYoungGen      total 528896K, used 11619K [0x00000007ace80000, 0x00000007ed980000, 0x0000000800000000)
  eden space 520192K, 2% used [0x00000007ace80000,0x00000007ad998ec0,0x00000007cca80000)
  from space 8704K, 2% used [0x00000007cca80000,0x00000007ccac0000,0x00000007cd300000)
  to   space 9728K, 0% used [0x00000007ed000000,0x00000007ed000000,0x00000007ed980000)
 ParOldGen       total 169984K, used 6655K [0x0000000706c00000, 0x0000000711200000, 0x00000007ace80000)
  object space 169984K, 3% used [0x0000000706c00000,0x000000070727ff20,0x0000000711200000)
 PSPermGen       total 21504K, used 17167K [0x00000006fc600000, 0x00000006fdb00000, 0x0000000706c00000)
  object space 21504K, 79% used [0x00000006fc600000,0x00000006fd6c3ef0,0x00000006fdb00000)

Card table byte_map: [0x00007f052538a000,0x00007f0525ba8000] byte_map_base: 0x00007f0521ba7000

Polling page: 0x00007f0529958000

Code Cache  [0x00007f051d000000, 0x00007f051d270000, 0x00007f0520000000)
 total_blobs=1212 nmethods=369 adapters=805 free_code_cache=47653Kb largest_free_block=48760384

Compilation events (10 events):
Event: 54,544 Thread 0x00007f05200ca000 nmethod 388 0x00007f051d17b190 code [0x00007f051d17b2e0, 0x00007f051d17b378]
Event: 54,544 Thread 0x00007f05200ca000  389  s          sun.java2d.loops.RenderCache::get (100 bytes)
Event: 54,544 Thread 0x00007f05200c7000 nmethod 386 0x00007f051d178a50 code [0x00007f051d178bc0, 0x00007f051d178df8]
Event: 54,545 Thread 0x00007f05200c7000  390             sun.java2d.loops.RenderCache$Entry::matches (30 bytes)
Event: 54,547 Thread 0x00007f05200c7000 nmethod 390 0x00007f051d1719d0 code [0x00007f051d171b20, 0x00007f051d171bf8]
Event: 54,550 Thread 0x00007f05200ca000 nmethod 389 0x00007f051d17d710 code [0x00007f051d17d880, 0x00007f051d17dc58]
Event: 54,939 Thread 0x00007f05200c7000  391             java.awt.Component::getForeground (29 bytes)
Event: 54,940 Thread 0x00007f05200c7000 nmethod 391 0x00007f051d17e010 code [0x00007f051d17e140, 0x00007f051d17e1b8]
Event: 55,963 Thread 0x00007f05200ca000  392             java.lang.ThreadLocal::set (30 bytes)
Event: 55,970 Thread 0x00007f05200ca000 nmethod 392 0x00007f051d17b550 code [0x00007f051d17b6c0, 0x00007f051d17b9b8]

GC Heap History (10 events):
Event: 2,790 GC heap before
{Heap before GC invocations=3 (full 0):
 PSYoungGen      total 140288K, used 136200K [0x00000007ace80000, 0x00000007b6180000, 0x0000000800000000)
  eden space 130048K, 100% used [0x00000007ace80000,0x00000007b4d80000,0x00000007b4d80000)
  from space 10240K, 60% used [0x00000007b5780000,0x00000007b5d821c0,0x00000007b6180000)
  to   space 10240K, 0% used [0x00000007b4d80000,0x00000007b4d80000,0x00000007b5780000)
 ParOldGen       total 169984K, used 24K [0x0000000706c00000, 0x0000000711200000, 0x00000007ace80000)
  object space 169984K, 0% used [0x0000000706c00000,0x0000000706c06318,0x0000000711200000)
 PSPermGen       total 21504K, used 16872K [0x00000006fc600000, 0x00000006fdb00000, 0x0000000706c00000)
  object space 21504K, 78% used [0x00000006fc600000,0x00000006fd67a148,0x00000006fdb00000)
Event: 2,802 GC heap after
Heap after GC invocations=3 (full 0):
 PSYoungGen      total 140288K, used 6195K [0x00000007ace80000, 0x00000007be080000, 0x0000000800000000)
  eden space 130048K, 0% used [0x00000007ace80000,0x00000007ace80000,0x00000007b4d80000)
  from space 10240K, 60% used [0x00000007b4d80000,0x00000007b538cf20,0x00000007b5780000)
  to   space 10240K, 0% used [0x00000007bd680000,0x00000007bd680000,0x00000007be080000)
 ParOldGen       total 169984K, used 24K [0x0000000706c00000, 0x0000000711200000, 0x00000007ace80000)
  object space 169984K, 0% used [0x0000000706c00000,0x0000000706c06318,0x0000000711200000)
 PSPermGen       total 21504K, used 16872K [0x00000006fc600000, 0x00000006fdb00000, 0x0000000706c00000)
  object space 21504K, 78% used [0x00000006fc600000,0x00000006fd67a148,0x00000006fdb00000)
}
Event: 2,864 GC heap before
{Heap before GC invocations=4 (full 0):
 PSYoungGen      total 140288K, used 136243K [0x00000007ace80000, 0x00000007be080000, 0x0000000800000000)
  eden space 130048K, 100% used [0x00000007ace80000,0x00000007b4d80000,0x00000007b4d80000)
  from space 10240K, 60% used [0x00000007b4d80000,0x00000007b538cf20,0x00000007b5780000)
  to   space 10240K, 0% used [0x00000007bd680000,0x00000007bd680000,0x00000007be080000)
 ParOldGen       total 169984K, used 298K [0x0000000706c00000, 0x0000000711200000, 0x00000007ace80000)
  object space 169984K, 0% used [0x0000000706c00000,0x0000000706c4a8d8,0x0000000711200000)
 PSPermGen       total 21504K, used 16874K [0x00000006fc600000, 0x00000006fdb00000, 0x0000000706c00000)
  object space 21504K, 78% used [0x00000006fc600000,0x00000006fd67aac0,0x00000006fdb00000)
Event: 2,877 GC heap after
Heap after GC invocations=4 (full 0):
 PSYoungGen      total 270336K, used 6213K [0x00000007ace80000, 0x00000007be080000, 0x0000000800000000)
  eden space 260096K, 0% used [0x00000007ace80000,0x00000007ace80000,0x00000007bcc80000)
  from space 10240K, 60% used [0x00000007bd680000,0x00000007bdc91740,0x00000007be080000)
  to   space 10240K, 0% used [0x00000007bcc80000,0x00000007bcc80000,0x00000007bd680000)
 ParOldGen       total 169984K, used 298K [0x0000000706c00000, 0x0000000711200000, 0x00000007ace80000)
  object space 169984K, 0% used [0x0000000706c00000,0x0000000706c4a8d8,0x0000000711200000)
 PSPermGen       total 21504K, used 16874K [0x00000006fc600000, 0x00000006fdb00000, 0x0000000706c00000)
  object space 21504K, 78% used [0x00000006fc600000,0x00000006fd67aac0,0x00000006fdb00000)
}
Event: 3,027 GC heap before
{Heap before GC invocations=5 (full 0):
 PSYoungGen      total 270336K, used 266309K [0x00000007ace80000, 0x00000007be080000, 0x0000000800000000)
  eden space 260096K, 100% used [0x00000007ace80000,0x00000007bcc80000,0x00000007bcc80000)
  from space 10240K, 60% used [0x00000007bd680000,0x00000007bdc91740,0x00000007be080000)
  to   space 10240K, 0% used [0x00000007bcc80000,0x00000007bcc80000,0x00000007bd680000)
 ParOldGen       total 169984K, used 570K [0x0000000706c00000, 0x0000000711200000, 0x00000007ace80000)
  object space 169984K, 0% used [0x0000000706c00000,0x0000000706c8eb88,0x0000000711200000)
 PSPermGen       total 21504K, used 16874K [0x00000006fc600000, 0x00000006fdb00000, 0x0000000706c00000)
  object space 21504K, 78% used [0x00000006fc600000,0x00000006fd67aac0,0x00000006fdb00000)
Event: 3,037 GC heap after
Heap after GC invocations=5 (full 0):
 PSYoungGen      total 270336K, used 6218K [0x00000007ace80000, 0x00000007cdc80000, 0x0000000800000000)
  eden space 260096K, 0% used [0x00000007ace80000,0x00000007ace80000,0x00000007bcc80000)
  from space 10240K, 60% used [0x00000007bcc80000,0x00000007bd292b00,0x00000007bd680000)
  to   space 9216K, 0% used [0x00000007cd380000,0x00000007cd380000,0x00000007cdc80000)
 ParOldGen       total 169984K, used 570K [0x0000000706c00000, 0x0000000711200000, 0x00000007ace80000)
  object space 169984K, 0% used [0x0000000706c00000,0x0000000706c8eb88,0x0000000711200000)
 PSPermGen       total 21504K, used 16874K [0x00000006fc600000, 0x00000006fdb00000, 0x0000000706c00000)
  object space 21504K, 78% used [0x00000006fc600000,0x00000006fd67aac0,0x00000006fdb00000)
}
Event: 3,147 GC heap before
{Heap before GC invocations=6 (full 0):
 PSYoungGen      total 270336K, used 266314K [0x00000007ace80000, 0x00000007cdc80000, 0x0000000800000000)
  eden space 260096K, 100% used [0x00000007ace80000,0x00000007bcc80000,0x00000007bcc80000)
  from space 10240K, 60% used [0x00000007bcc80000,0x00000007bd292b00,0x00000007bd680000)
  to   space 9216K, 0% used [0x00000007cd380000,0x00000007cd380000,0x00000007cdc80000)
 ParOldGen       total 169984K, used 572K [0x0000000706c00000, 0x0000000711200000, 0x00000007ace80000)
  object space 169984K, 0% used [0x0000000706c00000,0x0000000706c8f110,0x0000000711200000)
 PSPermGen       total 21504K, used 16874K [0x00000006fc600000, 0x00000006fdb00000, 0x0000000706c00000)
  object space 21504K, 78% used [0x00000006fc600000,0x00000006fd67ab78,0x00000006fdb00000)
Event: 3,163 GC heap after
Heap after GC invocations=6 (full 0):
 PSYoungGen      total 528384K, used 6200K [0x00000007ace80000, 0x00000007cdb80000, 0x0000000800000000)
  eden space 520192K, 0% used [0x00000007ace80000,0x00000007ace80000,0x00000007cca80000)
  from space 8192K, 75% used [0x00000007cd380000,0x00000007cd98e1d0,0x00000007cdb80000)
  to   space 8704K, 0% used [0x00000007cca80000,0x00000007cca80000,0x00000007cd300000)
 ParOldGen       total 169984K, used 580K [0x0000000706c00000, 0x0000000711200000, 0x00000007ace80000)
  object space 169984K, 0% used [0x0000000706c00000,0x0000000706c91110,0x0000000711200000)
 PSPermGen       total 21504K, used 16874K [0x00000006fc600000, 0x00000006fdb00000, 0x0000000706c00000)
  object space 21504K, 78% used [0x00000006fc600000,0x00000006fd67ab78,0x00000006fdb00000)
}
Event: 56,683 