#
# A fatal error has been detected by the Java Runtime Environment:
#
#  SIGSEGV (0xb) at pc=0x00007fb44b093774, pid=31979, tid=140412040271616
#
# JRE version: OpenJDK Runtime Environment (7.0_85-b01) (build 1.7.0_85-b01)
# Java VM: OpenJDK 64-Bit Server VM (24.85-b03 mixed mode linux-amd64 compressed oops)
# Derivative: IcedTea 2.6.1
# Distribution: Ubuntu 14.04 LTS, package 7u85-2.6.1-5ubuntu0.14.04.1
# Problematic frame:
# V  [libjvm.so+0x54b774]  STWGCTimer::register_gc_start(Ticks const&)+0x14
#
# Failed to write core dump. Core dumps have been disabled. To enable core dumping, try "ulimit -c unlimited" before starting Java again
#
# If you would like to submit a bug report, please include
# instructions on how to reproduce the bug and visit:
#   http://icedtea.classpath.org/bugzilla
#

---------------  T H R E A D  ---------------

Current thread (0x00007fb444082800):  VMThread [stack: 0x00007fb439b85000,0x00007fb439c86000] [id=31995]

siginfo:si_signo=SIGSEGV: si_errno=0, si_code=1 (SEGV_MAPERR), si_addr=0x0000000000000000

Registers:
RAX=0x0000000000000000, RBX=0x00007fb44b93b400, RCX=0x0000000056531e55, RDX=0x00000000000458ef
RSP=0x00007fb439c846c0, RBP=0x00007fb439c846e0, RSI=0x00007fb439c84970, RDI=0x00007fb44b93b400
R8 =0x0000000000000000, R9 =0x0000000000000001, R10=0x0000000000000001, R11=0x0000000000000000
R12=0x00007fb44b94fb20, R13=0x00007fb4440212f0, R14=0x0000000000000002, R15=0x000000000000000a
RIP=0x00007fb44b093774, EFLAGS=0x0000000000010206, CSGSFS=0x0000000000000033, ERR=0x0000000000000006
  TRAPNO=0x000000000000000e

Top of Stack: (sp=0x00007fb439c846c0)
0x00007fb439c846c0:   0000000056531e55 00007fb44401cb30
0x00007fb439c846d0:   00007fb44b94fb20 00007fb4440212f0
0x00007fb439c846e0:   00007fb439c84a70 00007fb44b3825dc
0x00007fb439c846f0:   00000000a6280000 0000000052f00000
0x00007fb439c84700:   0000000000000000 00007fb40000000a
0x00007fb439c84710:   00007fb44401f680 00007fb44b093bd2
0x00007fb439c84720:   0000000032298000 000000003320e578
0x00007fb439c84730:   0000000052f00000 00007fb44401f680
0x00007fb439c84740:   00000000000003d8 0000000032200000
0x00007fb439c84750:   00007fb439c84870 00007fb439c84850
0x00007fb439c84760:   00007fb439c84930 00007fb439c84900
0x00007fb439c84770:   00007fb444033df8 00007fb444033a20
0x00007fb439c84780:   00007fb44b9399f0 00007fb44b9154d0
0x00007fb439c84790:   0000000000000000 00007fb44b931505
0x00007fb439c847a0:   00007fb444081f00 00007fb444033a10
0x00007fb439c847b0:   00007fb4440218d0 00000000001fe8af
0x00007fb439c847c0:   00007fb44b93aab0 00007fb44401f930
0x00007fb439c847d0:   00007fb4440212f0 0000000a4b9154d0
0x00007fb439c847e0:   00007fb439c84970 00007fb44401f9c0
0x00007fb439c847f0:   0000000000000000 0000000000000000
0x00007fb439c84800:   0000000000000000 0000000000000000
0x00007fb439c84810:   0000000003a9ef36 00007fb44401f930
0x00007fb439c84820:   0000000003a9f77c 000000050000006e
0x00007fb439c84830:   0000000003a9ff2b 00007fb44401f9c0
0x00007fb439c84840:   0000000000000000 0000000000000005
0x00007fb439c84850:   0101010101010100 000000000000000a
0x00007fb439c84860:   00007fb44b8ff0f0 00007fb444080c20
0x00007fb439c84870:   00007fb439c849b0 00007fb44c770100
0x00007fb439c84880:   0000000000000000 0000000000000000
0x00007fb439c84890:   00007fb400002fe1 0000000000000000
0x00007fb439c848a0:   00007fb44b93b400 0000000003a9f77c
0x00007fb439c848b0:   00007fb44b500182 0000000000000000 

Instructions: (pc=0x00007fb44b093774)
0x00007fb44b093754:   68 01 00 00 41 8b 34 24 eb 9f 66 90 55 48 89 e5
0x00007fb44b093764:   41 55 41 54 53 48 89 fb 48 83 ec 08 48 8b 47 18
0x00007fb44b093774:   c7 00 00 00 00 00 c7 47 34 00 00 00 00 48 c7 47
0x00007fb44b093784:   38 00 00 00 00 48 c7 47 40 00 00 00 00 4c 8b 67 

Register to memory mapping:

RAX=