#
# A fatal error has been detected by the Java Runtime Environment:
#
#  SIGSEGV (0xb) at pc=0x0000000000000000, pid=729, tid=139976765798144
#
# JRE version: OpenJDK Runtime Environment (7.0_85-b01) (build 1.7.0_85-b01)
# Java VM: OpenJDK 64-Bit Server VM (24.85-b03 mixed mode linux-amd64 compressed oops)
# Derivative: IcedTea 2.6.1
# Distribution: Ubuntu 14.04 LTS, package 7u85-2.6.1-5ubuntu0.14.04.1
# Problematic frame:
# C  0x0000000000000000
#
# Failed to write core dump. Core dumps have been disabled. To enable core dumping, try "ulimit -c unlimited" before starting Java again
#
# If you would like to submit a bug report, please include
# instructions on how to reproduce the bug and visit:
#   http://icedtea.classpath.org/bugzilla
# The crash happened outside the Java Virtual Machine in native code.
# See problematic frame for where to report the bug.
#

---------------  T H R E A D  ---------------

Current thread (0x00007f4f04409000):  JavaThread "AWT-EventQueue-0" [_thread_in_native, id=776, stack(0x00007f4ee156f000,0x00007f4ee1670000)]

siginfo:si_signo=SIGSEGV: si_errno=0, si_code=1 (SEGV_MAPERR), si_addr=0x0000000000000000

Registers:
RAX=0x00007f4ee166c5c0, RBX=0x0000000000000000, RCX=0x0000000000000000, RDX=0x0000000000000000
RSP=0x00007f4ee166c5b8, RBP=0x0000000000000000, RSI=0x0000000000000000, RDI=0x00007f4e80184460
R8 =0x0000000000000000, R9 =0x0000000000000000, R10=0x0000000000000000, R11=0x0000000000000000
R12=0x0000000000000000, R13=0x00007f4e80184460, R14=0x0000000000000000, R15=0x0000000004a00002
RIP=0x0000000000000000, EFLAGS=0x0000000000010206, CSGSFS=0x0000000000000033, ERR=0x0000000000000014
  TRAPNO=0x000000000000000e

Top of Stack: (sp=0x00007f4ee166c5b8)
0x00007f4ee166c5b8:   00007f4ec362dbe6 0000000000000000
0x00007f4ee166c5c8:   0000000000000000 0000000000000000
0x00007f4ee166c5d8:   0000000000000000 0000000000000000
0x00007f4ee166c5e8:   0000000000000000 0000000000000000
0x00007f4ee166c5f8:   0000000000000000 0000000000000000
0x00007f4ee166c608:   0000000000000000 0000000000000000
0x00007f4ee166c618:   0000000000000000 0000000000000000
0x00007f4ee166c628:   0000000000000000 0000000000000000
0x00007f4ee166c638:   0000000000000000 0000000000000000
0x00007f4ee166c648:   0000000000000000 0000000000000000
0x00007f4ee166c658:   0000000000000000 0000000000000000
0x00007f4ee166c668:   0000000000000000 0000000000000000
0x00007f4ee166c678:   0000000000000000 0000000000000000
0x00007f4ee166c688:   0000000000000000 0000000000000000
0x00007f4ee166c698:   0000000000000000 0000000000000000
0x00007f4ee166c6a8:   0000000000000000 0000000000000000
0x00007f4ee166c6b8:   0000000000000000 0000000000000000
0x00007f4ee166c6c8:   0000000004a00002 00007f4e80184460
0x00007f4ee166c6d8:   00007f4ee132b0c0 00007f4e7c005b70
0x00007f4ee166c6e8:   000000000000009d 00007f4e80184460
0x00007f4ee166c6f8:   000000000000009d 0000000004a00002
0x00007f4ee166c708:   00007f4ee11b19a5 0000000000000000
0x00007f4ee166c718:   000001c5fd6b7a80 0000000000000000
0x00007f4ee166c728:   0000000004a00002 00007f4e00000000
0x00007f4ee166c738:   00000000fd6b7868 0000000000000001
0x00007f4ee166c748:   0000000000000000 0000000000000000
0x00007f4ee166c758:   000001c50000027e 0000000706d2fca8
0x00007f4ee166c768:   0000000400000000 00000000000009f8
0x00007f4ee166c778:   00007f4e7c005b70 00007f4ee132b380
0x00007f4ee166c788:   0000000004a00002 0000000004a00002
0x00007f4ee166c798:   00007f4e80184460 00007f4f04409000
0x00007f4ee166c7a8:   00007f4ee11b1e68 00000006fd34f0e8 

Instructions: (pc=0x0000000000000000)
0xffffffffffffffe0:   

Register to memory mapping:

RAX=0x00007f4ee166c5c0 is pointing into the stack for thread: 0x00007f4f04409000
RBX=0x0000000000000000 is an unknown value
RCX=0x0000000000000000 is an unknown value
RDX=0x0000000000000000 is an unknown value
RSP=0x00007f4ee166c5b8 is pointing into the stack for thread: 0x00007f4f04409000
RBP=0x0000000000000000 is an unknown value
RSI=0x0000000000000000 is an unknown value
RDI=0x00007f4e80184460 is an unknown value
R8 =0x0000000000000000 is an unknown value
R9 =0x0000000000000000 is an unknown value
R10=0x0000000000000000 is an unknown value
R11=0x0000000000000000 is an unknown value
R12=0x0000000000000000 is an unknown value
R13=0x00007f4e80184460 is an unknown value
R14=0x0000000000000000 is an unknown value
R15=0x0000000004a00002 is an unknown value


Stack: [0x00007f4ee156f000,0x00007f4ee1670000],  sp=0x00007f4ee166c5b8,  free space=1013k
Java frames: (J=compiled Java code, j=interpreted, Vv=VM code)
J 427  jogamp.opengl.x11.glx.GLX.dispatch_glXMakeContextCurrent0(JJJJJ)Z (0 bytes) @ 0x00007f4f00d6196e [0x00007f4f00d61920+0x4e]
J 426 C2 jogamp.opengl.x11.glx.GLX.glXMakeContextCurrent(JJJJ)Z (49 bytes) @ 0x00007f4f00d61ce8 [0x00007f4f00d61ca0+0x48]
j  jogamp.opengl.x11.glx.X11GLXContext.glXMakeContextCurrent(JJJJ)Z+16
j  jogamp.opengl.x11.glx.X11GLXContext.makeCurrentImpl()V+33
j  jogamp.opengl.GLContextImpl.makeCurrentWithinLock(I)I+790
j  jogamp.opengl.GLContextImpl.makeCurrent(Z)I+488
j  jogamp.opengl.GLContextImpl.makeCurrent()I+2
j  jogamp.opengl.GLDrawableHelper.invokeGLImpl(Lcom/jogamp/opengl/GLDrawable;Lcom/jogamp/opengl/GLContext;Ljava/lang/Runnable;Ljava/lang/Runnable;)V+118
j  jogamp.opengl.GLDrawableHelper.invokeGL(Lcom/jogamp/opengl/GLDrawable;Lcom/jogamp/opengl/GLContext;Ljava/lang/Runnable;Ljava/lang/Runnable;)V+72
j  com.jogamp.opengl.awt.GLJPanel$OffscreenBackend.doPaintComponent(Ljava/awt/Graphics;)V+29
j  com.jogamp.opengl.awt.GLJPanel.paintComponent(Ljava/awt/Graphics;)V+224
j  javax.swing.JComponent.paint(Ljava/awt/Graphics;)V+286
j  javax.swing.JComponent.paintToOffscreen(Ljava/awt/Graphics;IIIIII)V+41
j  javax.swing.BufferStrategyPaintManager.paint(Ljavax/swing/JComponent;Ljavax/swing/JComponent;Ljava/awt/Graphics;IIII)Z+157
J 327 C2 javax.swing.JComponent._paintImmediately(IIII)V (891 bytes) @ 0x00007f4f00d3ba74 [0x00007f4f00d3acc0+0xdb4]
j  javax.swing.JComponent.paintImmediately(IIII)V+138
j  javax.swing.RepaintManager$3.run()Ljava/lang/Void;+75
j  javax.swing.RepaintManager$3.run()Ljava/lang/Object;+1
v  ~StubRoutines::call_stub
J 363  java.security.AccessController.doPrivileged(Ljava/security/PrivilegedAction;Ljava/security/AccessControlContext;)Ljava/lang/Object; (0 bytes) @ 0x00007f4f00d35b83 [0x00007f4f00d35b20+0x63]
J 365 C2 javax.swing.RepaintManager.paintDirtyRegions(Ljava/util/Map;)V (196 bytes) @ 0x00007f4f00d39080 [0x00007f4f00d389a0+0x6e0]
J 268 C2 com.jogamp.opengl.util.AWTAnimatorImpl$1.run()V (405 bytes) @ 0x00007f4f00ca4a54 [0x00007f4f00ca3f80+0xad4]
J 423 C2 java.awt.EventQueue.access$300(Ljava/awt/EventQueue;Ljava/awt/AWTEvent;Ljava/lang/Object;)V (7 bytes) @ 0x00007f4f00d6411c [0x00007f4f00d64080+0x9c]
J 470 C2 java.awt.EventQueue$3.run()Ljava/lang/Object; (5 bytes) @ 0x00007f4f00d88438 [0x00007f4f00d883e0+0x58]
v  ~StubRoutines::call_stub
J 363  java.security.AccessController.doPrivileged(Ljava/security/PrivilegedAction;Ljava/security/AccessControlContext;)Ljava/lang/Object; (0 bytes) @ 0x00007f4f00d35b83 [0x00007f4f00d35b20+0x63]
J 332 C2 java.awt.EventDispatchThread.pumpOneEventForFilters(I)V (295 bytes) @ 0x00007f4f00d43f68 [0x00007f4f00d42e80+0x10e8]
j  java.awt.EventDispatchThread.pumpEventsForFilter(ILjava/awt/Conditional;Ljava/awt/EventFilter;)V+35
j  java.awt.EventDispatchThread.pumpEventsForHierarchy(ILjava/awt/Conditional;Ljava/awt/Component;)V+11
j  java.awt.EventDispatchThread.pumpEvents(ILjava/awt/Conditional;)V+4
j  java.awt.EventDispatchThread.pumpEvents(Ljava/awt/Conditional;)V+3
j  java.awt.EventDispatchThread.run()V+9
v  ~StubRoutines::call_stub

---------------  P R O C E S S  ---------------

Java Threads: ( => current thread )
  0x00007f4ea4004000 JavaThread "NativeWindowFactory_ShutdownHook" [_thread_blocked, id=994, stack(0x00007f4e725f9000,0x00007f4e726fa000)]
  0x00007f4ea4002800 JavaThread "Thread-1" [_thread_blocked, id=993, stack(0x00007f4e726fa000,0x00007f4e727fb000)]
  0x00007f4ea4001000 JavaThread "XToolkt-Shutdown-Thread" [_thread_in_vm, id=992, stack(0x00007f4e78062000,0x00007f4e78163000)]
  0x00007f4eb8001000 JavaThread "SIGTERM handler" daemon [_thread_blocked, id=991, stack(0x00007f4efc615000,0x00007f4efc716000)]
  0x00007f4f0400e800 JavaThread "DestroyJavaVM" [_thread_blocked, id=731, stack(0x00007f4f0b90a000,0x00007f4f0ba0b000)]
  0x00007f4f04a63000 JavaThread "main-FPSAWTAnimator#00-Timer0" [_thread_blocked, id=788, stack(0x00007f4e7836e000,0x00007f4e7846f000)]
  0x00007f4f048bd800 JavaThread "main-SharedResourceRunner" daemon [_thread_blocked, id=778, stack(0x00007f4ed81ef000,0x00007f4ed82f0000)]
  0x00007f4f04644000 JavaThread "main-SharedResourceRunner" daemon [_thread_in_native, id=777, stack(0x00007f4ee0daf000,0x00007f4ee0eb0000)]
=>0x00007f4f04409000 JavaThread "AWT-EventQueue-0" [_thread_in_native, id=776, stack(0x00007f4ee156f000,0x00007f4ee1670000)]
  0x00007f4f043fd800 JavaThread "AWT-Shutdown" [_thread_blocked, id=775, stack(0x00007f4ee1e8f000,0x00007f4ee1f90000)]
  0x00007f4f04355000 JavaThread "Timer-0" [_thread_blocked, id=766, stack(0x00007f4ee242e000,0x00007f4ee252f000)]
  0x00007f4f04318800 JavaThread "AWT-XAWT" daemon [_thread_in_native, id=765, stack(0x00007f4ee252f000,0x00007f4ee2630000)]
  0x00007f4f042ee000 JavaThread "Java2D Disposer" daemon [_thread_blocked, id=764, stack(0x00007f4efc005000,0x00007f4efc106000)]
  0x00007f4f040ce800 JavaThread "Service Thread" daemon [_thread_blocked, id=759, stack(0x00007f4efc312000,0x00007f4efc413000)]
  0x00007f4f040cc000 JavaThread "C2 CompilerThread1" daemon [_thread_blocked, id=757, stack(0x00007f4efc413000,0x00007f4efc514000)]
  0x00007f4f040c9000 JavaThread "C2 CompilerThread0" daemon [_thread_blocked, id=756, stack(0x00007f4efc514000,0x00007f4efc615000)]
  0x00007f4f040c7000 JavaThread "JDWP Event Helper Thread" daemon [_thread_blocked, id=751, stack(0x00007f4efc716000,0x00007f4efc817000)]
  0x00007f4f040c3000 JavaThread "JDWP Transport Listener: dt_socket" daemon [_thread_in_native, id=750, stack(0x00007f4efc817000,0x00007f4efc918000)]
  0x00007f4f040b5000 JavaThread "Signal Dispatcher" daemon [_thread_blocked, id=748, stack(0x00007f4efcb20000,0x00007f4efcc21000)]
  0x00007f4f04089000 JavaThread "Finalizer" daemon [_thread_blocked, id=746, stack(0x00007f4efcc21000,0x00007f4efcd22000)]
  0x00007f4f04087000 JavaThread "Reference Handler" daemon [_thread_blocked, id=745, stack(0x00007f4efcd22000,0x00007f4efce23000)]

Other Threads:
  0x00007f4f04082800 VMThread [stack: 0x00007f4efce23000,0x00007f4efcf24000] [id=744]
  0x00007f4f040d9000 WatcherThread [stack: 0x00007f4efc211000,0x00007f4efc312000] [id=760]

VM state:not at safepoint (normal execution)

VM Mutex/Monitor currently owned by a thread: None

Heap
 PSYoungGen     